

Microchip Technology PIC18 Macro Assembler V2.00 build -1524193055 
                                                                                                           Mon Oct 29 18:54:09 2018


     1                           	processor	18F4520
     2                           	opt	pw 132
     3                           	psect	mytext,local,reloc=2,class=CODE,delta=1
     4  0000                     stk_offset	set	0
     5  0000                     auto_size	set	0
     6                           
     7                           ; stack_auto defines a symbol /name/_offset which equates to the
     8                           ; stack offset of the auto object in question
     9  0000                     
    10                           ; stack_param defines a symbol /name/_offset which equates to the
    11                           ; stack offset of the parameter object in question
    12  0000                     
    13                           ; alloc_stack adjusts the SP to allocate space for auto objects
    14                           ; it also links in to the btemp symbol so that can be used
    15  0000                     
    16                           ; restore_stack adjusts the SP to remove all auto and parameter
    17                           ; objects from the stack prior to returning from a function
    18  0000                     
    19                           	psect	mytext
    20  007FC0                     _add:
    21                           	opt stack 0
    22  007FC0  6A89               	clrf	3977,c
    23  007FC2  6A8A               	clrf	3978,c
    24  007FC4  6A8B               	clrf	3979,c
    25  007FC6  6A8C               	clrf	3980,c
    26  007FC8  C001 FF8C          	movff	1,3980
    27  007FCC  C003 FF8B          	movff	3,3979
    28  007FD0  6AE8               	clrf	wreg,c
    29  007FD2                     open:
    30  007FD2  AE8B               	btfss	3979,7,c
    31  007FD4  D004               	goto	rotate
    32  007FD6  508C               	movf	3980,w,c
    33  007FD8  268A               	addwf	3978,f,c
    34  007FDA  6AE8               	clrf	wreg,c
    35  007FDC  2289               	addwfc	3977,f,c
    36  007FDE                     rotate:
    37  007FDE  90D8               	bcf	status,0,c
    38  007FE0  368B               	rlcf	3979,f,c
    39  007FE2  668B               	tstfsz	3979,c
    40  007FE4  D001               	goto	twolater
    41  007FE6  D005               	goto	afterro
    42  007FE8                     twolater:
    43  007FE8  90D8               	bcf	status,0,c
    44  007FEA  3689               	rlcf	3977,f,c
    45  007FEC  368A               	rlcf	3978,f,c
    46  007FEE  6AE8               	clrf	wreg,c
    47  007FF0  2289               	addwfc	3977,f,c
    48  007FF2                     afterro:
    49  007FF2  668B               	tstfsz	3979,c
    50  007FF4  D7EE               	goto	open
    51  007FF6  CF8A F001          	movff	3978,1
    52  007FFA  CF89 F002          	movff	3977,2
    53  007FFE  0012               	return	
    54                           wreg	equ	0xFE8
    55                           status	equ	0xFD8


Microchip Technology PIC18 Macro Assembler V2.00 build -1524193055 
Symbol Table                                                                                               Mon Oct 29 18:54:09 2018

                        LATA 000F89                          LATB 000F8A                          LATC 000F8B  
                        LATD 000F8C                          WREG 000FE8                          _add 7FC0  
                        open 7FD2                        STATUS 000FD8                        rotate 7FDE  
                     afterro 7FF2                      twolater 7FE8  
