Warning[205] C:\USERS\USER\MPLABXPROJECTS\MIDTERM.X\STU_VER.ASM 1 : Found directive in column 1. (LIST)
Warning[205] C:\USERS\USER\MPLABXPROJECTS\MIDTERM.X\STU_VER.ASM 81 : Found directive in column 1. (ORG)
Warning[203] C:\USERS\USER\MPLABXPROJECTS\MIDTERM.X\STU_VER.ASM 82 : Found opcode in column 1. (bra)
Warning[205] C:\USERS\USER\MPLABXPROJECTS\MIDTERM.X\STU_VER.ASM 83 : Found directive in column 1. (ORG)
Warning[203] C:\USERS\USER\MPLABXPROJECTS\MIDTERM.X\STU_VER.ASM 84 : Found opcode in column 1. (bra)
Warning[207] C:\USERS\USER\MPLABXPROJECTS\MIDTERM.X\STU_VER.ASM 99 : Found label after column 1. (L1)
Warning[207] C:\USERS\USER\MPLABXPROJECTS\MIDTERM.X\STU_VER.ASM 100 : Found label after column 1. (L2)
Warning[205] C:\USERS\USER\MPLABXPROJECTS\MIDTERM.X\STU_VER.ASM 119 : Found directive in column 1. (endm)
Warning[207] C:\USERS\USER\MPLABXPROJECTS\MIDTERM.X\STU_VER.ASM 107 : Found label after column 1. (LOOP2)
Warning[207] C:\USERS\USER\MPLABXPROJECTS\MIDTERM.X\STU_VER.ASM 110 : Found label after column 1. (LOOP1)
Warning[207] C:\USERS\USER\MPLABXPROJECTS\MIDTERM.X\STU_VER.ASM 107 : Found label after column 1. (LOOP2)
Warning[207] C:\USERS\USER\MPLABXPROJECTS\MIDTERM.X\STU_VER.ASM 110 : Found label after column 1. (LOOP1)
Warning[207] C:\USERS\USER\MPLABXPROJECTS\MIDTERM.X\STU_VER.ASM 107 : Found label after column 1. (LOOP2)
Warning[207] C:\USERS\USER\MPLABXPROJECTS\MIDTERM.X\STU_VER.ASM 110 : Found label after column 1. (LOOP1)
Warning[207] C:\USERS\USER\MPLABXPROJECTS\MIDTERM.X\STU_VER.ASM 107 : Found label after column 1. (LOOP2)
Warning[207] C:\USERS\USER\MPLABXPROJECTS\MIDTERM.X\STU_VER.ASM 110 : Found label after column 1. (LOOP1)
Warning[207] C:\USERS\USER\MPLABXPROJECTS\MIDTERM.X\STU_VER.ASM 107 : Found label after column 1. (LOOP2)
Warning[207] C:\USERS\USER\MPLABXPROJECTS\MIDTERM.X\STU_VER.ASM 110 : Found label after column 1. (LOOP1)
Warning[207] C:\USERS\USER\MPLABXPROJECTS\MIDTERM.X\STU_VER.ASM 107 : Found label after column 1. (LOOP2)
Warning[207] C:\USERS\USER\MPLABXPROJECTS\MIDTERM.X\STU_VER.ASM 110 : Found label after column 1. (LOOP1)
Warning[207] C:\USERS\USER\MPLABXPROJECTS\MIDTERM.X\STU_VER.ASM 107 : Found label after column 1. (LOOP2)
Warning[207] C:\USERS\USER\MPLABXPROJECTS\MIDTERM.X\STU_VER.ASM 110 : Found label after column 1. (LOOP1)
Warning[207] C:\USERS\USER\MPLABXPROJECTS\MIDTERM.X\STU_VER.ASM 107 : Found label after column 1. (LOOP2)
Warning[207] C:\USERS\USER\MPLABXPROJECTS\MIDTERM.X\STU_VER.ASM 110 : Found label after column 1. (LOOP1)
Warning[207] C:\USERS\USER\MPLABXPROJECTS\MIDTERM.X\STU_VER.ASM 107 : Found label after column 1. (LOOP2)
Warning[207] C:\USERS\USER\MPLABXPROJECTS\MIDTERM.X\STU_VER.ASM 110 : Found label after column 1. (LOOP1)
Warning[207] C:\USERS\USER\MPLABXPROJECTS\MIDTERM.X\STU_VER.ASM 107 : Found label after column 1. (LOOP2)
Warning[207] C:\USERS\USER\MPLABXPROJECTS\MIDTERM.X\STU_VER.ASM 110 : Found label after column 1. (LOOP1)
Warning[207] C:\USERS\USER\MPLABXPROJECTS\MIDTERM.X\STU_VER.ASM 107 : Found label after column 1. (LOOP2)
Warning[207] C:\USERS\USER\MPLABXPROJECTS\MIDTERM.X\STU_VER.ASM 110 : Found label after column 1. (LOOP1)
Warning[207] C:\USERS\USER\MPLABXPROJECTS\MIDTERM.X\STU_VER.ASM 107 : Found label after column 1. (LOOP2)
Warning[207] C:\USERS\USER\MPLABXPROJECTS\MIDTERM.X\STU_VER.ASM 110 : Found label after column 1. (LOOP1)
Warning[207] C:\USERS\USER\MPLABXPROJECTS\MIDTERM.X\STU_VER.ASM 107 : Found label after column 1. (LOOP2)
Warning[207] C:\USERS\USER\MPLABXPROJECTS\MIDTERM.X\STU_VER.ASM 110 : Found label after column 1. (LOOP1)
Warning[207] C:\USERS\USER\MPLABXPROJECTS\MIDTERM.X\STU_VER.ASM 107 : Found label after column 1. (LOOP2)
Warning[207] C:\USERS\USER\MPLABXPROJECTS\MIDTERM.X\STU_VER.ASM 110 : Found label after column 1. (LOOP1)
Warning[207] C:\USERS\USER\MPLABXPROJECTS\MIDTERM.X\STU_VER.ASM 107 : Found label after column 1. (LOOP2)
Warning[207] C:\USERS\USER\MPLABXPROJECTS\MIDTERM.X\STU_VER.ASM 110 : Found label after column 1. (LOOP1)
Warning[207] C:\USERS\USER\MPLABXPROJECTS\MIDTERM.X\STU_VER.ASM 107 : Found label after column 1. (LOOP2)
Warning[207] C:\USERS\USER\MPLABXPROJECTS\MIDTERM.X\STU_VER.ASM 110 : Found label after column 1. (LOOP1)
Warning[207] C:\USERS\USER\MPLABXPROJECTS\MIDTERM.X\STU_VER.ASM 107 : Found label after column 1. (LOOP2)
Warning[207] C:\USERS\USER\MPLABXPROJECTS\MIDTERM.X\STU_VER.ASM 110 : Found label after column 1. (LOOP1)
Warning[207] C:\USERS\USER\MPLABXPROJECTS\MIDTERM.X\STU_VER.ASM 107 : Found label after column 1. (LOOP2)
Warning[207] C:\USERS\USER\MPLABXPROJECTS\MIDTERM.X\STU_VER.ASM 110 : Found label after column 1. (LOOP1)
Warning[207] C:\USERS\USER\MPLABXPROJECTS\MIDTERM.X\STU_VER.ASM 107 : Found label after column 1. (LOOP2)
Warning[207] C:\USERS\USER\MPLABXPROJECTS\MIDTERM.X\STU_VER.ASM 110 : Found label after column 1. (LOOP1)
Warning[207] C:\USERS\USER\MPLABXPROJECTS\MIDTERM.X\STU_VER.ASM 107 : Found label after column 1. (LOOP2)
Warning[207] C:\USERS\USER\MPLABXPROJECTS\MIDTERM.X\STU_VER.ASM 110 : Found label after column 1. (LOOP1)
Warning[207] C:\USERS\USER\MPLABXPROJECTS\MIDTERM.X\STU_VER.ASM 107 : Found label after column 1. (LOOP2)
Warning[207] C:\USERS\USER\MPLABXPROJECTS\MIDTERM.X\STU_VER.ASM 110 : Found label after column 1. (LOOP1)
Warning[207] C:\USERS\USER\MPLABXPROJECTS\MIDTERM.X\STU_VER.ASM 107 : Found label after column 1. (LOOP2)
Warning[207] C:\USERS\USER\MPLABXPROJECTS\MIDTERM.X\STU_VER.ASM 110 : Found label after column 1. (LOOP1)
Warning[207] C:\USERS\USER\MPLABXPROJECTS\MIDTERM.X\STU_VER.ASM 107 : Found label after column 1. (LOOP2)
Warning[207] C:\USERS\USER\MPLABXPROJECTS\MIDTERM.X\STU_VER.ASM 110 : Found label after column 1. (LOOP1)
Warning[207] C:\USERS\USER\MPLABXPROJECTS\MIDTERM.X\STU_VER.ASM 107 : Found label after column 1. (LOOP2)
Warning[207] C:\USERS\USER\MPLABXPROJECTS\MIDTERM.X\STU_VER.ASM 110 : Found label after column 1. (LOOP1)
