

Microchip Technology PIC18 LITE Macro Assembler V2.00 build -1524193055 
                                                                                               Mon Dec 03 19:16:56 2018

Microchip Technology Omniscient Code Generator v2.00 (Free mode) build 20180527130849
     1  0000                     
     2                           ; Version 2.00
     3                           ; Generated 27/05/2018 GMT
     4                           
     5                           ; 
     6                           ; Copyright © 2018, Microchip Technology Inc. and its subsidiaries ("Microchip")
     7                           ; All rights reserved.
     8                           ; 
     9                           ; This software is developed by Microchip Technology Inc. and its subsidiaries ("Microch
                                 ip").
    10                           ; 
    11                           ; Redistribution and use in source and binary forms, with or without modification, are
    12                           ; permitted provided that the following conditions are met:
    13                           ; 
    14                           ;     1. Redistributions of source code must retain the above copyright notice, this lis
                                 t of
    15                           ;        conditions and the following disclaimer.
    16                           ; 
    17                           ;     2. Redistributions in binary form must reproduce the above copyright notice, this 
                                 list
    18                           ;        of conditions and the following disclaimer in the documentation and/or other
    19                           ;        materials provided with the distribution.
    20                           ; 
    21                           ;     3. Microchip's name may not be used to endorse or promote products derived from th
                                 is
    22                           ;        software without specific prior written permission.
    23                           ; 
    24                           ; THIS SOFTWARE IS PROVIDED BY MICROCHIP "AS IS" AND ANY EXPRESS OR IMPLIED WARRANTIES,

    25                           ; INCLUDING, BUT NOT LIMITED TO, THE IMPLIED WARRANTIES OF MERCHANTABILITY AND FITNESS F
                                 OR
    26                           ; PURPOSE ARE DISCLAIMED.  IN NO EVENT SHALL MICROCHIP BE LIABLE FOR ANY DIRECT, INDIREC
                                 T,
    27                           ; INCIDENTAL, SPECIAL, EXEMPLARY, OR CONSEQUENTIAL DAMAGES (INCLUDING BUT NOT LIMITED TO
                                 
    28                           ; PROCUREMENT OF SUBSTITUTE GOODS OR SERVICES; LOSS OF USE, DATA OR PROFITS; OR BUSINESS
                                 
    29                           ; INTERRUPTION) HOWSOEVER CAUSED AND ON ANY THEORY OF LIABILITY, WHETHER IN CONTRACT, ST
                                 RICT
    30                           ; LIABILITY, OR TORT (INCLUDING NEGLIGENCE OR OTHERWISE) ARISING IN ANY WAY OUT OF THE U
                                 SE OF
    31                           ; THIS SOFTWARE, EVEN IF ADVISED OF THE POSSIBILITY OF SUCH DAMAGE.
    32                           ; 
    33                           
    34                           
    35                           ; 
    36                           ; Code-generator required, PIC18F4520 Definitions
    37                           ; 
    38  0000                     fsr0 equ 0FE9h
    39  0000                     fsr0h equ 0FEAh
    40  0000                     fsr0l equ 0FE9h
    41  0000                     fsr1 equ 0FE1h
    42  0000                     fsr1h equ 0FE2h
    43  0000                     fsr1l equ 0FE1h
    44  0000                     fsr2 equ 0FD9h
    45  0000                     fsr2h equ 0FDAh
    46  0000                     fsr2l equ 0FD9h
    47  0000                     indf0 equ 0FEFh
    48  0000                     indf1 equ 0FE7h
    49  0000                     indf2 equ 0FDFh
    50  0000                     intcon equ 0FF2h
    51  0000                     nvmcon equ 00h
    52  0000                     pcl equ 0FF9h
    53  0000                     pclath equ 0FFAh
    54  0000                     pclatu equ 0FFBh
    55  0000                     plusw0 equ 0FEBh
    56  0000                     plusw1 equ 0FE3h
    57  0000                     plusw2 equ 0FDBh
    58  0000                     postdec0 equ 0FEDh
    59  0000                     postdec1 equ 0FE5h
    60  0000                     postdec2 equ 0FDDh
    61  0000                     postinc0 equ 0FEEh
    62  0000                     postinc1 equ 0FE6h
    63  0000                     postinc2 equ 0FDEh
    64  0000                     preinc0 equ 0FECh
    65  0000                     preinc1 equ 0FE4h
    66  0000                     preinc2 equ 0FDCh
    67  0000                     prod equ 0FF3h
    68  0000                     prodh equ 0FF4h
    69  0000                     prodl equ 0FF3h
    70  0000                     status equ 0FD8h
    71  0000                     tablat equ 0FF5h
    72  0000                     tblptr equ 0FF6h
    73  0000                     tblptrh equ 0FF7h
    74  0000                     tblptrl equ 0FF6h
    75  0000                     tblptru equ 0FF8h
    76  0000                     tosl equ 0FFDh
    77  0000                     wreg equ 0FE8h
    78  0000                     
     2                           opt pagewidth 120
     3  0000                     byte0	macro	val
     4                           	(getbyte(val,0))
     5                           endm
     6  0000                     byte1	macro	val
     7                           	(getbyte(val,1))
     8                           endm
     9  0000                     byte2	macro	val
    10                           	(getbyte(val,2))
    11                           endm
    12  0000                     byte3	macro	val
    13                           	(getbyte(val,3))
    14                           endm
    15  0000                     byte4	macro	val
    16                           	(getbyte(val,4))
    17                           endm
    18  0000                     byte5	macro	val
    19                           	(getbyte(val,5))
    20                           endm
    21  0000                     byte6	macro	val
    22                           	(getbyte(val,6))
    23                           endm
    24  0000                     byte7	macro	val
    25                           	(getbyte(val,7))
    26                           endm
    27  0000                     getword	macro	val,pos
    28                           	(((val) >> (8 * pos)) and 0xffff)
    29                           endm
    30  0000                     word0	macro	val
    31                           	(getword(val,0))
    32                           endm
    33  0000                     word1	macro	val
    34                           	(getword(val,2))
    35                           endm
    36  0000                     word2	macro	val
    37                           	(getword(val,4))
    38                           endm
    39  0000                     word3	macro	val
    40                           	(getword(val,6))
    41                           endm
    42  0000                     gettword	macro	val,pos
    43                           	(((val) >> (8 * pos)) and 0xffffff)
    44                           endm
    45  0000                     tword0	macro	val
    46                           	(gettword(val,0))
    47                           endm
    48  0000                     tword1	macro	val
    49                           	(gettword(val,3))
    50                           endm
    51  0000                     tword2	macro	val
    52                           	(gettword(val,6))
    53                           endm
    54  0000                     getdword	macro	val,pos
    55                           	(((val) >> (8 * pos)) and 0xffffffff)
    56                           endm
    57  0000                     dword0	macro	val
    58                           	(getdword(val,0))
    59                           endm
    60  0000                     dword1	macro	val
    61                           	(getdword(val,4))
    62                           endm
    63  0000                     clrc   macro
    64                           	bcf	status,0
    65                           endm
    66  0000                     setc   macro
    67                           	bsf	status,0
    68                           endm
    69  0000                     clrz   macro
    70                           	bcf	status,2
    71                           endm
    72  0000                     setz   macro
    73                           	bsf	status,2
    74                           endm
    75  0000                     skipnz macro
    76                           	btfsc	status,2
    77                           endm
    78  0000                     skipz  macro
    79                           	btfss	status,2
    80                           endm
    81  0000                     skipnc macro
    82                           	btfsc	status,0
    83                           endm
    84  0000                     skipc  macro
    85                           	btfss	status,0
    86                           endm
    87  0000                     pushw macro
    88                           	movwf postinc1
    89                           endm
    90  0000                     pushf macro arg1
    91                           	movff arg1, postinc1
    92                           endm
    93  0000                     popw macro
    94                           	movf postdec1,f
    95                           	movf indf1,w
    96                           endm
    97  0000                     popf macro arg1
    98                           	movf postdec1,f
    99                           	movff indf1,arg1
   100                           endm
   101  0000                     popfc macro arg1
   102                           	movff plusw1,arg1
   103                           	decfsz fsr1,f
   104                           endm
   105  0000                     	global	__ramtop
   106                           	global	__accesstop
   107                           # 54 "C:\Program Files (x86)\Microchip\xc8\v2.00\pic\include\pic18f4520.h"
   108                           PORTA equ 0F80h ;# 
   109  0000                     # 273 "C:\Program Files (x86)\Microchip\xc8\v2.00\pic\include\pic18f4520.h"
   110                           PORTB equ 0F81h ;# 
   111  0000                     # 452 "C:\Program Files (x86)\Microchip\xc8\v2.00\pic\include\pic18f4520.h"
   112                           PORTC equ 0F82h ;# 
   113  0000                     # 634 "C:\Program Files (x86)\Microchip\xc8\v2.00\pic\include\pic18f4520.h"
   114                           PORTD equ 0F83h ;# 
   115  0000                     # 776 "C:\Program Files (x86)\Microchip\xc8\v2.00\pic\include\pic18f4520.h"
   116                           PORTE equ 0F84h ;# 
   117  0000                     # 979 "C:\Program Files (x86)\Microchip\xc8\v2.00\pic\include\pic18f4520.h"
   118                           LATA equ 0F89h ;# 
   119  0000                     # 1091 "C:\Program Files (x86)\Microchip\xc8\v2.00\pic\include\pic18f4520.h"
   120                           LATB equ 0F8Ah ;# 
   121  0000                     # 1203 "C:\Program Files (x86)\Microchip\xc8\v2.00\pic\include\pic18f4520.h"
   122                           LATC equ 0F8Bh ;# 
   123  0000                     # 1315 "C:\Program Files (x86)\Microchip\xc8\v2.00\pic\include\pic18f4520.h"
   124                           LATD equ 0F8Ch ;# 
   125  0000                     # 1427 "C:\Program Files (x86)\Microchip\xc8\v2.00\pic\include\pic18f4520.h"
   126                           LATE equ 0F8Dh ;# 
   127  0000                     # 1479 "C:\Program Files (x86)\Microchip\xc8\v2.00\pic\include\pic18f4520.h"
   128                           TRISA equ 0F92h ;# 
   129  0000                     # 1484 "C:\Program Files (x86)\Microchip\xc8\v2.00\pic\include\pic18f4520.h"
   130                           DDRA equ 0F92h ;# 
   131  0000                     # 1701 "C:\Program Files (x86)\Microchip\xc8\v2.00\pic\include\pic18f4520.h"
   132                           TRISB equ 0F93h ;# 
   133  0000                     # 1706 "C:\Program Files (x86)\Microchip\xc8\v2.00\pic\include\pic18f4520.h"
   134                           DDRB equ 0F93h ;# 
   135  0000                     # 1923 "C:\Program Files (x86)\Microchip\xc8\v2.00\pic\include\pic18f4520.h"
   136                           TRISC equ 0F94h ;# 
   137  0000                     # 1928 "C:\Program Files (x86)\Microchip\xc8\v2.00\pic\include\pic18f4520.h"
   138                           DDRC equ 0F94h ;# 
   139  0000                     # 2145 "C:\Program Files (x86)\Microchip\xc8\v2.00\pic\include\pic18f4520.h"
   140                           TRISD equ 0F95h ;# 
   141  0000                     # 2150 "C:\Program Files (x86)\Microchip\xc8\v2.00\pic\include\pic18f4520.h"
   142                           DDRD equ 0F95h ;# 
   143  0000                     # 2367 "C:\Program Files (x86)\Microchip\xc8\v2.00\pic\include\pic18f4520.h"
   144                           TRISE equ 0F96h ;# 
   145  0000                     # 2372 "C:\Program Files (x86)\Microchip\xc8\v2.00\pic\include\pic18f4520.h"
   146                           DDRE equ 0F96h ;# 
   147  0000                     # 2531 "C:\Program Files (x86)\Microchip\xc8\v2.00\pic\include\pic18f4520.h"
   148                           OSCTUNE equ 0F9Bh ;# 
   149  0000                     # 2596 "C:\Program Files (x86)\Microchip\xc8\v2.00\pic\include\pic18f4520.h"
   150                           PIE1 equ 0F9Dh ;# 
   151  0000                     # 2673 "C:\Program Files (x86)\Microchip\xc8\v2.00\pic\include\pic18f4520.h"
   152                           PIR1 equ 0F9Eh ;# 
   153  0000                     # 2750 "C:\Program Files (x86)\Microchip\xc8\v2.00\pic\include\pic18f4520.h"
   154                           IPR1 equ 0F9Fh ;# 
   155  0000                     # 2827 "C:\Program Files (x86)\Microchip\xc8\v2.00\pic\include\pic18f4520.h"
   156                           PIE2 equ 0FA0h ;# 
   157  0000                     # 2893 "C:\Program Files (x86)\Microchip\xc8\v2.00\pic\include\pic18f4520.h"
   158                           PIR2 equ 0FA1h ;# 
   159  0000                     # 2959 "C:\Program Files (x86)\Microchip\xc8\v2.00\pic\include\pic18f4520.h"
   160                           IPR2 equ 0FA2h ;# 
   161  0000                     # 3025 "C:\Program Files (x86)\Microchip\xc8\v2.00\pic\include\pic18f4520.h"
   162                           EECON1 equ 0FA6h ;# 
   163  0000                     # 3091 "C:\Program Files (x86)\Microchip\xc8\v2.00\pic\include\pic18f4520.h"
   164                           EECON2 equ 0FA7h ;# 
   165  0000                     # 3098 "C:\Program Files (x86)\Microchip\xc8\v2.00\pic\include\pic18f4520.h"
   166                           EEDATA equ 0FA8h ;# 
   167  0000                     # 3105 "C:\Program Files (x86)\Microchip\xc8\v2.00\pic\include\pic18f4520.h"
   168                           EEADR equ 0FA9h ;# 
   169  0000                     # 3112 "C:\Program Files (x86)\Microchip\xc8\v2.00\pic\include\pic18f4520.h"
   170                           RCSTA equ 0FABh ;# 
   171  0000                     # 3117 "C:\Program Files (x86)\Microchip\xc8\v2.00\pic\include\pic18f4520.h"
   172                           RCSTA1 equ 0FABh ;# 
   173  0000                     # 3322 "C:\Program Files (x86)\Microchip\xc8\v2.00\pic\include\pic18f4520.h"
   174                           TXSTA equ 0FACh ;# 
   175  0000                     # 3327 "C:\Program Files (x86)\Microchip\xc8\v2.00\pic\include\pic18f4520.h"
   176                           TXSTA1 equ 0FACh ;# 
   177  0000                     # 3578 "C:\Program Files (x86)\Microchip\xc8\v2.00\pic\include\pic18f4520.h"
   178                           TXREG equ 0FADh ;# 
   179  0000                     # 3583 "C:\Program Files (x86)\Microchip\xc8\v2.00\pic\include\pic18f4520.h"
   180                           TXREG1 equ 0FADh ;# 
   181  0000                     # 3590 "C:\Program Files (x86)\Microchip\xc8\v2.00\pic\include\pic18f4520.h"
   182                           RCREG equ 0FAEh ;# 
   183  0000                     # 3595 "C:\Program Files (x86)\Microchip\xc8\v2.00\pic\include\pic18f4520.h"
   184                           RCREG1 equ 0FAEh ;# 
   185  0000                     # 3602 "C:\Program Files (x86)\Microchip\xc8\v2.00\pic\include\pic18f4520.h"
   186                           SPBRG equ 0FAFh ;# 
   187  0000                     # 3607 "C:\Program Files (x86)\Microchip\xc8\v2.00\pic\include\pic18f4520.h"
   188                           SPBRG1 equ 0FAFh ;# 
   189  0000                     # 3614 "C:\Program Files (x86)\Microchip\xc8\v2.00\pic\include\pic18f4520.h"
   190                           SPBRGH equ 0FB0h ;# 
   191  0000                     # 3621 "C:\Program Files (x86)\Microchip\xc8\v2.00\pic\include\pic18f4520.h"
   192                           T3CON equ 0FB1h ;# 
   193  0000                     # 3733 "C:\Program Files (x86)\Microchip\xc8\v2.00\pic\include\pic18f4520.h"
   194                           TMR3 equ 0FB2h ;# 
   195  0000                     # 3740 "C:\Program Files (x86)\Microchip\xc8\v2.00\pic\include\pic18f4520.h"
   196                           TMR3L equ 0FB2h ;# 
   197  0000                     # 3747 "C:\Program Files (x86)\Microchip\xc8\v2.00\pic\include\pic18f4520.h"
   198                           TMR3H equ 0FB3h ;# 
   199  0000                     # 3754 "C:\Program Files (x86)\Microchip\xc8\v2.00\pic\include\pic18f4520.h"
   200                           CMCON equ 0FB4h ;# 
   201  0000                     # 3844 "C:\Program Files (x86)\Microchip\xc8\v2.00\pic\include\pic18f4520.h"
   202                           CVRCON equ 0FB5h ;# 
   203  0000                     # 3923 "C:\Program Files (x86)\Microchip\xc8\v2.00\pic\include\pic18f4520.h"
   204                           ECCP1AS equ 0FB6h ;# 
   205  0000                     # 3928 "C:\Program Files (x86)\Microchip\xc8\v2.00\pic\include\pic18f4520.h"
   206                           ECCPAS equ 0FB6h ;# 
   207  0000                     # 4085 "C:\Program Files (x86)\Microchip\xc8\v2.00\pic\include\pic18f4520.h"
   208                           PWM1CON equ 0FB7h ;# 
   209  0000                     # 4090 "C:\Program Files (x86)\Microchip\xc8\v2.00\pic\include\pic18f4520.h"
   210                           ECCP1DEL equ 0FB7h ;# 
   211  0000                     # 4223 "C:\Program Files (x86)\Microchip\xc8\v2.00\pic\include\pic18f4520.h"
   212                           BAUDCON equ 0FB8h ;# 
   213  0000                     # 4228 "C:\Program Files (x86)\Microchip\xc8\v2.00\pic\include\pic18f4520.h"
   214                           BAUDCTL equ 0FB8h ;# 
   215  0000                     # 4403 "C:\Program Files (x86)\Microchip\xc8\v2.00\pic\include\pic18f4520.h"
   216                           CCP2CON equ 0FBAh ;# 
   217  0000                     # 4482 "C:\Program Files (x86)\Microchip\xc8\v2.00\pic\include\pic18f4520.h"
   218                           CCPR2 equ 0FBBh ;# 
   219  0000                     # 4489 "C:\Program Files (x86)\Microchip\xc8\v2.00\pic\include\pic18f4520.h"
   220                           CCPR2L equ 0FBBh ;# 
   221  0000                     # 4496 "C:\Program Files (x86)\Microchip\xc8\v2.00\pic\include\pic18f4520.h"
   222                           CCPR2H equ 0FBCh ;# 
   223  0000                     # 4503 "C:\Program Files (x86)\Microchip\xc8\v2.00\pic\include\pic18f4520.h"
   224                           CCP1CON equ 0FBDh ;# 
   225  0000                     # 4600 "C:\Program Files (x86)\Microchip\xc8\v2.00\pic\include\pic18f4520.h"
   226                           CCPR1 equ 0FBEh ;# 
   227  0000                     # 4607 "C:\Program Files (x86)\Microchip\xc8\v2.00\pic\include\pic18f4520.h"
   228                           CCPR1L equ 0FBEh ;# 
   229  0000                     # 4614 "C:\Program Files (x86)\Microchip\xc8\v2.00\pic\include\pic18f4520.h"
   230                           CCPR1H equ 0FBFh ;# 
   231  0000                     # 4621 "C:\Program Files (x86)\Microchip\xc8\v2.00\pic\include\pic18f4520.h"
   232                           ADCON2 equ 0FC0h ;# 
   233  0000                     # 4692 "C:\Program Files (x86)\Microchip\xc8\v2.00\pic\include\pic18f4520.h"
   234                           ADCON1 equ 0FC1h ;# 
   235  0000                     # 4777 "C:\Program Files (x86)\Microchip\xc8\v2.00\pic\include\pic18f4520.h"
   236                           ADCON0 equ 0FC2h ;# 
   237  0000                     # 4896 "C:\Program Files (x86)\Microchip\xc8\v2.00\pic\include\pic18f4520.h"
   238                           ADRES equ 0FC3h ;# 
   239  0000                     # 4903 "C:\Program Files (x86)\Microchip\xc8\v2.00\pic\include\pic18f4520.h"
   240                           ADRESL equ 0FC3h ;# 
   241  0000                     # 4910 "C:\Program Files (x86)\Microchip\xc8\v2.00\pic\include\pic18f4520.h"
   242                           ADRESH equ 0FC4h ;# 
   243  0000                     # 4917 "C:\Program Files (x86)\Microchip\xc8\v2.00\pic\include\pic18f4520.h"
   244                           SSPCON2 equ 0FC5h ;# 
   245  0000                     # 5012 "C:\Program Files (x86)\Microchip\xc8\v2.00\pic\include\pic18f4520.h"
   246                           SSPCON1 equ 0FC6h ;# 
   247  0000                     # 5082 "C:\Program Files (x86)\Microchip\xc8\v2.00\pic\include\pic18f4520.h"
   248                           SSPSTAT equ 0FC7h ;# 
   249  0000                     # 5303 "C:\Program Files (x86)\Microchip\xc8\v2.00\pic\include\pic18f4520.h"
   250                           SSPADD equ 0FC8h ;# 
   251  0000                     # 5310 "C:\Program Files (x86)\Microchip\xc8\v2.00\pic\include\pic18f4520.h"
   252                           SSPBUF equ 0FC9h ;# 
   253  0000                     # 5317 "C:\Program Files (x86)\Microchip\xc8\v2.00\pic\include\pic18f4520.h"
   254                           T2CON equ 0FCAh ;# 
   255  0000                     # 5415 "C:\Program Files (x86)\Microchip\xc8\v2.00\pic\include\pic18f4520.h"
   256                           PR2 equ 0FCBh ;# 
   257  0000                     # 5420 "C:\Program Files (x86)\Microchip\xc8\v2.00\pic\include\pic18f4520.h"
   258                           MEMCON equ 0FCBh ;# 
   259  0000                     # 5525 "C:\Program Files (x86)\Microchip\xc8\v2.00\pic\include\pic18f4520.h"
   260                           TMR2 equ 0FCCh ;# 
   261  0000                     # 5532 "C:\Program Files (x86)\Microchip\xc8\v2.00\pic\include\pic18f4520.h"
   262                           T1CON equ 0FCDh ;# 
   263  0000                     # 5635 "C:\Program Files (x86)\Microchip\xc8\v2.00\pic\include\pic18f4520.h"
   264                           TMR1 equ 0FCEh ;# 
   265  0000                     # 5642 "C:\Program Files (x86)\Microchip\xc8\v2.00\pic\include\pic18f4520.h"
   266                           TMR1L equ 0FCEh ;# 
   267  0000                     # 5649 "C:\Program Files (x86)\Microchip\xc8\v2.00\pic\include\pic18f4520.h"
   268                           TMR1H equ 0FCFh ;# 
   269  0000                     # 5656 "C:\Program Files (x86)\Microchip\xc8\v2.00\pic\include\pic18f4520.h"
   270                           RCON equ 0FD0h ;# 
   271  0000                     # 5789 "C:\Program Files (x86)\Microchip\xc8\v2.00\pic\include\pic18f4520.h"
   272                           WDTCON equ 0FD1h ;# 
   273  0000                     # 5817 "C:\Program Files (x86)\Microchip\xc8\v2.00\pic\include\pic18f4520.h"
   274                           HLVDCON equ 0FD2h ;# 
   275  0000                     # 5822 "C:\Program Files (x86)\Microchip\xc8\v2.00\pic\include\pic18f4520.h"
   276                           LVDCON equ 0FD2h ;# 
   277  0000                     # 6087 "C:\Program Files (x86)\Microchip\xc8\v2.00\pic\include\pic18f4520.h"
   278                           OSCCON equ 0FD3h ;# 
   279  0000                     # 6170 "C:\Program Files (x86)\Microchip\xc8\v2.00\pic\include\pic18f4520.h"
   280                           T0CON equ 0FD5h ;# 
   281  0000                     # 6253 "C:\Program Files (x86)\Microchip\xc8\v2.00\pic\include\pic18f4520.h"
   282                           TMR0 equ 0FD6h ;# 
   283  0000                     # 6260 "C:\Program Files (x86)\Microchip\xc8\v2.00\pic\include\pic18f4520.h"
   284                           TMR0L equ 0FD6h ;# 
   285  0000                     # 6267 "C:\Program Files (x86)\Microchip\xc8\v2.00\pic\include\pic18f4520.h"
   286                           TMR0H equ 0FD7h ;# 
   287  0000                     # 6274 "C:\Program Files (x86)\Microchip\xc8\v2.00\pic\include\pic18f4520.h"
   288                           STATUS equ 0FD8h ;# 
   289  0000                     # 6345 "C:\Program Files (x86)\Microchip\xc8\v2.00\pic\include\pic18f4520.h"
   290                           FSR2 equ 0FD9h ;# 
   291  0000                     # 6352 "C:\Program Files (x86)\Microchip\xc8\v2.00\pic\include\pic18f4520.h"
   292                           FSR2L equ 0FD9h ;# 
   293  0000                     # 6359 "C:\Program Files (x86)\Microchip\xc8\v2.00\pic\include\pic18f4520.h"
   294                           FSR2H equ 0FDAh ;# 
   295  0000                     # 6366 "C:\Program Files (x86)\Microchip\xc8\v2.00\pic\include\pic18f4520.h"
   296                           PLUSW2 equ 0FDBh ;# 
   297  0000                     # 6373 "C:\Program Files (x86)\Microchip\xc8\v2.00\pic\include\pic18f4520.h"
   298                           PREINC2 equ 0FDCh ;# 
   299  0000                     # 6380 "C:\Program Files (x86)\Microchip\xc8\v2.00\pic\include\pic18f4520.h"
   300                           POSTDEC2 equ 0FDDh ;# 
   301  0000                     # 6387 "C:\Program Files (x86)\Microchip\xc8\v2.00\pic\include\pic18f4520.h"
   302                           POSTINC2 equ 0FDEh ;# 
   303  0000                     # 6394 "C:\Program Files (x86)\Microchip\xc8\v2.00\pic\include\pic18f4520.h"
   304                           INDF2 equ 0FDFh ;# 
   305  0000                     # 6401 "C:\Program Files (x86)\Microchip\xc8\v2.00\pic\include\pic18f4520.h"
   306                           BSR equ 0FE0h ;# 
   307  0000                     # 6408 "C:\Program Files (x86)\Microchip\xc8\v2.00\pic\include\pic18f4520.h"
   308                           FSR1 equ 0FE1h ;# 
   309  0000                     # 6415 "C:\Program Files (x86)\Microchip\xc8\v2.00\pic\include\pic18f4520.h"
   310                           FSR1L equ 0FE1h ;# 
   311  0000                     # 6422 "C:\Program Files (x86)\Microchip\xc8\v2.00\pic\include\pic18f4520.h"
   312                           FSR1H equ 0FE2h ;# 
   313  0000                     # 6429 "C:\Program Files (x86)\Microchip\xc8\v2.00\pic\include\pic18f4520.h"
   314                           PLUSW1 equ 0FE3h ;# 
   315  0000                     # 6436 "C:\Program Files (x86)\Microchip\xc8\v2.00\pic\include\pic18f4520.h"
   316                           PREINC1 equ 0FE4h ;# 
   317  0000                     # 6443 "C:\Program Files (x86)\Microchip\xc8\v2.00\pic\include\pic18f4520.h"
   318                           POSTDEC1 equ 0FE5h ;# 
   319  0000                     # 6450 "C:\Program Files (x86)\Microchip\xc8\v2.00\pic\include\pic18f4520.h"
   320                           POSTINC1 equ 0FE6h ;# 
   321  0000                     # 6457 "C:\Program Files (x86)\Microchip\xc8\v2.00\pic\include\pic18f4520.h"
   322                           INDF1 equ 0FE7h ;# 
   323  0000                     # 6464 "C:\Program Files (x86)\Microchip\xc8\v2.00\pic\include\pic18f4520.h"
   324                           WREG equ 0FE8h ;# 
   325  0000                     # 6476 "C:\Program Files (x86)\Microchip\xc8\v2.00\pic\include\pic18f4520.h"
   326                           FSR0 equ 0FE9h ;# 
   327  0000                     # 6483 "C:\Program Files (x86)\Microchip\xc8\v2.00\pic\include\pic18f4520.h"
   328                           FSR0L equ 0FE9h ;# 
   329  0000                     # 6490 "C:\Program Files (x86)\Microchip\xc8\v2.00\pic\include\pic18f4520.h"
   330                           FSR0H equ 0FEAh ;# 
   331  0000                     # 6497 "C:\Program Files (x86)\Microchip\xc8\v2.00\pic\include\pic18f4520.h"
   332                           PLUSW0 equ 0FEBh ;# 
   333  0000                     # 6504 "C:\Program Files (x86)\Microchip\xc8\v2.00\pic\include\pic18f4520.h"
   334                           PREINC0 equ 0FECh ;# 
   335  0000                     # 6511 "C:\Program Files (x86)\Microchip\xc8\v2.00\pic\include\pic18f4520.h"
   336                           POSTDEC0 equ 0FEDh ;# 
   337  0000                     # 6518 "C:\Program Files (x86)\Microchip\xc8\v2.00\pic\include\pic18f4520.h"
   338                           POSTINC0 equ 0FEEh ;# 
   339  0000                     # 6525 "C:\Program Files (x86)\Microchip\xc8\v2.00\pic\include\pic18f4520.h"
   340                           INDF0 equ 0FEFh ;# 
   341  0000                     # 6532 "C:\Program Files (x86)\Microchip\xc8\v2.00\pic\include\pic18f4520.h"
   342                           INTCON3 equ 0FF0h ;# 
   343  0000                     # 6624 "C:\Program Files (x86)\Microchip\xc8\v2.00\pic\include\pic18f4520.h"
   344                           INTCON2 equ 0FF1h ;# 
   345  0000                     # 6694 "C:\Program Files (x86)\Microchip\xc8\v2.00\pic\include\pic18f4520.h"
   346                           INTCON equ 0FF2h ;# 
   347  0000                     # 6811 "C:\Program Files (x86)\Microchip\xc8\v2.00\pic\include\pic18f4520.h"
   348                           PROD equ 0FF3h ;# 
   349  0000                     # 6818 "C:\Program Files (x86)\Microchip\xc8\v2.00\pic\include\pic18f4520.h"
   350                           PRODL equ 0FF3h ;# 
   351  0000                     # 6825 "C:\Program Files (x86)\Microchip\xc8\v2.00\pic\include\pic18f4520.h"
   352                           PRODH equ 0FF4h ;# 
   353  0000                     # 6832 "C:\Program Files (x86)\Microchip\xc8\v2.00\pic\include\pic18f4520.h"
   354                           TABLAT equ 0FF5h ;# 
   355  0000                     # 6841 "C:\Program Files (x86)\Microchip\xc8\v2.00\pic\include\pic18f4520.h"
   356                           TBLPTR equ 0FF6h ;# 
   357  0000                     # 6848 "C:\Program Files (x86)\Microchip\xc8\v2.00\pic\include\pic18f4520.h"
   358                           TBLPTRL equ 0FF6h ;# 
   359  0000                     # 6855 "C:\Program Files (x86)\Microchip\xc8\v2.00\pic\include\pic18f4520.h"
   360                           TBLPTRH equ 0FF7h ;# 
   361  0000                     # 6862 "C:\Program Files (x86)\Microchip\xc8\v2.00\pic\include\pic18f4520.h"
   362                           TBLPTRU equ 0FF8h ;# 
   363  0000                     # 6871 "C:\Program Files (x86)\Microchip\xc8\v2.00\pic\include\pic18f4520.h"
   364                           PCLAT equ 0FF9h ;# 
   365  0000                     # 6878 "C:\Program Files (x86)\Microchip\xc8\v2.00\pic\include\pic18f4520.h"
   366                           PC equ 0FF9h ;# 
   367  0000                     # 6885 "C:\Program Files (x86)\Microchip\xc8\v2.00\pic\include\pic18f4520.h"
   368                           PCL equ 0FF9h ;# 
   369  0000                     # 6892 "C:\Program Files (x86)\Microchip\xc8\v2.00\pic\include\pic18f4520.h"
   370                           PCLATH equ 0FFAh ;# 
   371  0000                     # 6899 "C:\Program Files (x86)\Microchip\xc8\v2.00\pic\include\pic18f4520.h"
   372                           PCLATU equ 0FFBh ;# 
   373  0000                     # 6906 "C:\Program Files (x86)\Microchip\xc8\v2.00\pic\include\pic18f4520.h"
   374                           STKPTR equ 0FFCh ;# 
   375  0000                     # 6980 "C:\Program Files (x86)\Microchip\xc8\v2.00\pic\include\pic18f4520.h"
   376                           TOS equ 0FFDh ;# 
   377  0000                     # 6987 "C:\Program Files (x86)\Microchip\xc8\v2.00\pic\include\pic18f4520.h"
   378                           TOSL equ 0FFDh ;# 
   379  0000                     # 6994 "C:\Program Files (x86)\Microchip\xc8\v2.00\pic\include\pic18f4520.h"
   380                           TOSH equ 0FFEh ;# 
   381  0000                     # 7001 "C:\Program Files (x86)\Microchip\xc8\v2.00\pic\include\pic18f4520.h"
   382                           TOSU equ 0FFFh ;# 
   383  0000                     	FNCALL	_main,___awdiv
   384                           	FNROOT	_main
   385                           	global	_init
   386                           psect	idataCOMRAM,class=CODE,space=0,delta=1,noexec
   387                           global __pidataCOMRAM
   388                           __pidataCOMRAM:
   389  007C36                     	file	"newmain.c"
   390                           	line	13
   391                           
   392                           ;initializer for _init
   393                           	dw	(04Bh)&0ffffh
   394  007C36  004B               	global	_PORTBbits
   395                           _PORTBbits	set	0xF81
   396  0000                     	global	_LATC
   397                           _LATC	set	0xF8B
   398  0000                     	global	_TRISC
   399                           _TRISC	set	0xF94
   400  0000                     	global	_TRISBbits
   401                           _TRISBbits	set	0xF93
   402  0000                     	global	_T2CONbits
   403                           _T2CONbits	set	0xFCA
   404  0000                     	global	_PR2
   405                           _PR2	set	0xFCB
   406  0000                     	global	_CCPR1L
   407                           _CCPR1L	set	0xFBE
   408  0000                     	global	_CCP1CONbits
   409                           _CCP1CONbits	set	0xFBD
   410  0000                     	global	_OSCCONbits
   411                           _OSCCONbits	set	0xFD3
   412  0000                     ; #config settings
   413                           global __CFG_OSC$INTIO67
   414                           __CFG_OSC$INTIO67 equ 0x0
   415  0000                     global __CFG_WDT$OFF
   416                           __CFG_WDT$OFF equ 0x0
   417  0000                     global __CFG_PBADEN$OFF
   418                           __CFG_PBADEN$OFF equ 0x0
   419  0000                     global __CFG_LVP$OFF
   420                           __CFG_LVP$OFF equ 0x0
   421  0000                     	file	"C:\Users\user\AppData\Local\Temp\s5g8."
   422                           	line	#
   423                           psect	cinit,class=CODE,delta=1,reloc=2
   424                           global __pcinit
   425                           __pcinit:
   426  007C38                     global start_initialization
   427                           start_initialization:
   428  007C38                     
   429                           global __initialization
   430                           __initialization:
   431  007C38                     psect	dataCOMRAM,class=COMRAM,space=1,noexec
   432                           global __pdataCOMRAM
   433                           __pdataCOMRAM:
   434  00000A                     	file	"newmain.c"
   435                           	line	13
   436                           	global	_init
   437                           _init:
   438  00000A                            ds      2
   439  00000A                     	file	"C:\Users\user\AppData\Local\Temp\s5g8."
   440                           	line	#
   441                           psect	cinit
   442                           ; Initialize objects allocated to COMRAM (2 bytes)
   443                           	global __pidataCOMRAM
   444                           	; load TBLPTR registers with __pidataCOMRAM
   445                           	movlw	low (__pidataCOMRAM)
   446  007C38  0E36               	movwf	tblptrl
   447  007C3A  6EF6               	movlw	high(__pidataCOMRAM)
   448  007C3C  0E7C               	movwf	tblptrh
   449  007C3E  6EF7               	movlw	low highword(__pidataCOMRAM)
   450  007C40  0E00               	movwf	tblptru
   451  007C42  6EF8               	tblrd*+ ;fetch initializer
   452  007C44  0009               	movff	tablat, __pdataCOMRAM+0		
   453  007C46  CFF5 F00A          	tblrd*+ ;fetch initializer
   454  007C4A  0009               	movff	tablat, __pdataCOMRAM+1		
   455  007C4C  CFF5 F00B          psect cinit,class=CODE,delta=1
   456                           global end_of_initialization,__end_of__initialization
   457                           
   458                           ;End of C runtime variable initialization code
   459                           
   460                           end_of_initialization:
   461  007C50                     __end_of__initialization:
   462  007C50                     movlb 0
   463  007C50  0100               goto _main	;jump to C main() function
   464  007C52  EF2B  F03E         psect	cstackCOMRAM,class=COMRAM,space=1,noexec
   465                           global __pcstackCOMRAM
   466                           __pcstackCOMRAM:
   467  000001                     ?_main:	; 1 bytes @ 0x0
   468  000001                     	global	?___awdiv
   469                           ?___awdiv:	; 2 bytes @ 0x0
   470  000001                     	global	___awdiv@dividend
   471                           ___awdiv@dividend:	; 2 bytes @ 0x0
   472  000001                     	ds   2
   473  000001                     	global	___awdiv@divisor
   474                           ___awdiv@divisor:	; 2 bytes @ 0x2
   475  000003                     	ds   2
   476  000003                     ??___awdiv:	; 1 bytes @ 0x4
   477  000005                     	global	___awdiv@counter
   478                           ___awdiv@counter:	; 1 bytes @ 0x4
   479  000005                     	ds   1
   480  000005                     	global	___awdiv@sign
   481                           ___awdiv@sign:	; 1 bytes @ 0x5
   482  000006                     	ds   1
   483  000006                     	global	___awdiv@quotient
   484                           ___awdiv@quotient:	; 2 bytes @ 0x6
   485  000007                     	ds   2
   486  000007                     ??_main:	; 1 bytes @ 0x8
   487  000009                     	ds   1
   488  000009                     ;!
   489                           ;!Data Sizes:
   490                           ;!    Strings     0
   491                           ;!    Constant    0
   492                           ;!    Data        2
   493                           ;!    BSS         0
   494                           ;!    Persistent  0
   495                           ;!    Stack       0
   496                           ;!
   497                           ;!Auto Spaces:
   498                           ;!    Space          Size  Autos    Used
   499                           ;!    COMRAM          127      9      11
   500                           ;!    BANK0           128      0       0
   501                           ;!    BANK1           256      0       0
   502                           ;!    BANK2           256      0       0
   503                           ;!    BANK3           256      0       0
   504                           ;!    BANK4           256      0       0
   505                           ;!    BANK5           244      0       0
   506                           
   507                           ;!
   508                           ;!Pointer List with Targets:
   509                           ;!
   510                           ;!    None.
   511                           
   512                           
   513                           ;!
   514                           ;!Critical Paths under _main in COMRAM
   515                           ;!
   516                           ;!    _main->___awdiv
   517                           ;!
   518                           ;!Critical Paths under _main in BANK0
   519                           ;!
   520                           ;!    None.
   521                           ;!
   522                           ;!Critical Paths under _main in BANK1
   523                           ;!
   524                           ;!    None.
   525                           ;!
   526                           ;!Critical Paths under _main in BANK2
   527                           ;!
   528                           ;!    None.
   529                           ;!
   530                           ;!Critical Paths under _main in BANK3
   531                           ;!
   532                           ;!    None.
   533                           ;!
   534                           ;!Critical Paths under _main in BANK4
   535                           ;!
   536                           ;!    None.
   537                           ;!
   538                           ;!Critical Paths under _main in BANK5
   539                           ;!
   540                           ;!    None.
   541                           
   542 ;;
   543 ;;Main: autosize = 0, tempsize = 1, incstack = 0, save=0
   544 ;;
   545                           
   546                           ;!
   547                           ;!Call Graph Tables:
   548                           ;!
   549                           ;! ---------------------------------------------------------------------------------
   550                           ;! (Depth) Function   	        Calls       Base Space   Used Autos Params    Refs
   551                           ;! ---------------------------------------------------------------------------------
   552                           ;! (0) _main                                                 1     1      0     452
   553                           ;!                                              8 COMRAM     1     1      0
   554                           ;!                            ___awdiv
   555                           ;! ---------------------------------------------------------------------------------
   556                           ;! (1) ___awdiv                                              8     4      4     452
   557                           ;!                                              0 COMRAM     8     4      4
   558                           ;! ---------------------------------------------------------------------------------
   559                           ;! Estimated maximum stack depth 1
   560                           ;! ---------------------------------------------------------------------------------
   561                           ;!
   562                           ;! Call Graph Graphs:
   563                           ;!
   564                           ;! _main (ROOT)
   565                           ;!   ___awdiv
   566                           ;!
   567                           
   568                           ;! Address spaces:
   569                           
   570                           ;!Name               Size   Autos  Total    Cost      Usage
   571                           ;!BIGRAM             5F3      0       0      16        0.0%
   572                           ;!EEDATA             100      0       0       0        0.0%
   573                           ;!BITBANK4           100      0       0      11        0.0%
   574                           ;!BANK4              100      0       0      12        0.0%
   575                           ;!BITBANK3           100      0       0       9        0.0%
   576                           ;!BANK3              100      0       0      10        0.0%
   577                           ;!BITBANK2           100      0       0       7        0.0%
   578                           ;!BANK2              100      0       0       8        0.0%
   579                           ;!BITBANK1           100      0       0       5        0.0%
   580                           ;!BANK1              100      0       0       6        0.0%
   581                           ;!BITBANK5            F4      0       0      15        0.0%
   582                           ;!BANK5               F4      0       0      13        0.0%
   583                           ;!BITBANK0            80      0       0       3        0.0%
   584                           ;!BANK0               80      0       0       4        0.0%
   585                           ;!BITCOMRAM           7F      0       0       0        0.0%
   586                           ;!COMRAM              7F      9       B       1        8.7%
   587                           ;!BITSFR_5             0      0       0     200        0.0%
   588                           ;!SFR_5                0      0       0     200        0.0%
   589                           ;!BITSFR_4             0      0       0     200        0.0%
   590                           ;!SFR_4                0      0       0     200        0.0%
   591                           ;!BITSFR_3             0      0       0     200        0.0%
   592                           ;!SFR_3                0      0       0     200        0.0%
   593                           ;!BITSFR_2             0      0       0     200        0.0%
   594                           ;!SFR_2                0      0       0     200        0.0%
   595                           ;!BITSFR_1             0      0       0     200        0.0%
   596                           ;!SFR_1                0      0       0     200        0.0%
   597                           ;!BITSFR               0      0       0     200        0.0%
   598                           ;!SFR                  0      0       0     200        0.0%
   599                           ;!STACK                0      0       0       2        0.0%
   600                           ;!NULL                 0      0       0       0        0.0%
   601                           ;!ABS                  0      0       B      14        0.0%
   602                           ;!DATA                 0      0       B      17        0.0%
   603                           ;!CODE                 0      0       0       0        0.0%
   604                           
   605                           	global	_main
   606                           
   607 ;; *************** function _main *****************
   608 ;; Defined at:
   609 ;;		line 14 in file "newmain.c"
   610 ;; Parameters:    Size  Location     Type
   611 ;;		None
   612 ;; Auto vars:     Size  Location     Type
   613 ;;		None
   614 ;; Return value:  Size  Location     Type
   615 ;;                  1    wreg      void 
   616 ;; Registers used:
   617 ;;		wreg, status,2, status,0, cstack
   618 ;; Tracked objects:
   619 ;;		On entry : 0/0
   620 ;;		On exit  : 0/0
   621 ;;		Unchanged: 0/0
   622 ;; Data sizes:     COMRAM   BANK0   BANK1   BANK2   BANK3   BANK4   BANK5
   623 ;;      Params:         0       0       0       0       0       0       0
   624 ;;      Locals:         0       0       0       0       0       0       0
   625 ;;      Temps:          1       0       0       0       0       0       0
   626 ;;      Totals:         1       0       0       0       0       0       0
   627 ;;Total ram usage:        1 bytes
   628 ;; Hardware stack levels required when called:    1
   629 ;; This function calls:
   630 ;;		___awdiv
   631 ;; This function is called by:
   632 ;;		Startup code after reset
   633 ;; This function uses a non-reentrant model
   634 ;;
   635                           psect	text0,class=CODE,space=0,reloc=2,group=0
   636                           	file	"newmain.c"
   637                           	line	14
   638                           global __ptext0
   639                           __ptext0:
   640  007C56                     psect	text0
   641                           	file	"newmain.c"
   642                           	line	14
   643                           	global	__size_of_main
   644                           	__size_of_main	equ	__end_of_main-_main
   645  0000                     	
   646                           _main:
   647  007C56                     ;incstack = 0
   648                           	opt	stack 30
   649                           	line	15
   650                           	
   651                           l807:
   652  007C56                     ;newmain.c: 15:     OSCCONbits.IRCF2 = 0;
   653                           	bcf	((c:4051)),c,6	;volatile
   654  007C56  9CD3               	line	16
   655                           ;newmain.c: 16:     OSCCONbits.IRCF1 = 1;
   656                           	bsf	((c:4051)),c,5	;volatile
   657  007C58  8AD3               	line	17
   658                           ;newmain.c: 17:     OSCCONbits.IRCF0 = 1;
   659                           	bsf	((c:4051)),c,4	;volatile
   660  007C5A  88D3               	line	19
   661                           ;newmain.c: 19:     TRISBbits.RB0 = 1;
   662                           	bsf	((c:3987)),c,0	;volatile
   663  007C5C  8093               	line	20
   664                           	
   665                           l809:
   666  007C5E                     ;newmain.c: 20:     TRISC = 0;
   667                           	movlw	low(0)
   668  007C5E  0E00               	movwf	((c:3988)),c	;volatile
   669  007C60  6E94               	line	21
   670                           ;newmain.c: 21:     LATC = 0;
   671                           	movlw	low(0)
   672  007C62  0E00               	movwf	((c:3979)),c	;volatile
   673  007C64  6E8B               	line	31
   674                           ;newmain.c: 31:     CCP1CONbits.DC1B = 3;
   675                           	movlw	(03h & ((1<<2)-1))<<4
   676  007C66  0E30               	iorwf	((c:4029)),c	;volatile
   677  007C68  12BD               	line	32
   678                           ;newmain.c: 32:     CCP1CONbits.CCP1M = 0xc;
   679                           	movf	((c:4029)),c,w	;volatile
   680  007C6A  50BD               	andlw	not (((1<<4)-1)<<0)
   681  007C6C  0BF0               	iorlw	(0Ch & ((1<<4)-1))<<0
   682  007C6E  090C               	movwf	((c:4029)),c	;volatile
   683  007C70  6EBD               	line	34
   684                           ;newmain.c: 34:     CCPR1L = 18;
   685                           	movlw	low(012h)
   686  007C72  0E12               	movwf	((c:4030)),c	;volatile
   687  007C74  6EBE               	line	35
   688                           ;newmain.c: 35:     PR2 = 155;
   689                           	movlw	low(09Bh)
   690  007C76  0E9B               	movwf	((c:4043)),c	;volatile
   691  007C78  6ECB               	line	36
   692                           ;newmain.c: 36:     T2CONbits.T2CKPS = 3;
   693                           	movlw	(03h & ((1<<2)-1))<<0
   694  007C7A  0E03               	iorwf	((c:4042)),c	;volatile
   695  007C7C  12CA               	line	37
   696                           	
   697                           l811:
   698  007C7E                     ;newmain.c: 37:     T2CONbits.TMR2ON = 1;
   699                           	bsf	((c:4042)),c,2	;volatile
   700  007C7E  84CA               	goto	l813
   701  007C80  EF42  F03E         	line	40
   702                           ;newmain.c: 40:     while(1){
   703                           	
   704                           l25:
   705  007C84                     	line	41
   706                           	
   707                           l813:
   708  007C84                     ;newmain.c: 41:         if(PORTBbits.RB0 == 0){
   709                           	btfsc	((c:3969)),c,0	;volatile
   710  007C84  B081               	goto	u141
   711  007C86  EF47  F03E         	goto	u140
   712  007C8A  EF49  F03E         u141:
   713  007C8E                     	goto	l813
   714  007C8E  EF42  F03E         u140:
   715  007C92                     	line	42
   716                           	
   717                           l815:
   718  007C92                     ;newmain.c: 42:             --init;
   719                           	decf	((c:_init)),c	;volatile
   720  007C92  060A               	btfss	status,0
   721  007C94  A0D8               	decf	((c:_init+1)),c	;volatile
   722  007C96  060B               	line	43
   723                           	
   724                           l817:
   725  007C98                     ;newmain.c: 43:             CCPR1L = init / 4;
   726                           	movff	(c:_init),(c:___awdiv@dividend)	;volatile
   727  007C98  C00A  F001         	movff	(c:_init+1),(c:___awdiv@dividend+1)	;volatile
   728  007C9C  C00B  F002         	movlw	high(04h)
   729  007CA0  0E00               	movwf	((c:___awdiv@divisor+1)),c
   730  007CA2  6E04               	movlw	low(04h)
   731  007CA4  0E04               	movwf	((c:___awdiv@divisor)),c
   732  007CA6  6E03               	call	___awdiv	;wreg free
   733  007CA8  EC6A  F03E         	movf	(0+?___awdiv),c,w
   734  007CAC  5001               	movwf	((c:4030)),c	;volatile
   735  007CAE  6EBE               	line	44
   736                           	
   737                           l819:
   738  007CB0                     ;newmain.c: 44:             CCP1CONbits.DC1B = init % 4;
   739                           	movff	(c:_init),??_main+0+0	;volatile
   740  007CB0  C00A  F009         	movlw	03h
   741  007CB4  0E03               	andwf	(??_main+0+0),c
   742  007CB6  1609               	swapf	(??_main+0+0),c
   743  007CB8  3A09               	movf	((c:4029)),c,w	;volatile
   744  007CBA  50BD               	xorwf	(??_main+0+0),c,w
   745  007CBC  1809               	andlw	not (((1<<2)-1)<<4)
   746  007CBE  0BCF               	xorwf	(??_main+0+0),c,w
   747  007CC0  1809               	movwf	((c:4029)),c	;volatile
   748  007CC2  6EBD               	goto	l813
   749  007CC4  EF42  F03E         	line	45
   750                           ;newmain.c: 45:         }
   751                           	
   752                           l26:
   753  007CC8                     	goto	l813
   754  007CC8  EF42  F03E         	line	47
   755                           ;newmain.c: 47:     }
   756                           	
   757                           l27:
   758  007CCC                     	goto	l813
   759  007CCC  EF42  F03E         	
   760                           l28:
   761  007CD0                     	line	49
   762                           ;newmain.c: 48:     return;
   763                           	
   764                           l29:
   765  007CD0                     	global	start
   766                           	goto	start
   767  007CD0  EF00  F000         	opt stack 0
   768                           GLOBAL	__end_of_main
   769                           	__end_of_main:
   770  007CD4                     	signat	_main,89
   771                           	global	___awdiv
   772                           
   773 ;; *************** function ___awdiv *****************
   774 ;; Defined at:
   775 ;;		line 7 in file "C:\Program Files (x86)\Microchip\xc8\v2.00\pic\sources\c99\common\awdiv.c"
   776 ;; Parameters:    Size  Location     Type
   777 ;;  dividend        2    0[COMRAM] int 
   778 ;;  divisor         2    2[COMRAM] int 
   779 ;; Auto vars:     Size  Location     Type
   780 ;;  quotient        2    6[COMRAM] int 
   781 ;;  sign            1    5[COMRAM] unsigned char 
   782 ;;  counter         1    4[COMRAM] unsigned char 
   783 ;; Return value:  Size  Location     Type
   784 ;;                  2    0[COMRAM] int 
   785 ;; Registers used:
   786 ;;		wreg, status,2, status,0
   787 ;; Tracked objects:
   788 ;;		On entry : 0/0
   789 ;;		On exit  : 0/0
   790 ;;		Unchanged: 0/0
   791 ;; Data sizes:     COMRAM   BANK0   BANK1   BANK2   BANK3   BANK4   BANK5
   792 ;;      Params:         4       0       0       0       0       0       0
   793 ;;      Locals:         4       0       0       0       0       0       0
   794 ;;      Temps:          0       0       0       0       0       0       0
   795 ;;      Totals:         8       0       0       0       0       0       0
   796 ;;Total ram usage:        8 bytes
   797 ;; Hardware stack levels used:    1
   798 ;; This function calls:
   799 ;;		Nothing
   800 ;; This function is called by:
   801 ;;		_main
   802 ;; This function uses a non-reentrant model
   803 ;;
   804                           psect	text1,class=CODE,space=0,reloc=2,group=1
   805                           	file	"C:\Program Files (x86)\Microchip\xc8\v2.00\pic\sources\c99\common\awdiv.c"
   806                           	line	7
   807                           global __ptext1
   808                           __ptext1:
   809  007CD4                     psect	text1
   810                           	file	"C:\Program Files (x86)\Microchip\xc8\v2.00\pic\sources\c99\common\awdiv.c"
   811                           	line	7
   812                           	global	__size_of___awdiv
   813                           	__size_of___awdiv	equ	__end_of___awdiv-___awdiv
   814  0000                     	
   815                           ___awdiv:
   816  007CD4                     ;incstack = 0
   817                           	opt	stack 30
   818                           	line	13
   819                           	
   820                           l763:
   821  007CD4                     	movlw	low(0)
   822  007CD4  0E00               	movwf	((c:___awdiv@sign)),c
   823  007CD6  6E06               	line	14
   824                           	
   825                           l765:
   826  007CD8                     	btfsc	((c:___awdiv@divisor+1)),c,7
   827  007CD8  BE04               	goto	u80
   828  007CDA  EF73  F03E         	goto	u81
   829  007CDE  EF71  F03E         
   830                           u81:
   831  007CE2                     	goto	l771
   832  007CE2  EF7B  F03E         u80:
   833  007CE6                     	line	15
   834                           	
   835                           l767:
   836  007CE6                     	negf	((c:___awdiv@divisor)),c
   837  007CE6  6C03               	comf	((c:___awdiv@divisor+1)),c
   838  007CE8  1E04               	btfsc	status,0
   839  007CEA  B0D8               	incf	((c:___awdiv@divisor+1)),c
   840  007CEC  2A04               	line	16
   841                           	
   842                           l769:
   843  007CEE                     	movlw	low(01h)
   844  007CEE  0E01               	movwf	((c:___awdiv@sign)),c
   845  007CF0  6E06               	goto	l771
   846  007CF2  EF7B  F03E         	line	17
   847                           	
   848                           l253:
   849  007CF6                     	line	18
   850                           	
   851                           l771:
   852  007CF6                     	btfsc	((c:___awdiv@dividend+1)),c,7
   853  007CF6  BE02               	goto	u90
   854  007CF8  EF82  F03E         	goto	u91
   855  007CFC  EF80  F03E         
   856                           u91:
   857  007D00                     	goto	l777
   858  007D00  EF8A  F03E         u90:
   859  007D04                     	line	19
   860                           	
   861                           l773:
   862  007D04                     	negf	((c:___awdiv@dividend)),c
   863  007D04  6C01               	comf	((c:___awdiv@dividend+1)),c
   864  007D06  1E02               	btfsc	status,0
   865  007D08  B0D8               	incf	((c:___awdiv@dividend+1)),c
   866  007D0A  2A02               	line	20
   867                           	
   868                           l775:
   869  007D0C                     	movlw	(01h)&0ffh
   870  007D0C  0E01               	xorwf	((c:___awdiv@sign)),c
   871  007D0E  1A06               	goto	l777
   872  007D10  EF8A  F03E         	line	21
   873                           	
   874                           l254:
   875  007D14                     	line	22
   876                           	
   877                           l777:
   878  007D14                     	movlw	high(0)
   879  007D14  0E00               	movwf	((c:___awdiv@quotient+1)),c
   880  007D16  6E08               	movlw	low(0)
   881  007D18  0E00               	movwf	((c:___awdiv@quotient)),c
   882  007D1A  6E07               	line	23
   883                           	
   884                           l779:
   885  007D1C                     	movf	((c:___awdiv@divisor)),c,w
   886  007D1C  5003               iorwf	((c:___awdiv@divisor+1)),c,w
   887  007D1E  1004               	btfsc	status,2
   888  007D20  B4D8               	goto	u101
   889  007D22  EF95  F03E         	goto	u100
   890  007D26  EF97  F03E         
   891                           u101:
   892  007D2A                     	goto	l799
   893  007D2A  EFCB  F03E         u100:
   894  007D2E                     	line	24
   895                           	
   896                           l781:
   897  007D2E                     	movlw	low(01h)
   898  007D2E  0E01               	movwf	((c:___awdiv@counter)),c
   899  007D30  6E05               	line	25
   900                           	goto	l785
   901  007D32  EFA1  F03E         	
   902                           l257:
   903  007D36                     	line	26
   904                           	
   905                           l783:
   906  007D36                     	bcf	status,0
   907  007D36  90D8               	rlcf	((c:___awdiv@divisor)),c
   908  007D38  3603               	rlcf	((c:___awdiv@divisor+1)),c
   909  007D3A  3604               	line	27
   910                           	incf	((c:___awdiv@counter)),c
   911  007D3C  2A05               	goto	l785
   912  007D3E  EFA1  F03E         	line	28
   913                           	
   914                           l256:
   915  007D42                     	line	25
   916                           	
   917                           l785:
   918  007D42                     	
   919                           	btfss	((c:___awdiv@divisor+1)),c,(15)&7
   920  007D42  AE04               	goto	u111
   921  007D44  EFA6  F03E         	goto	u110
   922  007D48  EFA8  F03E         u111:
   923  007D4C                     	goto	l783
   924  007D4C  EF9B  F03E         u110:
   925  007D50                     	goto	l787
   926  007D50  EFAC  F03E         	
   927                           l258:
   928  007D54                     	goto	l787
   929  007D54  EFAC  F03E         	line	29
   930                           	
   931                           l259:
   932  007D58                     	line	30
   933                           	
   934                           l787:
   935  007D58                     	bcf	status,0
   936  007D58  90D8               	rlcf	((c:___awdiv@quotient)),c
   937  007D5A  3607               	rlcf	((c:___awdiv@quotient+1)),c
   938  007D5C  3608               	line	31
   939                           	
   940                           l789:
   941  007D5E                     		movf	((c:___awdiv@divisor)),c,w
   942  007D5E  5003               	subwf	((c:___awdiv@dividend)),c,w
   943  007D60  5C01               	movf	((c:___awdiv@divisor+1)),c,w
   944  007D62  5004               	subwfb	((c:___awdiv@dividend+1)),c,w
   945  007D64  5802               	btfss	status,0
   946  007D66  A0D8               	goto	u121
   947  007D68  EFB8  F03E         	goto	u120
   948  007D6C  EFBA  F03E         
   949                           u121:
   950  007D70                     	goto	l795
   951  007D70  EFC1  F03E         u120:
   952  007D74                     	line	32
   953                           	
   954                           l791:
   955  007D74                     	movf	((c:___awdiv@divisor)),c,w
   956  007D74  5003               	subwf	((c:___awdiv@dividend)),c
   957  007D76  5E01               	movf	((c:___awdiv@divisor+1)),c,w
   958  007D78  5004               	subwfb	((c:___awdiv@dividend+1)),c
   959  007D7A  5A02               
   960                           	line	33
   961                           	
   962                           l793:
   963  007D7C                     	bsf	(0+(0/8)+(c:___awdiv@quotient)),c,(0)&7
   964  007D7C  8007               	goto	l795
   965  007D7E  EFC1  F03E         	line	34
   966                           	
   967                           l260:
   968  007D82                     	line	35
   969                           	
   970                           l795:
   971  007D82                     	bcf	status,0
   972  007D82  90D8               	rrcf	((c:___awdiv@divisor+1)),c
   973  007D84  3204               	rrcf	((c:___awdiv@divisor)),c
   974  007D86  3203               	line	36
   975                           	
   976                           l797:
   977  007D88                     	decfsz	((c:___awdiv@counter)),c
   978  007D88  2E05               	
   979                           	goto	l787
   980  007D8A  EFAC  F03E         	goto	l799
   981  007D8E  EFCB  F03E         	
   982                           l261:
   983  007D92                     	goto	l799
   984  007D92  EFCB  F03E         	line	37
   985                           	
   986                           l255:
   987  007D96                     	line	38
   988                           	
   989                           l799:
   990  007D96                     	movf	((c:___awdiv@sign)),c,w
   991  007D96  5006               	btfsc	status,2
   992  007D98  B4D8               	goto	u131
   993  007D9A  EFD1  F03E         	goto	u130
   994  007D9E  EFD3  F03E         u131:
   995  007DA2                     	goto	l803
   996  007DA2  EFD9  F03E         u130:
   997  007DA6                     	line	39
   998                           	
   999                           l801:
  1000  007DA6                     	negf	((c:___awdiv@quotient)),c
  1001  007DA6  6C07               	comf	((c:___awdiv@quotient+1)),c
  1002  007DA8  1E08               	btfsc	status,0
  1003  007DAA  B0D8               	incf	((c:___awdiv@quotient+1)),c
  1004  007DAC  2A08               	goto	l803
  1005  007DAE  EFD9  F03E         	
  1006                           l262:
  1007  007DB2                     	line	40
  1008                           	
  1009                           l803:
  1010  007DB2                     	movff	(c:___awdiv@quotient),(c:?___awdiv)
  1011  007DB2  C007  F001         	movff	(c:___awdiv@quotient+1),(c:?___awdiv+1)
  1012  007DB6  C008  F002         	goto	l263
  1013  007DBA  EFDF  F03E         	
  1014                           l805:
  1015  007DBE                     	line	41
  1016                           	
  1017                           l263:
  1018  007DBE                     	return	;funcret
  1019  007DBE  0012               	opt stack 0
  1020                           GLOBAL	__end_of___awdiv
  1021                           	__end_of___awdiv:
  1022  007DC0                     	signat	___awdiv,8314
  1023                           	GLOBAL	__activetblptr
  1024                           __activetblptr	EQU	0
  1025  0000                     	psect	intsave_regs,class=BIGRAM,space=1,noexec
  1026                           	PSECT	rparam,class=COMRAM,space=1,noexec
  1027                           	GLOBAL	__Lrparam
  1028                           	FNCONF	rparam,??,?
  1029                           	GLOBAL	___rparam_used
  1030                           	___rparam_used EQU 1
  1031  0000                     	GLOBAL	___param_bank
  1032                           	___param_bank EQU 0
  1033  0000                     GLOBAL	__Lparam, __Hparam
  1034                           GLOBAL	__Lrparam, __Hrparam
  1035                           __Lparam	EQU	__Lrparam
  1036  0000                     __Hparam	EQU	__Hrparam
  1037  0000                     	end


Data Sizes:
    Strings     0
    Constant    0
    Data        2
    BSS         0
    Persistent  0
    Stack       0

Auto Spaces:
    Space          Size  Autos    Used
    COMRAM          127      9      11
    BANK0           128      0       0
    BANK1           256      0       0
    BANK2           256      0       0
    BANK3           256      0       0
    BANK4           256      0       0
    BANK5           244      0       0

Pointer List with Targets:

    None.

Critical Paths under _main in COMRAM

    _main->___awdiv

Critical Paths under _main in BANK0

    None.

Critical Paths under _main in BANK1

    None.

Critical Paths under _main in BANK2

    None.

Critical Paths under _main in BANK3

    None.

Critical Paths under _main in BANK4

    None.

Critical Paths under _main in BANK5

    None.

Call Graph Tables:

 ---------------------------------------------------------------------------------
 (Depth) Function   	        Calls       Base Space   Used Autos Params    Refs
 ---------------------------------------------------------------------------------
 (0) _main                                                 1     1      0     452
                                              8 COMRAM     1     1      0
                            ___awdiv
 ---------------------------------------------------------------------------------
 (1) ___awdiv                                              8     4      4     452
                                              0 COMRAM     8     4      4
 ---------------------------------------------------------------------------------
 Estimated maximum stack depth 1
 ---------------------------------------------------------------------------------

 Call Graph Graphs:

 _main (ROOT)
   ___awdiv

 Address spaces:
Name               Size   Autos  Total    Cost      Usage
BIGRAM             5F3      0       0      16        0.0%
EEDATA             100      0       0       0        0.0%
BITBANK4           100      0       0      11        0.0%
BANK4              100      0       0      12        0.0%
BITBANK3           100      0       0       9        0.0%
BANK3              100      0       0      10        0.0%
BITBANK2           100      0       0       7        0.0%
BANK2              100      0       0       8        0.0%
BITBANK1           100      0       0       5        0.0%
BANK1              100      0       0       6        0.0%
BITBANK5            F4      0       0      15        0.0%
BANK5               F4      0       0      13        0.0%
BITBANK0            80      0       0       3        0.0%
BANK0               80      0       0       4        0.0%
BITCOMRAM           7F      0       0       0        0.0%
COMRAM              7F      9       B       1        8.7%
BITSFR_5             0      0       0     200        0.0%
SFR_5                0      0       0     200        0.0%
BITSFR_4             0      0       0     200        0.0%
SFR_4                0      0       0     200        0.0%
BITSFR_3             0      0       0     200        0.0%
SFR_3                0      0       0     200        0.0%
BITSFR_2             0      0       0     200        0.0%
SFR_2                0      0       0     200        0.0%
BITSFR_1             0      0       0     200        0.0%
SFR_1                0      0       0     200        0.0%
BITSFR               0      0       0     200        0.0%
SFR                  0      0       0     200        0.0%
STACK                0      0       0       2        0.0%
NULL                 0      0       0       0        0.0%
ABS                  0      0       B      14        0.0%
DATA                 0      0       B      17        0.0%
CODE                 0      0       0       0        0.0%


Microchip Technology PIC18 Macro Assembler V2.00 build -1524193055 
Symbol Table                                                                                   Mon Dec 03 19:16:56 2018

                     l25 7C84                       l26 7CC8                       l27 7CCC  
                     l28 7CD0                       l29 7CD0                       u80 7CE6  
                     u81 7CE2                       u90 7D04                       u91 7D00  
           ___awdiv@sign 0006                      l260 7D82                      l261 7D92  
                    l253 7CF6                      l262 7DB2                      l254 7D14  
                    l263 7DBE                      l255 7D96                      l256 7D42  
                    l257 7D36                      l258 7D54                      l259 7D58  
                    l801 7DA6                      l803 7DB2                      l811 7C7E  
                    l805 7DBE                      l813 7C84                      l815 7C92  
                    l807 7C56                      l817 7C98                      l809 7C5E  
                    l771 7CF6                      l763 7CD4                      l819 7CB0  
                    l781 7D2E                      l773 7D04                      l765 7CD8  
                    l791 7D74                      l783 7D36                      l775 7D0C  
                    l767 7CE6                      l793 7D7C                      l785 7D42  
                    l777 7D14                      l769 7CEE                      l795 7D82  
                    l787 7D58                      l779 7D1C                      l797 7D88  
                    l789 7D5E                      l799 7D96                      u100 7D2E  
                    u101 7D2A                      u110 7D50                      u111 7D4C  
                    u120 7D74                      u121 7D70                      u130 7DA6  
                    u131 7DA2                      u140 7C92                      u141 7C8E  
                    _PR2 000FCB             __CFG_LVP$OFF 000000             __CFG_WDT$OFF 000000  
                   _LATC 000F8B                     _main 7C56                     _init 000A  
                   start 0000             ___param_bank 000000                    ?_main 0001  
        __end_of___awdiv 7DC0          ___awdiv@divisor 0003          ___awdiv@counter 0005  
                  _TRISC 000F94                    tablat 000FF5                    status 000FD8  
        __initialization 7C38             __end_of_main 7CD4                   ??_main 0009  
          __activetblptr 000000                   _CCPR1L 000FBE         ___awdiv@dividend 0001  
              ??___awdiv 0005         ___awdiv@quotient 0007             __pdataCOMRAM 000A  
                 tblptrh 000FF7                   tblptrl 000FF6                   tblptru 000FF8  
             __accesstop 0080  __end_of__initialization 7C50          __CFG_PBADEN$OFF 000000  
          ___rparam_used 000001           __pcstackCOMRAM 0001                  __Hparam 0000  
                __Lparam 0000                  ___awdiv 7CD4                  __pcinit 7C38  
                __ramtop 0600                  __ptext0 7C56                  __ptext1 7CD4  
              _T2CONbits 000FCA     end_of_initialization 7C50                _PORTBbits 000F81  
              _TRISBbits 000F93              _CCP1CONbits 000FBD            __pidataCOMRAM 7C36  
    start_initialization 7C38         __CFG_OSC$INTIO67 000000                 ?___awdiv 0001  
               __Hrparam 0000                 __Lrparam 0000         __size_of___awdiv 00EC  
          __size_of_main 007E               _OSCCONbits 000FD3  
