

Microchip Technology PIC18 LITE Macro Assembler V2.00 build -1524193055 
                                                                                               Mon Dec 10 18:53:44 2018

Microchip Technology Omniscient Code Generator v2.00 (Free mode) build 20180527130849
     1  0000                     
     2                           ; Version 2.00
     3                           ; Generated 27/05/2018 GMT
     4                           
     5                           ; 
     6                           ; Copyright © 2018, Microchip Technology Inc. and its subsidiaries ("Microchip")
     7                           ; All rights reserved.
     8                           ; 
     9                           ; This software is developed by Microchip Technology Inc. and its subsidiaries ("Microch
                                 ip").
    10                           ; 
    11                           ; Redistribution and use in source and binary forms, with or without modification, are
    12                           ; permitted provided that the following conditions are met:
    13                           ; 
    14                           ;     1. Redistributions of source code must retain the above copyright notice, this lis
                                 t of
    15                           ;        conditions and the following disclaimer.
    16                           ; 
    17                           ;     2. Redistributions in binary form must reproduce the above copyright notice, this 
                                 list
    18                           ;        of conditions and the following disclaimer in the documentation and/or other
    19                           ;        materials provided with the distribution.
    20                           ; 
    21                           ;     3. Microchip's name may not be used to endorse or promote products derived from th
                                 is
    22                           ;        software without specific prior written permission.
    23                           ; 
    24                           ; THIS SOFTWARE IS PROVIDED BY MICROCHIP "AS IS" AND ANY EXPRESS OR IMPLIED WARRANTIES,

    25                           ; INCLUDING, BUT NOT LIMITED TO, THE IMPLIED WARRANTIES OF MERCHANTABILITY AND FITNESS F
                                 OR
    26                           ; PURPOSE ARE DISCLAIMED.  IN NO EVENT SHALL MICROCHIP BE LIABLE FOR ANY DIRECT, INDIREC
                                 T,
    27                           ; INCIDENTAL, SPECIAL, EXEMPLARY, OR CONSEQUENTIAL DAMAGES (INCLUDING BUT NOT LIMITED TO
                                 
    28                           ; PROCUREMENT OF SUBSTITUTE GOODS OR SERVICES; LOSS OF USE, DATA OR PROFITS; OR BUSINESS
                                 
    29                           ; INTERRUPTION) HOWSOEVER CAUSED AND ON ANY THEORY OF LIABILITY, WHETHER IN CONTRACT, ST
                                 RICT
    30                           ; LIABILITY, OR TORT (INCLUDING NEGLIGENCE OR OTHERWISE) ARISING IN ANY WAY OUT OF THE U
                                 SE OF
    31                           ; THIS SOFTWARE, EVEN IF ADVISED OF THE POSSIBILITY OF SUCH DAMAGE.
    32                           ; 
    33                           
    34                           
    35                           ; 
    36                           ; Code-generator required, PIC18F4520 Definitions
    37                           ; 
    38  0000                     fsr0 equ 0FE9h
    39  0000                     fsr0h equ 0FEAh
    40  0000                     fsr0l equ 0FE9h
    41  0000                     fsr1 equ 0FE1h
    42  0000                     fsr1h equ 0FE2h
    43  0000                     fsr1l equ 0FE1h
    44  0000                     fsr2 equ 0FD9h
    45  0000                     fsr2h equ 0FDAh
    46  0000                     fsr2l equ 0FD9h
    47  0000                     indf0 equ 0FEFh
    48  0000                     indf1 equ 0FE7h
    49  0000                     indf2 equ 0FDFh
    50  0000                     intcon equ 0FF2h
    51  0000                     nvmcon equ 00h
    52  0000                     pcl equ 0FF9h
    53  0000                     pclath equ 0FFAh
    54  0000                     pclatu equ 0FFBh
    55  0000                     plusw0 equ 0FEBh
    56  0000                     plusw1 equ 0FE3h
    57  0000                     plusw2 equ 0FDBh
    58  0000                     postdec0 equ 0FEDh
    59  0000                     postdec1 equ 0FE5h
    60  0000                     postdec2 equ 0FDDh
    61  0000                     postinc0 equ 0FEEh
    62  0000                     postinc1 equ 0FE6h
    63  0000                     postinc2 equ 0FDEh
    64  0000                     preinc0 equ 0FECh
    65  0000                     preinc1 equ 0FE4h
    66  0000                     preinc2 equ 0FDCh
    67  0000                     prod equ 0FF3h
    68  0000                     prodh equ 0FF4h
    69  0000                     prodl equ 0FF3h
    70  0000                     status equ 0FD8h
    71  0000                     tablat equ 0FF5h
    72  0000                     tblptr equ 0FF6h
    73  0000                     tblptrh equ 0FF7h
    74  0000                     tblptrl equ 0FF6h
    75  0000                     tblptru equ 0FF8h
    76  0000                     tosl equ 0FFDh
    77  0000                     wreg equ 0FE8h
    78  0000                     
     2                           opt pagewidth 120
     3  0000                     byte0	macro	val
     4                           	(getbyte(val,0))
     5                           endm
     6  0000                     byte1	macro	val
     7                           	(getbyte(val,1))
     8                           endm
     9  0000                     byte2	macro	val
    10                           	(getbyte(val,2))
    11                           endm
    12  0000                     byte3	macro	val
    13                           	(getbyte(val,3))
    14                           endm
    15  0000                     byte4	macro	val
    16                           	(getbyte(val,4))
    17                           endm
    18  0000                     byte5	macro	val
    19                           	(getbyte(val,5))
    20                           endm
    21  0000                     byte6	macro	val
    22                           	(getbyte(val,6))
    23                           endm
    24  0000                     byte7	macro	val
    25                           	(getbyte(val,7))
    26                           endm
    27  0000                     getword	macro	val,pos
    28                           	(((val) >> (8 * pos)) and 0xffff)
    29                           endm
    30  0000                     word0	macro	val
    31                           	(getword(val,0))
    32                           endm
    33  0000                     word1	macro	val
    34                           	(getword(val,2))
    35                           endm
    36  0000                     word2	macro	val
    37                           	(getword(val,4))
    38                           endm
    39  0000                     word3	macro	val
    40                           	(getword(val,6))
    41                           endm
    42  0000                     gettword	macro	val,pos
    43                           	(((val) >> (8 * pos)) and 0xffffff)
    44                           endm
    45  0000                     tword0	macro	val
    46                           	(gettword(val,0))
    47                           endm
    48  0000                     tword1	macro	val
    49                           	(gettword(val,3))
    50                           endm
    51  0000                     tword2	macro	val
    52                           	(gettword(val,6))
    53                           endm
    54  0000                     getdword	macro	val,pos
    55                           	(((val) >> (8 * pos)) and 0xffffffff)
    56                           endm
    57  0000                     dword0	macro	val
    58                           	(getdword(val,0))
    59                           endm
    60  0000                     dword1	macro	val
    61                           	(getdword(val,4))
    62                           endm
    63  0000                     clrc   macro
    64                           	bcf	status,0
    65                           endm
    66  0000                     setc   macro
    67                           	bsf	status,0
    68                           endm
    69  0000                     clrz   macro
    70                           	bcf	status,2
    71                           endm
    72  0000                     setz   macro
    73                           	bsf	status,2
    74                           endm
    75  0000                     skipnz macro
    76                           	btfsc	status,2
    77                           endm
    78  0000                     skipz  macro
    79                           	btfss	status,2
    80                           endm
    81  0000                     skipnc macro
    82                           	btfsc	status,0
    83                           endm
    84  0000                     skipc  macro
    85                           	btfss	status,0
    86                           endm
    87  0000                     pushw macro
    88                           	movwf postinc1
    89                           endm
    90  0000                     pushf macro arg1
    91                           	movff arg1, postinc1
    92                           endm
    93  0000                     popw macro
    94                           	movf postdec1,f
    95                           	movf indf1,w
    96                           endm
    97  0000                     popf macro arg1
    98                           	movf postdec1,f
    99                           	movff indf1,arg1
   100                           endm
   101  0000                     popfc macro arg1
   102                           	movff plusw1,arg1
   103                           	decfsz fsr1,f
   104                           endm
   105  0000                     	global	__ramtop
   106                           	global	__accesstop
   107                           # 54 "C:\Program Files (x86)\Microchip\xc8\v2.00\pic\include\pic18f4520.h"
   108                           PORTA equ 0F80h ;# 
   109  0000                     # 273 "C:\Program Files (x86)\Microchip\xc8\v2.00\pic\include\pic18f4520.h"
   110                           PORTB equ 0F81h ;# 
   111  0000                     # 452 "C:\Program Files (x86)\Microchip\xc8\v2.00\pic\include\pic18f4520.h"
   112                           PORTC equ 0F82h ;# 
   113  0000                     # 634 "C:\Program Files (x86)\Microchip\xc8\v2.00\pic\include\pic18f4520.h"
   114                           PORTD equ 0F83h ;# 
   115  0000                     # 776 "C:\Program Files (x86)\Microchip\xc8\v2.00\pic\include\pic18f4520.h"
   116                           PORTE equ 0F84h ;# 
   117  0000                     # 979 "C:\Program Files (x86)\Microchip\xc8\v2.00\pic\include\pic18f4520.h"
   118                           LATA equ 0F89h ;# 
   119  0000                     # 1091 "C:\Program Files (x86)\Microchip\xc8\v2.00\pic\include\pic18f4520.h"
   120                           LATB equ 0F8Ah ;# 
   121  0000                     # 1203 "C:\Program Files (x86)\Microchip\xc8\v2.00\pic\include\pic18f4520.h"
   122                           LATC equ 0F8Bh ;# 
   123  0000                     # 1315 "C:\Program Files (x86)\Microchip\xc8\v2.00\pic\include\pic18f4520.h"
   124                           LATD equ 0F8Ch ;# 
   125  0000                     # 1427 "C:\Program Files (x86)\Microchip\xc8\v2.00\pic\include\pic18f4520.h"
   126                           LATE equ 0F8Dh ;# 
   127  0000                     # 1479 "C:\Program Files (x86)\Microchip\xc8\v2.00\pic\include\pic18f4520.h"
   128                           TRISA equ 0F92h ;# 
   129  0000                     # 1484 "C:\Program Files (x86)\Microchip\xc8\v2.00\pic\include\pic18f4520.h"
   130                           DDRA equ 0F92h ;# 
   131  0000                     # 1701 "C:\Program Files (x86)\Microchip\xc8\v2.00\pic\include\pic18f4520.h"
   132                           TRISB equ 0F93h ;# 
   133  0000                     # 1706 "C:\Program Files (x86)\Microchip\xc8\v2.00\pic\include\pic18f4520.h"
   134                           DDRB equ 0F93h ;# 
   135  0000                     # 1923 "C:\Program Files (x86)\Microchip\xc8\v2.00\pic\include\pic18f4520.h"
   136                           TRISC equ 0F94h ;# 
   137  0000                     # 1928 "C:\Program Files (x86)\Microchip\xc8\v2.00\pic\include\pic18f4520.h"
   138                           DDRC equ 0F94h ;# 
   139  0000                     # 2145 "C:\Program Files (x86)\Microchip\xc8\v2.00\pic\include\pic18f4520.h"
   140                           TRISD equ 0F95h ;# 
   141  0000                     # 2150 "C:\Program Files (x86)\Microchip\xc8\v2.00\pic\include\pic18f4520.h"
   142                           DDRD equ 0F95h ;# 
   143  0000                     # 2367 "C:\Program Files (x86)\Microchip\xc8\v2.00\pic\include\pic18f4520.h"
   144                           TRISE equ 0F96h ;# 
   145  0000                     # 2372 "C:\Program Files (x86)\Microchip\xc8\v2.00\pic\include\pic18f4520.h"
   146                           DDRE equ 0F96h ;# 
   147  0000                     # 2531 "C:\Program Files (x86)\Microchip\xc8\v2.00\pic\include\pic18f4520.h"
   148                           OSCTUNE equ 0F9Bh ;# 
   149  0000                     # 2596 "C:\Program Files (x86)\Microchip\xc8\v2.00\pic\include\pic18f4520.h"
   150                           PIE1 equ 0F9Dh ;# 
   151  0000                     # 2673 "C:\Program Files (x86)\Microchip\xc8\v2.00\pic\include\pic18f4520.h"
   152                           PIR1 equ 0F9Eh ;# 
   153  0000                     # 2750 "C:\Program Files (x86)\Microchip\xc8\v2.00\pic\include\pic18f4520.h"
   154                           IPR1 equ 0F9Fh ;# 
   155  0000                     # 2827 "C:\Program Files (x86)\Microchip\xc8\v2.00\pic\include\pic18f4520.h"
   156                           PIE2 equ 0FA0h ;# 
   157  0000                     # 2893 "C:\Program Files (x86)\Microchip\xc8\v2.00\pic\include\pic18f4520.h"
   158                           PIR2 equ 0FA1h ;# 
   159  0000                     # 2959 "C:\Program Files (x86)\Microchip\xc8\v2.00\pic\include\pic18f4520.h"
   160                           IPR2 equ 0FA2h ;# 
   161  0000                     # 3025 "C:\Program Files (x86)\Microchip\xc8\v2.00\pic\include\pic18f4520.h"
   162                           EECON1 equ 0FA6h ;# 
   163  0000                     # 3091 "C:\Program Files (x86)\Microchip\xc8\v2.00\pic\include\pic18f4520.h"
   164                           EECON2 equ 0FA7h ;# 
   165  0000                     # 3098 "C:\Program Files (x86)\Microchip\xc8\v2.00\pic\include\pic18f4520.h"
   166                           EEDATA equ 0FA8h ;# 
   167  0000                     # 3105 "C:\Program Files (x86)\Microchip\xc8\v2.00\pic\include\pic18f4520.h"
   168                           EEADR equ 0FA9h ;# 
   169  0000                     # 3112 "C:\Program Files (x86)\Microchip\xc8\v2.00\pic\include\pic18f4520.h"
   170                           RCSTA equ 0FABh ;# 
   171  0000                     # 3117 "C:\Program Files (x86)\Microchip\xc8\v2.00\pic\include\pic18f4520.h"
   172                           RCSTA1 equ 0FABh ;# 
   173  0000                     # 3322 "C:\Program Files (x86)\Microchip\xc8\v2.00\pic\include\pic18f4520.h"
   174                           TXSTA equ 0FACh ;# 
   175  0000                     # 3327 "C:\Program Files (x86)\Microchip\xc8\v2.00\pic\include\pic18f4520.h"
   176                           TXSTA1 equ 0FACh ;# 
   177  0000                     # 3578 "C:\Program Files (x86)\Microchip\xc8\v2.00\pic\include\pic18f4520.h"
   178                           TXREG equ 0FADh ;# 
   179  0000                     # 3583 "C:\Program Files (x86)\Microchip\xc8\v2.00\pic\include\pic18f4520.h"
   180                           TXREG1 equ 0FADh ;# 
   181  0000                     # 3590 "C:\Program Files (x86)\Microchip\xc8\v2.00\pic\include\pic18f4520.h"
   182                           RCREG equ 0FAEh ;# 
   183  0000                     # 3595 "C:\Program Files (x86)\Microchip\xc8\v2.00\pic\include\pic18f4520.h"
   184                           RCREG1 equ 0FAEh ;# 
   185  0000                     # 3602 "C:\Program Files (x86)\Microchip\xc8\v2.00\pic\include\pic18f4520.h"
   186                           SPBRG equ 0FAFh ;# 
   187  0000                     # 3607 "C:\Program Files (x86)\Microchip\xc8\v2.00\pic\include\pic18f4520.h"
   188                           SPBRG1 equ 0FAFh ;# 
   189  0000                     # 3614 "C:\Program Files (x86)\Microchip\xc8\v2.00\pic\include\pic18f4520.h"
   190                           SPBRGH equ 0FB0h ;# 
   191  0000                     # 3621 "C:\Program Files (x86)\Microchip\xc8\v2.00\pic\include\pic18f4520.h"
   192                           T3CON equ 0FB1h ;# 
   193  0000                     # 3733 "C:\Program Files (x86)\Microchip\xc8\v2.00\pic\include\pic18f4520.h"
   194                           TMR3 equ 0FB2h ;# 
   195  0000                     # 3740 "C:\Program Files (x86)\Microchip\xc8\v2.00\pic\include\pic18f4520.h"
   196                           TMR3L equ 0FB2h ;# 
   197  0000                     # 3747 "C:\Program Files (x86)\Microchip\xc8\v2.00\pic\include\pic18f4520.h"
   198                           TMR3H equ 0FB3h ;# 
   199  0000                     # 3754 "C:\Program Files (x86)\Microchip\xc8\v2.00\pic\include\pic18f4520.h"
   200                           CMCON equ 0FB4h ;# 
   201  0000                     # 3844 "C:\Program Files (x86)\Microchip\xc8\v2.00\pic\include\pic18f4520.h"
   202                           CVRCON equ 0FB5h ;# 
   203  0000                     # 3923 "C:\Program Files (x86)\Microchip\xc8\v2.00\pic\include\pic18f4520.h"
   204                           ECCP1AS equ 0FB6h ;# 
   205  0000                     # 3928 "C:\Program Files (x86)\Microchip\xc8\v2.00\pic\include\pic18f4520.h"
   206                           ECCPAS equ 0FB6h ;# 
   207  0000                     # 4085 "C:\Program Files (x86)\Microchip\xc8\v2.00\pic\include\pic18f4520.h"
   208                           PWM1CON equ 0FB7h ;# 
   209  0000                     # 4090 "C:\Program Files (x86)\Microchip\xc8\v2.00\pic\include\pic18f4520.h"
   210                           ECCP1DEL equ 0FB7h ;# 
   211  0000                     # 4223 "C:\Program Files (x86)\Microchip\xc8\v2.00\pic\include\pic18f4520.h"
   212                           BAUDCON equ 0FB8h ;# 
   213  0000                     # 4228 "C:\Program Files (x86)\Microchip\xc8\v2.00\pic\include\pic18f4520.h"
   214                           BAUDCTL equ 0FB8h ;# 
   215  0000                     # 4403 "C:\Program Files (x86)\Microchip\xc8\v2.00\pic\include\pic18f4520.h"
   216                           CCP2CON equ 0FBAh ;# 
   217  0000                     # 4482 "C:\Program Files (x86)\Microchip\xc8\v2.00\pic\include\pic18f4520.h"
   218                           CCPR2 equ 0FBBh ;# 
   219  0000                     # 4489 "C:\Program Files (x86)\Microchip\xc8\v2.00\pic\include\pic18f4520.h"
   220                           CCPR2L equ 0FBBh ;# 
   221  0000                     # 4496 "C:\Program Files (x86)\Microchip\xc8\v2.00\pic\include\pic18f4520.h"
   222                           CCPR2H equ 0FBCh ;# 
   223  0000                     # 4503 "C:\Program Files (x86)\Microchip\xc8\v2.00\pic\include\pic18f4520.h"
   224                           CCP1CON equ 0FBDh ;# 
   225  0000                     # 4600 "C:\Program Files (x86)\Microchip\xc8\v2.00\pic\include\pic18f4520.h"
   226                           CCPR1 equ 0FBEh ;# 
   227  0000                     # 4607 "C:\Program Files (x86)\Microchip\xc8\v2.00\pic\include\pic18f4520.h"
   228                           CCPR1L equ 0FBEh ;# 
   229  0000                     # 4614 "C:\Program Files (x86)\Microchip\xc8\v2.00\pic\include\pic18f4520.h"
   230                           CCPR1H equ 0FBFh ;# 
   231  0000                     # 4621 "C:\Program Files (x86)\Microchip\xc8\v2.00\pic\include\pic18f4520.h"
   232                           ADCON2 equ 0FC0h ;# 
   233  0000                     # 4692 "C:\Program Files (x86)\Microchip\xc8\v2.00\pic\include\pic18f4520.h"
   234                           ADCON1 equ 0FC1h ;# 
   235  0000                     # 4777 "C:\Program Files (x86)\Microchip\xc8\v2.00\pic\include\pic18f4520.h"
   236                           ADCON0 equ 0FC2h ;# 
   237  0000                     # 4896 "C:\Program Files (x86)\Microchip\xc8\v2.00\pic\include\pic18f4520.h"
   238                           ADRES equ 0FC3h ;# 
   239  0000                     # 4903 "C:\Program Files (x86)\Microchip\xc8\v2.00\pic\include\pic18f4520.h"
   240                           ADRESL equ 0FC3h ;# 
   241  0000                     # 4910 "C:\Program Files (x86)\Microchip\xc8\v2.00\pic\include\pic18f4520.h"
   242                           ADRESH equ 0FC4h ;# 
   243  0000                     # 4917 "C:\Program Files (x86)\Microchip\xc8\v2.00\pic\include\pic18f4520.h"
   244                           SSPCON2 equ 0FC5h ;# 
   245  0000                     # 5012 "C:\Program Files (x86)\Microchip\xc8\v2.00\pic\include\pic18f4520.h"
   246                           SSPCON1 equ 0FC6h ;# 
   247  0000                     # 5082 "C:\Program Files (x86)\Microchip\xc8\v2.00\pic\include\pic18f4520.h"
   248                           SSPSTAT equ 0FC7h ;# 
   249  0000                     # 5303 "C:\Program Files (x86)\Microchip\xc8\v2.00\pic\include\pic18f4520.h"
   250                           SSPADD equ 0FC8h ;# 
   251  0000                     # 5310 "C:\Program Files (x86)\Microchip\xc8\v2.00\pic\include\pic18f4520.h"
   252                           SSPBUF equ 0FC9h ;# 
   253  0000                     # 5317 "C:\Program Files (x86)\Microchip\xc8\v2.00\pic\include\pic18f4520.h"
   254                           T2CON equ 0FCAh ;# 
   255  0000                     # 5415 "C:\Program Files (x86)\Microchip\xc8\v2.00\pic\include\pic18f4520.h"
   256                           PR2 equ 0FCBh ;# 
   257  0000                     # 5420 "C:\Program Files (x86)\Microchip\xc8\v2.00\pic\include\pic18f4520.h"
   258                           MEMCON equ 0FCBh ;# 
   259  0000                     # 5525 "C:\Program Files (x86)\Microchip\xc8\v2.00\pic\include\pic18f4520.h"
   260                           TMR2 equ 0FCCh ;# 
   261  0000                     # 5532 "C:\Program Files (x86)\Microchip\xc8\v2.00\pic\include\pic18f4520.h"
   262                           T1CON equ 0FCDh ;# 
   263  0000                     # 5635 "C:\Program Files (x86)\Microchip\xc8\v2.00\pic\include\pic18f4520.h"
   264                           TMR1 equ 0FCEh ;# 
   265  0000                     # 5642 "C:\Program Files (x86)\Microchip\xc8\v2.00\pic\include\pic18f4520.h"
   266                           TMR1L equ 0FCEh ;# 
   267  0000                     # 5649 "C:\Program Files (x86)\Microchip\xc8\v2.00\pic\include\pic18f4520.h"
   268                           TMR1H equ 0FCFh ;# 
   269  0000                     # 5656 "C:\Program Files (x86)\Microchip\xc8\v2.00\pic\include\pic18f4520.h"
   270                           RCON equ 0FD0h ;# 
   271  0000                     # 5789 "C:\Program Files (x86)\Microchip\xc8\v2.00\pic\include\pic18f4520.h"
   272                           WDTCON equ 0FD1h ;# 
   273  0000                     # 5817 "C:\Program Files (x86)\Microchip\xc8\v2.00\pic\include\pic18f4520.h"
   274                           HLVDCON equ 0FD2h ;# 
   275  0000                     # 5822 "C:\Program Files (x86)\Microchip\xc8\v2.00\pic\include\pic18f4520.h"
   276                           LVDCON equ 0FD2h ;# 
   277  0000                     # 6087 "C:\Program Files (x86)\Microchip\xc8\v2.00\pic\include\pic18f4520.h"
   278                           OSCCON equ 0FD3h ;# 
   279  0000                     # 6170 "C:\Program Files (x86)\Microchip\xc8\v2.00\pic\include\pic18f4520.h"
   280                           T0CON equ 0FD5h ;# 
   281  0000                     # 6253 "C:\Program Files (x86)\Microchip\xc8\v2.00\pic\include\pic18f4520.h"
   282                           TMR0 equ 0FD6h ;# 
   283  0000                     # 6260 "C:\Program Files (x86)\Microchip\xc8\v2.00\pic\include\pic18f4520.h"
   284                           TMR0L equ 0FD6h ;# 
   285  0000                     # 6267 "C:\Program Files (x86)\Microchip\xc8\v2.00\pic\include\pic18f4520.h"
   286                           TMR0H equ 0FD7h ;# 
   287  0000                     # 6274 "C:\Program Files (x86)\Microchip\xc8\v2.00\pic\include\pic18f4520.h"
   288                           STATUS equ 0FD8h ;# 
   289  0000                     # 6345 "C:\Program Files (x86)\Microchip\xc8\v2.00\pic\include\pic18f4520.h"
   290                           FSR2 equ 0FD9h ;# 
   291  0000                     # 6352 "C:\Program Files (x86)\Microchip\xc8\v2.00\pic\include\pic18f4520.h"
   292                           FSR2L equ 0FD9h ;# 
   293  0000                     # 6359 "C:\Program Files (x86)\Microchip\xc8\v2.00\pic\include\pic18f4520.h"
   294                           FSR2H equ 0FDAh ;# 
   295  0000                     # 6366 "C:\Program Files (x86)\Microchip\xc8\v2.00\pic\include\pic18f4520.h"
   296                           PLUSW2 equ 0FDBh ;# 
   297  0000                     # 6373 "C:\Program Files (x86)\Microchip\xc8\v2.00\pic\include\pic18f4520.h"
   298                           PREINC2 equ 0FDCh ;# 
   299  0000                     # 6380 "C:\Program Files (x86)\Microchip\xc8\v2.00\pic\include\pic18f4520.h"
   300                           POSTDEC2 equ 0FDDh ;# 
   301  0000                     # 6387 "C:\Program Files (x86)\Microchip\xc8\v2.00\pic\include\pic18f4520.h"
   302                           POSTINC2 equ 0FDEh ;# 
   303  0000                     # 6394 "C:\Program Files (x86)\Microchip\xc8\v2.00\pic\include\pic18f4520.h"
   304                           INDF2 equ 0FDFh ;# 
   305  0000                     # 6401 "C:\Program Files (x86)\Microchip\xc8\v2.00\pic\include\pic18f4520.h"
   306                           BSR equ 0FE0h ;# 
   307  0000                     # 6408 "C:\Program Files (x86)\Microchip\xc8\v2.00\pic\include\pic18f4520.h"
   308                           FSR1 equ 0FE1h ;# 
   309  0000                     # 6415 "C:\Program Files (x86)\Microchip\xc8\v2.00\pic\include\pic18f4520.h"
   310                           FSR1L equ 0FE1h ;# 
   311  0000                     # 6422 "C:\Program Files (x86)\Microchip\xc8\v2.00\pic\include\pic18f4520.h"
   312                           FSR1H equ 0FE2h ;# 
   313  0000                     # 6429 "C:\Program Files (x86)\Microchip\xc8\v2.00\pic\include\pic18f4520.h"
   314                           PLUSW1 equ 0FE3h ;# 
   315  0000                     # 6436 "C:\Program Files (x86)\Microchip\xc8\v2.00\pic\include\pic18f4520.h"
   316                           PREINC1 equ 0FE4h ;# 
   317  0000                     # 6443 "C:\Program Files (x86)\Microchip\xc8\v2.00\pic\include\pic18f4520.h"
   318                           POSTDEC1 equ 0FE5h ;# 
   319  0000                     # 6450 "C:\Program Files (x86)\Microchip\xc8\v2.00\pic\include\pic18f4520.h"
   320                           POSTINC1 equ 0FE6h ;# 
   321  0000                     # 6457 "C:\Program Files (x86)\Microchip\xc8\v2.00\pic\include\pic18f4520.h"
   322                           INDF1 equ 0FE7h ;# 
   323  0000                     # 6464 "C:\Program Files (x86)\Microchip\xc8\v2.00\pic\include\pic18f4520.h"
   324                           WREG equ 0FE8h ;# 
   325  0000                     # 6476 "C:\Program Files (x86)\Microchip\xc8\v2.00\pic\include\pic18f4520.h"
   326                           FSR0 equ 0FE9h ;# 
   327  0000                     # 6483 "C:\Program Files (x86)\Microchip\xc8\v2.00\pic\include\pic18f4520.h"
   328                           FSR0L equ 0FE9h ;# 
   329  0000                     # 6490 "C:\Program Files (x86)\Microchip\xc8\v2.00\pic\include\pic18f4520.h"
   330                           FSR0H equ 0FEAh ;# 
   331  0000                     # 6497 "C:\Program Files (x86)\Microchip\xc8\v2.00\pic\include\pic18f4520.h"
   332                           PLUSW0 equ 0FEBh ;# 
   333  0000                     # 6504 "C:\Program Files (x86)\Microchip\xc8\v2.00\pic\include\pic18f4520.h"
   334                           PREINC0 equ 0FECh ;# 
   335  0000                     # 6511 "C:\Program Files (x86)\Microchip\xc8\v2.00\pic\include\pic18f4520.h"
   336                           POSTDEC0 equ 0FEDh ;# 
   337  0000                     # 6518 "C:\Program Files (x86)\Microchip\xc8\v2.00\pic\include\pic18f4520.h"
   338                           POSTINC0 equ 0FEEh ;# 
   339  0000                     # 6525 "C:\Program Files (x86)\Microchip\xc8\v2.00\pic\include\pic18f4520.h"
   340                           INDF0 equ 0FEFh ;# 
   341  0000                     # 6532 "C:\Program Files (x86)\Microchip\xc8\v2.00\pic\include\pic18f4520.h"
   342                           INTCON3 equ 0FF0h ;# 
   343  0000                     # 6624 "C:\Program Files (x86)\Microchip\xc8\v2.00\pic\include\pic18f4520.h"
   344                           INTCON2 equ 0FF1h ;# 
   345  0000                     # 6694 "C:\Program Files (x86)\Microchip\xc8\v2.00\pic\include\pic18f4520.h"
   346                           INTCON equ 0FF2h ;# 
   347  0000                     # 6811 "C:\Program Files (x86)\Microchip\xc8\v2.00\pic\include\pic18f4520.h"
   348                           PROD equ 0FF3h ;# 
   349  0000                     # 6818 "C:\Program Files (x86)\Microchip\xc8\v2.00\pic\include\pic18f4520.h"
   350                           PRODL equ 0FF3h ;# 
   351  0000                     # 6825 "C:\Program Files (x86)\Microchip\xc8\v2.00\pic\include\pic18f4520.h"
   352                           PRODH equ 0FF4h ;# 
   353  0000                     # 6832 "C:\Program Files (x86)\Microchip\xc8\v2.00\pic\include\pic18f4520.h"
   354                           TABLAT equ 0FF5h ;# 
   355  0000                     # 6841 "C:\Program Files (x86)\Microchip\xc8\v2.00\pic\include\pic18f4520.h"
   356                           TBLPTR equ 0FF6h ;# 
   357  0000                     # 6848 "C:\Program Files (x86)\Microchip\xc8\v2.00\pic\include\pic18f4520.h"
   358                           TBLPTRL equ 0FF6h ;# 
   359  0000                     # 6855 "C:\Program Files (x86)\Microchip\xc8\v2.00\pic\include\pic18f4520.h"
   360                           TBLPTRH equ 0FF7h ;# 
   361  0000                     # 6862 "C:\Program Files (x86)\Microchip\xc8\v2.00\pic\include\pic18f4520.h"
   362                           TBLPTRU equ 0FF8h ;# 
   363  0000                     # 6871 "C:\Program Files (x86)\Microchip\xc8\v2.00\pic\include\pic18f4520.h"
   364                           PCLAT equ 0FF9h ;# 
   365  0000                     # 6878 "C:\Program Files (x86)\Microchip\xc8\v2.00\pic\include\pic18f4520.h"
   366                           PC equ 0FF9h ;# 
   367  0000                     # 6885 "C:\Program Files (x86)\Microchip\xc8\v2.00\pic\include\pic18f4520.h"
   368                           PCL equ 0FF9h ;# 
   369  0000                     # 6892 "C:\Program Files (x86)\Microchip\xc8\v2.00\pic\include\pic18f4520.h"
   370                           PCLATH equ 0FFAh ;# 
   371  0000                     # 6899 "C:\Program Files (x86)\Microchip\xc8\v2.00\pic\include\pic18f4520.h"
   372                           PCLATU equ 0FFBh ;# 
   373  0000                     # 6906 "C:\Program Files (x86)\Microchip\xc8\v2.00\pic\include\pic18f4520.h"
   374                           STKPTR equ 0FFCh ;# 
   375  0000                     # 6980 "C:\Program Files (x86)\Microchip\xc8\v2.00\pic\include\pic18f4520.h"
   376                           TOS equ 0FFDh ;# 
   377  0000                     # 6987 "C:\Program Files (x86)\Microchip\xc8\v2.00\pic\include\pic18f4520.h"
   378                           TOSL equ 0FFDh ;# 
   379  0000                     # 6994 "C:\Program Files (x86)\Microchip\xc8\v2.00\pic\include\pic18f4520.h"
   380                           TOSH equ 0FFEh ;# 
   381  0000                     # 7001 "C:\Program Files (x86)\Microchip\xc8\v2.00\pic\include\pic18f4520.h"
   382                           TOSU equ 0FFFh ;# 
   383  0000                     	FNCALL	_main,_adc_init
   384                           	FNCALL	_main,_ccp2_init
   385                           	FNCALL	_main,_tmr_init
   386                           	FNROOT	_main
   387                           	FNCALL	intlevel2,_Hi_ISR
   388                           	global	intlevel2
   389                           	FNROOT	intlevel2
   390                           	global	_result
   391                           	global	_count
   392                           	global	_CCPR2
   393                           _CCPR2	set	0xFBB
   394  0000                     	global	_TMR3
   395                           _TMR3	set	0xFB2
   396  0000                     	global	_ADRES
   397                           _ADRES	set	0xFC3
   398  0000                     	global	_T3CONbits
   399                           _T3CONbits	set	0xFB1
   400  0000                     	global	_IPR2bits
   401                           _IPR2bits	set	0xFA2
   402  0000                     	global	_PIE2bits
   403                           _PIE2bits	set	0xFA0
   404  0000                     	global	_CCP2CONbits
   405                           _CCP2CONbits	set	0xFBA
   406  0000                     	global	_INTCONbits
   407                           _INTCONbits	set	0xFF2
   408  0000                     	global	_RCONbits
   409                           _RCONbits	set	0xFD0
   410  0000                     	global	_IPR1bits
   411                           _IPR1bits	set	0xF9F
   412  0000                     	global	_PIE1bits
   413                           _PIE1bits	set	0xF9D
   414  0000                     	global	_ADCON2bits
   415                           _ADCON2bits	set	0xFC0
   416  0000                     	global	_ADCON1bits
   417                           _ADCON1bits	set	0xFC1
   418  0000                     	global	_TRISEbits
   419                           _TRISEbits	set	0xF96
   420  0000                     	global	_ADCON0bits
   421                           _ADCON0bits	set	0xFC2
   422  0000                     	global	_OSCCONbits
   423                           _OSCCONbits	set	0xFD3
   424  0000                     	global	_PIR2bits
   425                           _PIR2bits	set	0xFA1
   426  0000                     	global	_PIR1bits
   427                           _PIR1bits	set	0xF9E
   428  0000                     ; #config settings
   429                           global __CFG_OSC$INTIO67
   430                           __CFG_OSC$INTIO67 equ 0x0
   431  0000                     global __CFG_WDT$OFF
   432                           __CFG_WDT$OFF equ 0x0
   433  0000                     global __CFG_LVP$OFF
   434                           __CFG_LVP$OFF equ 0x0
   435  0000                     	file	"C:\Users\user\AppData\Local\Temp\s250."
   436                           	line	#
   437                           psect	cinit,class=CODE,delta=1,reloc=2
   438                           global __pcinit
   439                           __pcinit:
   440  000112                     global start_initialization
   441                           start_initialization:
   442  000112                     
   443                           global __initialization
   444                           __initialization:
   445  000112                     psect	bssCOMRAM,class=COMRAM,space=1,noexec
   446                           global __pbssCOMRAM
   447                           __pbssCOMRAM:
   448  000001                     	global	_result
   449                           _result:
   450  000001                            ds      16
   451  000001                     	global	_count
   452                           _count:
   453  000011                            ds      2
   454  000011                     	file	"C:\Users\user\AppData\Local\Temp\s250."
   455                           	line	#
   456                           psect	cinit
   457                           ; Clear objects allocated to COMRAM (18 bytes)
   458                           	global __pbssCOMRAM
   459                           lfsr	0,__pbssCOMRAM
   460  000112  EE00  F001         movlw	18
   461  000116  0E12               clear_0:
   462  000118                     clrf	postinc0,c
   463  000118  6AEE               decf	wreg
   464  00011A  06E8               bnz	clear_0
   465  00011C  E1FD               psect cinit,class=CODE,delta=1
   466                           global end_of_initialization,__end_of__initialization
   467                           
   468                           ;End of C runtime variable initialization code
   469                           
   470                           end_of_initialization:
   471  00011E                     __end_of__initialization:
   472  00011E                     	bcf int$flags,0,c ;clear compiler interrupt flag (level 1)
   473  00011E  9015               	bcf int$flags,1,c ;clear compiler interrupt flag (level 2)
   474  000120  9215               movlb 0
   475  000122  0100               goto _main	;jump to C main() function
   476  000124  EF6F  F000         psect	cstackCOMRAM,class=COMRAM,space=1,noexec
   477                           global __pcstackCOMRAM
   478                           __pcstackCOMRAM:
   479  000013                     ?_adc_init:	; 1 bytes @ 0x0
   480  000013                     ?_ccp2_init:	; 1 bytes @ 0x0
   481  000013                     ?_tmr_init:	; 1 bytes @ 0x0
   482  000013                     ?_Hi_ISR:	; 1 bytes @ 0x0
   483  000013                     ??_Hi_ISR:	; 1 bytes @ 0x0
   484  000013                     ?_main:	; 1 bytes @ 0x0
   485  000013                     	ds   2
   486  000013                     ??_adc_init:	; 1 bytes @ 0x2
   487  000015                     ??_ccp2_init:	; 1 bytes @ 0x2
   488  000015                     ??_tmr_init:	; 1 bytes @ 0x2
   489  000015                     ??_main:	; 1 bytes @ 0x2
   490  000015                     ;!
   491                           ;!Data Sizes:
   492                           ;!    Strings     0
   493                           ;!    Constant    0
   494                           ;!    Data        0
   495                           ;!    BSS         18
   496                           ;!    Persistent  0
   497                           ;!    Stack       0
   498                           ;!
   499                           ;!Auto Spaces:
   500                           ;!    Space          Size  Autos    Used
   501                           ;!    COMRAM          126      2      20
   502                           ;!    BANK0           128      0       0
   503                           ;!    BANK1           256      0       0
   504                           ;!    BANK2           256      0       0
   505                           ;!    BANK3           256      0       0
   506                           ;!    BANK4           256      0       0
   507                           ;!    BANK5           256      0       0
   508                           
   509                           ;!
   510                           ;!Pointer List with Targets:
   511                           ;!
   512                           ;!    None.
   513                           
   514                           
   515                           ;!
   516                           ;!Critical Paths under _main in COMRAM
   517                           ;!
   518                           ;!    None.
   519                           ;!
   520                           ;!Critical Paths under _Hi_ISR in COMRAM
   521                           ;!
   522                           ;!    None.
   523                           ;!
   524                           ;!Critical Paths under _main in BANK0
   525                           ;!
   526                           ;!    None.
   527                           ;!
   528                           ;!Critical Paths under _Hi_ISR in BANK0
   529                           ;!
   530                           ;!    None.
   531                           ;!
   532                           ;!Critical Paths under _main in BANK1
   533                           ;!
   534                           ;!    None.
   535                           ;!
   536                           ;!Critical Paths under _Hi_ISR in BANK1
   537                           ;!
   538                           ;!    None.
   539                           ;!
   540                           ;!Critical Paths under _main in BANK2
   541                           ;!
   542                           ;!    None.
   543                           ;!
   544                           ;!Critical Paths under _Hi_ISR in BANK2
   545                           ;!
   546                           ;!    None.
   547                           ;!
   548                           ;!Critical Paths under _main in BANK3
   549                           ;!
   550                           ;!    None.
   551                           ;!
   552                           ;!Critical Paths under _Hi_ISR in BANK3
   553                           ;!
   554                           ;!    None.
   555                           ;!
   556                           ;!Critical Paths under _main in BANK4
   557                           ;!
   558                           ;!    None.
   559                           ;!
   560                           ;!Critical Paths under _Hi_ISR in BANK4
   561                           ;!
   562                           ;!    None.
   563                           ;!
   564                           ;!Critical Paths under _main in BANK5
   565                           ;!
   566                           ;!    None.
   567                           ;!
   568                           ;!Critical Paths under _Hi_ISR in BANK5
   569                           ;!
   570                           ;!    None.
   571                           
   572 ;;
   573 ;;Main: autosize = 0, tempsize = 0, incstack = 0, save=0
   574 ;;
   575                           
   576                           ;!
   577                           ;!Call Graph Tables:
   578                           ;!
   579                           ;! ---------------------------------------------------------------------------------
   580                           ;! (Depth) Function   	        Calls       Base Space   Used Autos Params    Refs
   581                           ;! ---------------------------------------------------------------------------------
   582                           ;! (0) _main                                                 0     0      0       0
   583                           ;!                           _adc_init
   584                           ;!                          _ccp2_init
   585                           ;!                           _tmr_init
   586                           ;! ---------------------------------------------------------------------------------
   587                           ;! (1) _tmr_init                                             0     0      0       0
   588                           ;! ---------------------------------------------------------------------------------
   589                           ;! (1) _ccp2_init                                            0     0      0       0
   590                           ;! ---------------------------------------------------------------------------------
   591                           ;! (1) _adc_init                                             0     0      0       0
   592                           ;! ---------------------------------------------------------------------------------
   593                           ;! Estimated maximum stack depth 1
   594                           ;! ---------------------------------------------------------------------------------
   595                           ;! (Depth) Function   	        Calls       Base Space   Used Autos Params    Refs
   596                           ;! ---------------------------------------------------------------------------------
   597                           ;! (2) _Hi_ISR                                               2     2      0       0
   598                           ;!                                              0 COMRAM     2     2      0
   599                           ;! ---------------------------------------------------------------------------------
   600                           ;! Estimated maximum stack depth 2
   601                           ;! ---------------------------------------------------------------------------------
   602                           ;!
   603                           ;! Call Graph Graphs:
   604                           ;!
   605                           ;! _main (ROOT)
   606                           ;!   _adc_init
   607                           ;!   _ccp2_init
   608                           ;!   _tmr_init
   609                           ;!
   610                           ;! _Hi_ISR (ROOT)
   611                           ;!
   612                           
   613                           ;! Address spaces:
   614                           
   615                           ;!Name               Size   Autos  Total    Cost      Usage
   616                           ;!BIGRAM             5FF      0       0      17        0.0%
   617                           ;!EEDATA             100      0       0       0        0.0%
   618                           ;!BITBANK5           100      0       0      16        0.0%
   619                           ;!BANK5              100      0       0      14        0.0%
   620                           ;!BITBANK4           100      0       0      12        0.0%
   621                           ;!BANK4              100      0       0      13        0.0%
   622                           ;!BITBANK3           100      0       0      10        0.0%
   623                           ;!BANK3              100      0       0      11        0.0%
   624                           ;!BITBANK2           100      0       0       8        0.0%
   625                           ;!BANK2              100      0       0       9        0.0%
   626                           ;!BITBANK1           100      0       0       6        0.0%
   627                           ;!BANK1              100      0       0       7        0.0%
   628                           ;!BITBANK0            80      0       0       4        0.0%
   629                           ;!BANK0               80      0       0       5        0.0%
   630                           ;!BITCOMRAM           7E      0       0       0        0.0%
   631                           ;!COMRAM              7E      2      14       1       15.9%
   632                           ;!BITSFR               0      0       0     200        0.0%
   633                           ;!SFR                  0      0       0     200        0.0%
   634                           ;!STACK                0      0       0       2        0.0%
   635                           ;!NULL                 0      0       0       0        0.0%
   636                           ;!ABS                  0      0      14      15        0.0%
   637                           ;!DATA                 0      0      14       3        0.0%
   638                           ;!CODE                 0      0       0       0        0.0%
   639                           
   640                           	global	_main
   641                           
   642 ;; *************** function _main *****************
   643 ;; Defined at:
   644 ;;		line 27 in file "newmain.c"
   645 ;; Parameters:    Size  Location     Type
   646 ;;		None
   647 ;; Auto vars:     Size  Location     Type
   648 ;;		None
   649 ;; Return value:  Size  Location     Type
   650 ;;                  1    wreg      void 
   651 ;; Registers used:
   652 ;;		wreg, status,2, cstack
   653 ;; Tracked objects:
   654 ;;		On entry : 0/0
   655 ;;		On exit  : 0/0
   656 ;;		Unchanged: 0/0
   657 ;; Data sizes:     COMRAM   BANK0   BANK1   BANK2   BANK3   BANK4   BANK5
   658 ;;      Params:         0       0       0       0       0       0       0
   659 ;;      Locals:         0       0       0       0       0       0       0
   660 ;;      Temps:          0       0       0       0       0       0       0
   661 ;;      Totals:         0       0       0       0       0       0       0
   662 ;;Total ram usage:        0 bytes
   663 ;; Hardware stack levels required when called:    2
   664 ;; This function calls:
   665 ;;		_adc_init
   666 ;;		_ccp2_init
   667 ;;		_tmr_init
   668 ;; This function is called by:
   669 ;;		Startup code after reset
   670 ;; This function uses a non-reentrant model
   671 ;;
   672                           psect	text0,class=CODE,space=0,reloc=2,group=0
   673                           	file	"newmain.c"
   674                           	line	27
   675                           global __ptext0
   676                           __ptext0:
   677  0000DE                     psect	text0
   678                           	file	"newmain.c"
   679                           	line	27
   680                           	global	__size_of_main
   681                           	__size_of_main	equ	__end_of_main-_main
   682  0000                     	
   683                           _main:
   684  0000DE                     ;incstack = 0
   685                           	opt	stack 29
   686                           	line	29
   687                           	
   688                           l802:
   689  0000DE                     ;newmain.c: 29:     while(1);
   690                           	movf	((c:4051)),c,w	;volatile
   691  0000DE  50D3               	andlw	not (((1<<3)-1)<<4)
   692  0000E0  0B8F               	iorlw	(04h & ((1<<3)-1))<<4
   693  0000E2  0940               	movwf	((c:4051)),c	;volatile
   694  0000E4  6ED3               	line	31
   695                           	
   696                           l804:
   697  0000E6                     ;newmain.c: 31: }
   698                           	call	_adc_init	;wreg free
   699  0000E6  EC53  F000         	line	32
   700                           	
   701                           l806:
   702  0000EA                     ;newmain.c: 32: 
   703                           	call	_ccp2_init	;wreg free
   704  0000EA  EC7D  F000         	line	33
   705                           	
   706                           l808:
   707  0000EE                     ;newmain.c: 33: void adc_init(void){
   708                           	call	_tmr_init	;wreg free
   709  0000EE  EC94  F000         	line	34
   710                           ;newmain.c: 34: 
   711                           	
   712                           l60:
   713  0000F2                     	
   714                           l61:
   715  0000F2                     	goto	l60
   716  0000F2  EF79  F000         	
   717                           l62:
   718  0000F6                     	line	36
   719                           ;newmain.c: 35: 
   720                           	
   721                           l63:
   722  0000F6                     	global	start
   723                           	goto	start
   724  0000F6  EF07  F000         	opt stack 0
   725                           GLOBAL	__end_of_main
   726                           	__end_of_main:
   727  0000FA                     	signat	_main,89
   728                           	global	_tmr_init
   729                           
   730 ;; *************** function _tmr_init *****************
   731 ;; Defined at:
   732 ;;		line 81 in file "newmain.c"
   733 ;; Parameters:    Size  Location     Type
   734 ;;		None
   735 ;; Auto vars:     Size  Location     Type
   736 ;;		None
   737 ;; Return value:  Size  Location     Type
   738 ;;                  1    wreg      void 
   739 ;; Registers used:
   740 ;;		wreg, status,2
   741 ;; Tracked objects:
   742 ;;		On entry : 0/0
   743 ;;		On exit  : 0/0
   744 ;;		Unchanged: 0/0
   745 ;; Data sizes:     COMRAM   BANK0   BANK1   BANK2   BANK3   BANK4   BANK5
   746 ;;      Params:         0       0       0       0       0       0       0
   747 ;;      Locals:         0       0       0       0       0       0       0
   748 ;;      Temps:          0       0       0       0       0       0       0
   749 ;;      Totals:         0       0       0       0       0       0       0
   750 ;;Total ram usage:        0 bytes
   751 ;; Hardware stack levels used:    1
   752 ;; Hardware stack levels required when called:    1
   753 ;; This function calls:
   754 ;;		Nothing
   755 ;; This function is called by:
   756 ;;		_main
   757 ;; This function uses a non-reentrant model
   758 ;;
   759                           psect	text1,class=CODE,space=0,reloc=2,group=0
   760                           	line	81
   761                           global __ptext1
   762                           __ptext1:
   763  000128                     psect	text1
   764                           	file	"newmain.c"
   765                           	line	81
   766                           	global	__size_of_tmr_init
   767                           	__size_of_tmr_init	equ	__end_of_tmr_init-_tmr_init
   768  0000                     	
   769                           _tmr_init:
   770  000128                     ;incstack = 0
   771                           	opt	stack 29
   772                           	line	83
   773                           	
   774                           l778:
   775  000128                     ;newmain.c: 83: }
   776                           	bsf	((c:4017)),c,6	;volatile
   777  000128  8CB1               	line	84
   778                           	bsf	((c:4017)),c,7	;volatile
   779  00012A  8EB1               	line	85
   780                           	
   781                           l780:
   782  00012C                     	movlw	(03h & ((1<<2)-1))<<4
   783  00012C  0E30               	iorwf	((c:4017)),c	;volatile
   784  00012E  12B1               	line	86
   785                           	
   786                           l782:
   787  000130                     	bsf	((c:4017)),c,0	;volatile
   788  000130  80B1               	line	88
   789                           	
   790                           l72:
   791  000132                     	return	;funcret
   792  000132  0012               	opt stack 0
   793                           GLOBAL	__end_of_tmr_init
   794                           	__end_of_tmr_init:
   795  000134                     	signat	_tmr_init,89
   796                           	global	_ccp2_init
   797                           
   798 ;; *************** function _ccp2_init *****************
   799 ;; Defined at:
   800 ;;		line 69 in file "newmain.c"
   801 ;; Parameters:    Size  Location     Type
   802 ;;		None
   803 ;; Auto vars:     Size  Location     Type
   804 ;;		None
   805 ;; Return value:  Size  Location     Type
   806 ;;                  1    wreg      void 
   807 ;; Registers used:
   808 ;;		wreg, status,2
   809 ;; Tracked objects:
   810 ;;		On entry : 0/0
   811 ;;		On exit  : 0/0
   812 ;;		Unchanged: 0/0
   813 ;; Data sizes:     COMRAM   BANK0   BANK1   BANK2   BANK3   BANK4   BANK5
   814 ;;      Params:         0       0       0       0       0       0       0
   815 ;;      Locals:         0       0       0       0       0       0       0
   816 ;;      Temps:          0       0       0       0       0       0       0
   817 ;;      Totals:         0       0       0       0       0       0       0
   818 ;;Total ram usage:        0 bytes
   819 ;; Hardware stack levels used:    1
   820 ;; Hardware stack levels required when called:    1
   821 ;; This function calls:
   822 ;;		Nothing
   823 ;; This function is called by:
   824 ;;		_main
   825 ;; This function uses a non-reentrant model
   826 ;;
   827                           psect	text2,class=CODE,space=0,reloc=2,group=0
   828                           	line	69
   829                           global __ptext2
   830                           __ptext2:
   831  0000FA                     psect	text2
   832                           	file	"newmain.c"
   833                           	line	69
   834                           	global	__size_of_ccp2_init
   835                           	__size_of_ccp2_init	equ	__end_of_ccp2_init-_ccp2_init
   836  0000                     	
   837                           _ccp2_init:
   838  0000FA                     ;incstack = 0
   839                           	opt	stack 29
   840                           	line	71
   841                           	
   842                           l770:
   843  0000FA                     ;newmain.c: 71:     IPR2bits.CCP2IP = 1;
   844                           	movf	((c:4026)),c,w	;volatile
   845  0000FA  50BA               	andlw	not (((1<<4)-1)<<0)
   846  0000FC  0BF0               	iorlw	(0Bh & ((1<<4)-1))<<0
   847  0000FE  090B               	movwf	((c:4026)),c	;volatile
   848  000100  6EBA               	line	74
   849                           	
   850                           l772:
   851  000102                     ;newmain.c: 74: }
   852                           	bcf	((c:4001)),c,0	;volatile
   853  000102  90A1               	line	75
   854                           	
   855                           l774:
   856  000104                     ;newmain.c: 75: 
   857                           	bsf	((c:4000)),c,0	;volatile
   858  000104  80A0               	line	76
   859                           	
   860                           l776:
   861  000106                     ;newmain.c: 76: void tmr_init(void){
   862                           	bsf	((c:4002)),c,0	;volatile
   863  000106  80A2               	line	78
   864                           ;newmain.c: 78:     T3CONbits.T3CCP2 = 1;
   865                           	movlw	high(07A12h)
   866  000108  0E7A               	movwf	((c:4027+1)),c	;volatile
   867  00010A  6EBC               	movlw	low(07A12h)
   868  00010C  0E12               	movwf	((c:4027)),c	;volatile
   869  00010E  6EBB               	line	79
   870                           	
   871                           l69:
   872  000110                     	return	;funcret
   873  000110  0012               	opt stack 0
   874                           GLOBAL	__end_of_ccp2_init
   875                           	__end_of_ccp2_init:
   876  000112                     	signat	_ccp2_init,89
   877                           	global	_adc_init
   878                           
   879 ;; *************** function _adc_init *****************
   880 ;; Defined at:
   881 ;;		line 38 in file "newmain.c"
   882 ;; Parameters:    Size  Location     Type
   883 ;;		None
   884 ;; Auto vars:     Size  Location     Type
   885 ;;		None
   886 ;; Return value:  Size  Location     Type
   887 ;;                  1    wreg      void 
   888 ;; Registers used:
   889 ;;		wreg, status,2
   890 ;; Tracked objects:
   891 ;;		On entry : 0/0
   892 ;;		On exit  : 0/0
   893 ;;		Unchanged: 0/0
   894 ;; Data sizes:     COMRAM   BANK0   BANK1   BANK2   BANK3   BANK4   BANK5
   895 ;;      Params:         0       0       0       0       0       0       0
   896 ;;      Locals:         0       0       0       0       0       0       0
   897 ;;      Temps:          0       0       0       0       0       0       0
   898 ;;      Totals:         0       0       0       0       0       0       0
   899 ;;Total ram usage:        0 bytes
   900 ;; Hardware stack levels used:    1
   901 ;; Hardware stack levels required when called:    1
   902 ;; This function calls:
   903 ;;		Nothing
   904 ;; This function is called by:
   905 ;;		_main
   906 ;; This function uses a non-reentrant model
   907 ;;
   908                           psect	text3,class=CODE,space=0,reloc=2,group=0
   909                           	line	38
   910                           global __ptext3
   911                           __ptext3:
   912  0000A6                     psect	text3
   913                           	file	"newmain.c"
   914                           	line	38
   915                           	global	__size_of_adc_init
   916                           	__size_of_adc_init	equ	__end_of_adc_init-_adc_init
   917  0000                     	
   918                           _adc_init:
   919  0000A6                     ;incstack = 0
   920                           	opt	stack 29
   921                           	line	42
   922                           	
   923                           l748:
   924  0000A6                     ;newmain.c: 42:     ADCON0bits.GODONE = 1;
   925                           	movf	((c:4034)),c,w	;volatile
   926  0000A6  50C2               	andlw	not (((1<<4)-1)<<2)
   927  0000A8  0BC3               	iorlw	(07h & ((1<<4)-1))<<2
   928  0000AA  091C               	movwf	((c:4034)),c	;volatile
   929  0000AC  6EC2               	line	45
   930                           	
   931                           l750:
   932  0000AE                     ;newmain.c: 45:     ADCON1bits.VCFG = 0;
   933                           	bsf	((c:3990)),c,2	;volatile
   934  0000AE  8496               	line	47
   935                           	
   936                           l752:
   937  0000B0                     ;newmain.c: 47: 
   938                           	bsf	((c:4034)),c,1	;volatile
   939  0000B0  82C2               	line	48
   940                           	
   941                           l754:
   942  0000B2                     ;newmain.c: 48: 
   943                           	bsf	((c:4034)),c,0	;volatile
   944  0000B2  80C2               	line	50
   945                           ;newmain.c: 50: 
   946                           	movlw	((0 & ((1<<2)-1))<<4)|not (((1<<2)-1)<<4)
   947  0000B4  0ECF               	andwf	((c:4033)),c	;volatile
   948  0000B6  16C1               	line	51
   949                           	
   950                           l756:
   951  0000B8                     ;newmain.c: 51:     ADCON2bits.ACQT = 1;
   952                           		
   953                           	bcf	((c:4033)),c, 0+0	;volatile
   954  0000B8  90C1               	bcf	((c:4033)),c, 0+1	;volatile
   955  0000BA  92C1               	bcf	((c:4033)),c, 0+2	;volatile
   956  0000BC  94C1               	bcf	((c:4033)),c, 0+3	;volatile
   957  0000BE  96C1               
   958                           	line	54
   959                           ;newmain.c: 54: 
   960                           	movf	((c:4032)),c,w	;volatile
   961  0000C0  50C0               	andlw	not (((1<<3)-1)<<0)
   962  0000C2  0BF8               	iorlw	(03h & ((1<<3)-1))<<0
   963  0000C4  0903               	movwf	((c:4032)),c	;volatile
   964  0000C6  6EC0               	line	56
   965                           ;newmain.c: 56:     PIE1bits.ADIE = 1;
   966                           	movf	((c:4032)),c,w	;volatile
   967  0000C8  50C0               	andlw	not (((1<<3)-1)<<3)
   968  0000CA  0BC7               	iorlw	(01h & ((1<<3)-1))<<3
   969  0000CC  0908               	movwf	((c:4032)),c	;volatile
   970  0000CE  6EC0               	line	58
   971                           	
   972                           l758:
   973  0000D0                     ;newmain.c: 58: 
   974                           	bsf	((c:4032)),c,7	;volatile
   975  0000D0  8EC0               	line	60
   976                           	
   977                           l760:
   978  0000D2                     ;newmain.c: 60:     RCONbits.IPEN = 1;
   979                           	bcf	((c:3998)),c,6	;volatile
   980  0000D2  9C9E               	line	61
   981                           	
   982                           l762:
   983  0000D4                     ;newmain.c: 61:     INTCONbits.GIE = 1;
   984                           	bsf	((c:3997)),c,6	;volatile
   985  0000D4  8C9D               	line	62
   986                           	
   987                           l764:
   988  0000D6                     ;newmain.c: 62: }
   989                           	bsf	((c:3999)),c,6	;volatile
   990  0000D6  8C9F               	line	65
   991                           	
   992                           l766:
   993  0000D8                     ;newmain.c: 65: 
   994                           	bsf	((c:4048)),c,7	;volatile
   995  0000D8  8ED0               	line	66
   996                           	
   997                           l768:
   998  0000DA                     ;newmain.c: 66:     CCP2CONbits.CCP2M = 11;
   999                           	bsf	((c:4082)),c,7	;volatile
  1000  0000DA  8EF2               	line	67
  1001                           	
  1002                           l66:
  1003  0000DC                     	return	;funcret
  1004  0000DC  0012               	opt stack 0
  1005                           GLOBAL	__end_of_adc_init
  1006                           	__end_of_adc_init:
  1007  0000DE                     	signat	_adc_init,89
  1008                           	global	_Hi_ISR
  1009                           
  1010 ;; *************** function _Hi_ISR *****************
  1011 ;; Defined at:
  1012 ;;		line 10 in file "newmain.c"
  1013 ;; Parameters:    Size  Location     Type
  1014 ;;		None
  1015 ;; Auto vars:     Size  Location     Type
  1016 ;;		None
  1017 ;; Return value:  Size  Location     Type
  1018 ;;                  1    wreg      void 
  1019 ;; Registers used:
  1020 ;;		wreg, fsr2l, fsr2h, status,2, status,0
  1021 ;; Tracked objects:
  1022 ;;		On entry : 0/0
  1023 ;;		On exit  : 0/0
  1024 ;;		Unchanged: 0/0
  1025 ;; Data sizes:     COMRAM   BANK0   BANK1   BANK2   BANK3   BANK4   BANK5
  1026 ;;      Params:         0       0       0       0       0       0       0
  1027 ;;      Locals:         0       0       0       0       0       0       0
  1028 ;;      Temps:          2       0       0       0       0       0       0
  1029 ;;      Totals:         2       0       0       0       0       0       0
  1030 ;;Total ram usage:        2 bytes
  1031 ;; Hardware stack levels used:    1
  1032 ;; This function calls:
  1033 ;;		Nothing
  1034 ;; This function is called by:
  1035 ;;		Interrupt level 2
  1036 ;; This function uses a non-reentrant model
  1037 ;;
  1038                           psect	intcode,class=CODE,space=0,reloc=2
  1039                           global __pintcode
  1040                           __pintcode:
  1041  000008                     psect	intcode
  1042                           	file	"newmain.c"
  1043                           	line	10
  1044                           	global	__size_of_Hi_ISR
  1045                           	__size_of_Hi_ISR	equ	__end_of_Hi_ISR-_Hi_ISR
  1046  0000                     	
  1047                           _Hi_ISR:
  1048  000008                     ;incstack = 0
  1049                           	opt	stack 29
  1050                           	bsf int$flags,1,c ;set compiler interrupt flag (level 2)
  1051  000008  8215               	global	int_func
  1052                           	call	int_func,f	;refresh shadow registers
  1053  00000A  ED09  F000         psect	intcode_body,class=CODE,space=0,reloc=2
  1054                           global __pintcode_body
  1055                           __pintcode_body:
  1056  000012                     int_func:
  1057  000012                     
  1058                           	pop	; remove dummy address from shadow register refresh
  1059  000012  0006               	movff	fsr2l+0,??_Hi_ISR+0
  1060  000014  CFD9 F013          	movff	fsr2h+0,??_Hi_ISR+1
  1061  000018  CFDA F014          	line	13
  1062                           	
  1063                           i2l784:
  1064  00001C                     ;newmain.c: 13:         PIR1bits.ADIF = 0;
  1065                           	btfss	((c:3998)),c,6	;volatile
  1066  00001C  AC9E               	goto	i2u1_41
  1067  00001E  EF13  F000         	goto	i2u1_40
  1068  000022  EF15  F000         i2u1_41:
  1069  000026                     	goto	i2l51
  1070  000026  EF3B  F000         i2u1_40:
  1071  00002A                     	line	14
  1072                           	
  1073                           i2l786:
  1074  00002A                     ;newmain.c: 14:     }
  1075                           	bcf	status,0
  1076  00002A  90D8               	rlcf	((c:_count)),c,w	;volatile
  1077  00002C  3411               	movwf	fsr2l
  1078  00002E  6ED9               	rlcf	((c:_count+1)),c,w	;volatile
  1079  000030  3412               	movwf	fsr2h
  1080  000032  6EDA               	movlw	low(_result)
  1081  000034  0E01               	addwf	fsr2l
  1082  000036  26D9               	movlw	high(_result)
  1083  000038  0E00               	addwfc	fsr2h
  1084  00003A  22DA               	movff	(c:4035),postinc2	;volatile
  1085  00003C  CFC3 FFDE          	movff	(c:4035+1),postdec2	;volatile
  1086  000040  CFC4 FFDD          	line	15
  1087                           	
  1088                           i2l788:
  1089  000044                     ;newmain.c: 15:     else if(PIR2bits.CCP2IF){
  1090                           	infsnz	((c:_count)),c	;volatile
  1091  000044  4A11               	incf	((c:_count+1)),c	;volatile
  1092  000046  2A12               	line	16
  1093                           	
  1094                           i2l790:
  1095  000048                     ;newmain.c: 16:         TMR3 = 0;
  1096                           	btfsc	((c:_count+1)),c,7	;volatile
  1097  000048  BE12               	goto	i2u2_41
  1098  00004A  EF30  F000         	movf	((c:_count+1)),c,w	;volatile
  1099  00004E  5012               	bnz	i2u2_40
  1100  000050  E109               	movlw	8
  1101  000052  0E08               	subwf	 ((c:_count)),c,w	;volatile
  1102  000054  5C11               	btfss	status,0
  1103  000056  A0D8               	goto	i2u2_41
  1104  000058  EF30  F000         	goto	i2u2_40
  1105  00005C  EF32  F000         
  1106                           i2u2_41:
  1107  000060                     	goto	i2l794
  1108  000060  EF38  F000         i2u2_40:
  1109  000064                     	line	17
  1110                           	
  1111                           i2l792:
  1112  000064                     ;newmain.c: 17:         PIR2bits.CCP2IF = 0;
  1113                           	movlw	high(0)
  1114  000064  0E00               	movwf	((c:_count+1)),c	;volatile
  1115  000066  6E12               	movlw	low(0)
  1116  000068  0E00               	movwf	((c:_count)),c	;volatile
  1117  00006A  6E11               	goto	i2l794
  1118  00006C  EF38  F000         	
  1119                           i2l52:
  1120  000070                     	line	18
  1121                           	
  1122                           i2l794:
  1123  000070                     ;newmain.c: 18:     }
  1124                           	bcf	((c:3998)),c,6	;volatile
  1125  000070  9C9E               	line	19
  1126                           ;newmain.c: 19:     return ;
  1127                           	goto	i2l55
  1128  000072  EF4D  F000         	line	20
  1129                           ;newmain.c: 20: }
  1130                           	
  1131                           i2l51:
  1132  000076                     	btfss	((c:4001)),c,0	;volatile
  1133  000076  A0A1               	goto	i2u3_41
  1134  000078  EF40  F000         	goto	i2u3_40
  1135  00007C  EF42  F000         i2u3_41:
  1136  000080                     	goto	i2l55
  1137  000080  EF4D  F000         i2u3_40:
  1138  000084                     	line	21
  1139                           	
  1140                           i2l796:
  1141  000084                     ;newmain.c: 21: 
  1142                           	movlw	high(0)
  1143  000084  0E00               	movwf	((c:4018+1)),c	;volatile
  1144  000086  6EB3               	movlw	low(0)
  1145  000088  0E00               	movwf	((c:4018)),c	;volatile
  1146  00008A  6EB2               	line	22
  1147                           	
  1148                           i2l798:
  1149  00008C                     ;newmain.c: 22: void main(void) {
  1150                           	bcf	((c:4001)),c,0	;volatile
  1151  00008C  90A1               	goto	i2l55
  1152  00008E  EF4D  F000         	line	23
  1153                           ;newmain.c: 23: 
  1154                           	
  1155                           i2l54:
  1156  000092                     	goto	i2l55
  1157  000092  EF4D  F000         	
  1158                           i2l53:
  1159  000096                     	goto	i2l55
  1160  000096  EF4D  F000         	line	24
  1161                           	
  1162                           i2l800:
  1163  00009A                     	line	25
  1164                           ;newmain.c: 24:     OSCCONbits.IRCF = 4;
  1165                           	
  1166                           i2l55:
  1167  00009A                     	movff	??_Hi_ISR+1,fsr2h+0
  1168  00009A  C014  FFDA         	movff	??_Hi_ISR+0,fsr2l+0
  1169  00009E  C013  FFD9         	bcf int$flags,1,c ;clear compiler interrupt flag (level 2)
  1170  0000A2  9215               	retfie f
  1171  0000A4  0011               	opt stack 0
  1172                           GLOBAL	__end_of_Hi_ISR
  1173                           	__end_of_Hi_ISR:
  1174  0000A6                     	signat	_Hi_ISR,89
  1175                           	GLOBAL	__activetblptr
  1176                           __activetblptr	EQU	0
  1177  0000                     	psect	intsave_regs,class=BIGRAM,space=1,noexec
  1178                           	PSECT	rparam,class=COMRAM,space=1,noexec
  1179                           	GLOBAL	__Lrparam
  1180                           	FNCONF	rparam,??,?
  1181                           	GLOBAL	___rparam_used
  1182                           	___rparam_used EQU 1
  1183  0000                     	GLOBAL	___param_bank
  1184                           	___param_bank EQU 0
  1185  0000                     GLOBAL	__Lparam, __Hparam
  1186                           GLOBAL	__Lrparam, __Hrparam
  1187                           __Lparam	EQU	__Lrparam
  1188  0000                     __Hparam	EQU	__Hrparam
  1189  0000                            psect   temp,common,ovrld,class=COMRAM,space=1
  1190                           	global	btemp
  1191                           btemp:
  1192  000015                     	ds	1
  1193  000015                     	global	int$flags
  1194                           	int$flags	set btemp
  1195  0000                     	global	wtemp8
  1196                           	wtemp8 set btemp+1
  1197  0000                     	global	ttemp5
  1198                           	ttemp5 set btemp+1
  1199  0000                     	global	ttemp6
  1200                           	ttemp6 set btemp+4
  1201  0000                     	global	ttemp7
  1202                           	ttemp7 set btemp+8
  1203  0000                     	end


Data Sizes:
    Strings     0
    Constant    0
    Data        0
    BSS         18
    Persistent  0
    Stack       0

Auto Spaces:
    Space          Size  Autos    Used
    COMRAM          126      2      20
    BANK0           128      0       0
    BANK1           256      0       0
    BANK2           256      0       0
    BANK3           256      0       0
    BANK4           256      0       0
    BANK5           256      0       0

Pointer List with Targets:

    None.

Critical Paths under _main in COMRAM

    None.

Critical Paths under _Hi_ISR in COMRAM

    None.

Critical Paths under _main in BANK0

    None.

Critical Paths under _Hi_ISR in BANK0

    None.

Critical Paths under _main in BANK1

    None.

Critical Paths under _Hi_ISR in BANK1

    None.

Critical Paths under _main in BANK2

    None.

Critical Paths under _Hi_ISR in BANK2

    None.

Critical Paths under _main in BANK3

    None.

Critical Paths under _Hi_ISR in BANK3

    None.

Critical Paths under _main in BANK4

    None.

Critical Paths under _Hi_ISR in BANK4

    None.

Critical Paths under _main in BANK5

    None.

Critical Paths under _Hi_ISR in BANK5

    None.

Call Graph Tables:

 ---------------------------------------------------------------------------------
 (Depth) Function   	        Calls       Base Space   Used Autos Params    Refs
 ---------------------------------------------------------------------------------
 (0) _main                                                 0     0      0       0
                           _adc_init
                          _ccp2_init
                           _tmr_init
 ---------------------------------------------------------------------------------
 (1) _tmr_init                                             0     0      0       0
 ---------------------------------------------------------------------------------
 (1) _ccp2_init                                            0     0      0       0
 ---------------------------------------------------------------------------------
 (1) _adc_init                                             0     0      0       0
 ---------------------------------------------------------------------------------
 Estimated maximum stack depth 1
 ---------------------------------------------------------------------------------
 (Depth) Function   	        Calls       Base Space   Used Autos Params    Refs
 ---------------------------------------------------------------------------------
 (2) _Hi_ISR                                               2     2      0       0
                                              0 COMRAM     2     2      0
 ---------------------------------------------------------------------------------
 Estimated maximum stack depth 2
 ---------------------------------------------------------------------------------

 Call Graph Graphs:

 _main (ROOT)
   _adc_init
   _ccp2_init
   _tmr_init

 _Hi_ISR (ROOT)

 Address spaces:
Name               Size   Autos  Total    Cost      Usage
BIGRAM             5FF      0       0      17        0.0%
EEDATA             100      0       0       0        0.0%
BITBANK5           100      0       0      16        0.0%
BANK5              100      0       0      14        0.0%
BITBANK4           100      0       0      12        0.0%
BANK4              100      0       0      13        0.0%
BITBANK3           100      0       0      10        0.0%
BANK3              100      0       0      11        0.0%
BITBANK2           100      0       0       8        0.0%
BANK2              100      0       0       9        0.0%
BITBANK1           100      0       0       6        0.0%
BANK1              100      0       0       7        0.0%
BITBANK0            80      0       0       4        0.0%
BANK0               80      0       0       5        0.0%
BITCOMRAM           7E      0       0       0        0.0%
COMRAM              7E      2      14       1       15.9%
BITSFR               0      0       0     200        0.0%
SFR                  0      0       0     200        0.0%
STACK                0      0       0       2        0.0%
NULL                 0      0       0       0        0.0%
ABS                  0      0      14      15        0.0%
DATA                 0      0      14       3        0.0%
CODE                 0      0       0       0        0.0%


Microchip Technology PIC18 Macro Assembler V2.00 build -1524193055 
Symbol Table                                                                                   Mon Dec 10 18:53:44 2018

                     l60 00F2                       l61 00F2                       l62 00F6  
                     l63 00F6                       l72 0132                       l66 00DC  
                     l69 0110                      l802 00DE                      l804 00E6  
                    l750 00AE                      l806 00EA                      l760 00D2  
                    l752 00B0                      l808 00EE                      l762 00D4  
                    l754 00B2                      l770 00FA                      l764 00D6  
                    l756 00B8                      l748 00A6                      l772 0102  
                    l780 012C                      l766 00D8                      l758 00D0  
                    l774 0104                      l782 0130                      l768 00DA  
                    l776 0106                      l778 0128                      wreg 000FE8  
           __CFG_LVP$OFF 000000             __CFG_WDT$OFF 000000                     i2l51 0076  
                   i2l52 0070                     i2l53 0096                     i2l54 0092  
                   i2l55 009A                     _TMR3 000FB2                     _main 00DE  
                   fsr2h 000FDA                     fsr2l 000FD9                     btemp 0015  
                   start 000E             ___param_bank 000000                    ?_main 0013  
                  _ADRES 000FC3                    _CCPR2 000FBB                    i2l800 009A  
                  i2l790 0048                    i2l792 0064                    i2l784 001C  
                  i2l794 0070                    i2l786 002A                    i2l796 0084  
                  i2l788 0044                    i2l798 008C                    _count 0011  
                  ttemp5 0016                    ttemp6 0019                    ttemp7 001D  
                  status 000FD8                    wtemp8 0016          __initialization 0112  
           __end_of_main 00FA                   ??_main 0015            __activetblptr 000000  
       __end_of_adc_init 00DE                   i2u1_40 002A                   i2u1_41 0026  
                 i2u2_40 0064                   i2u2_41 0060                   i2u3_40 0084  
                 i2u3_41 0080                   _Hi_ISR 0008                   clear_0 0118  
                 _result 0001         __end_of_tmr_init 0134       __size_of_ccp2_init 0018  
             __accesstop 0080  __end_of__initialization 011E            ___rparam_used 000001  
         __pcstackCOMRAM 0013                  ?_Hi_ISR 0013        __end_of_ccp2_init 0112  
              ?_adc_init 0013          __size_of_Hi_ISR 009E                  __Hparam 0000  
                __Lparam 0000                ?_tmr_init 0013                  __pcinit 0112  
                __ramtop 0600               ??_adc_init 0015                  __ptext0 00DE  
                __ptext1 0128                  __ptext2 00FA                  __ptext3 00A6  
              _T3CONbits 000FB1           __pintcode_body 0012     end_of_initialization 011E  
                int_func 0012                  postdec2 000FDD                  postinc0 000FEE  
                postinc2 000FDE               ??_tmr_init 0015                _TRISEbits 000F96  
            _CCP2CONbits 000FBA           __end_of_Hi_ISR 00A6      start_initialization 0112  
       __CFG_OSC$INTIO67 000000                 ??_Hi_ISR 0013        __size_of_adc_init 0038  
            __pbssCOMRAM 0001                _ccp2_init 00FA                __pintcode 0008  
      __size_of_tmr_init 000C               ?_ccp2_init 0013                 _IPR1bits 000F9F  
               _IPR2bits 000FA2                 _PIE1bits 000F9D                 _PIE2bits 000FA0  
               _PIR1bits 000F9E                 _PIR2bits 000FA1                 _RCONbits 000FD0  
             _ADCON0bits 000FC2               _ADCON1bits 000FC1               _ADCON2bits 000FC0  
               __Hrparam 0000                 __Lrparam 0000                 _adc_init 00A6  
            ??_ccp2_init 0015            __size_of_main 001C                 int$flags 0015  
               _tmr_init 0128               _INTCONbits 000FF2                 intlevel2 0000  
             _OSCCONbits 000FD3  
