MPASM 5.81                       STU_VER.ASM   11-19-2018  22:43:27         PAGE  1


LOC  OBJECT CODE     LINE SOURCE TEXT
  VALUE

Warning[205]: Found directive in column 1. (LIST)
                      00001 LIST p=18f4520
                      00002 #include<p18f4520.inc>
                      00001         LIST
                      00002 
                      00003 ;==========================================================================
                      00004 ; Build date : Jul 23 2018
                      00005 ;  MPASM PIC18F4520 processor include
                      00006 ; 
                      00007 ;  (c) Copyright 1999-2018 Microchip Technology, All rights reserved
                      00008 ;==========================================================================
                      00009 
                      01489         LIST
                      00003 
                      00004 ; CONFIG1H
                      00005   CONFIG  OSC = INTIO67         ; Oscillator Selection bits (Internal oscillator block, port function on
                             RA6 and RA7)
                      00006   CONFIG  FCMEN = OFF           ; Fail-Safe Clock Monitor Enable bit (Fail-Safe Clock Monitor disabled)
                      00007   CONFIG  IESO = OFF            ; Internal/External Oscillator Switchover bit (Oscillator Switchover mod
                            e disabled)
                      00008 
                      00009 ; CONFIG2L
                      00010   CONFIG  PWRT = OFF            ; Power-up Timer Enable bit (PWRT disabled)
                      00011   CONFIG  BOREN = SBORDIS       ; Brown-out Reset Enable bits (Brown-out Reset enabled in hardware only 
                            (SBOREN is disabled))
                      00012   CONFIG  BORV = 3              ; Brown Out Reset Voltage bits (Minimum setting)
                      00013 
                      00014 ; CONFIG2H
                      00015   CONFIG  WDT = OFF             ; Watchdog Timer Enable bit (WDT disabled (control is placed on the SWDT
                            EN bit))
                      00016   CONFIG  WDTPS = 32768         ; Watchdog Timer Postscale Select bits (1:32768)
                      00017 
                      00018 ; CONFIG3H
                      00019   CONFIG  CCP2MX = PORTC        ; CCP2 MUX bit (CCP2 input/output is multiplexed with RC1)
                      00020   CONFIG  PBADEN = OFF          ; PORTB A/D Enable bit (PORTB<4:0> pins are configured as digital I/O on
                             Reset)
                      00021   CONFIG  LPT1OSC = OFF         ; Low-Power Timer1 Oscillator Enable bit (Timer1 configured for higher p
                            ower operation)
                      00022   CONFIG  MCLRE = ON            ; MCLR Pin Enable bit (MCLR pin enabled; RE3 input pin disabled)
                      00023 
                      00024 ; CONFIG4L
                      00025   CONFIG  STVREN = ON           ; Stack Full/Underflow Reset Enable bit (Stack full/underflow will cause
                             Reset)
                      00026   CONFIG  LVP = OFF             ; Single-Supply ICSP Enable bit (Single-Supply ICSP disabled)
                      00027   CONFIG  XINST = OFF           ; Extended Instruction Set Enable bit (Instruction set extension and Ind
                            exed Addressing mode disabled (Legacy mode))
                      00028 
                      00029 ; CONFIG5L
                      00030   CONFIG  CP0 = OFF             ; Code Protection bit (Block 0 (000800-001FFFh) not code-protected)
                      00031   CONFIG  CP1 = OFF             ; Code Protection bit (Block 1 (002000-003FFFh) not code-protected)
                      00032   CONFIG  CP2 = OFF             ; Code Protection bit (Block 2 (004000-005FFFh) not code-protected)
                      00033   CONFIG  CP3 = OFF             ; Code Protection bit (Block 3 (006000-007FFFh) not code-protected)
                      00034 
MPASM 5.81                       STU_VER.ASM   11-19-2018  22:43:27         PAGE  2


LOC  OBJECT CODE     LINE SOURCE TEXT
  VALUE

                      00035 ; CONFIG5H
                      00036   CONFIG  CPB = OFF             ; Boot Block Code Protection bit (Boot block (000000-0007FFh) not code-p
                            rotected)
                      00037   CONFIG  CPD = OFF             ; Data EEPROM Code Protection bit (Data EEPROM not code-protected)
                      00038 
                      00039 ; CONFIG6L
                      00040   CONFIG  WRT0 = OFF            ; Write Protection bit (Block 0 (000800-001FFFh) not write-protected)
                      00041   CONFIG  WRT1 = OFF            ; Write Protection bit (Block 1 (002000-003FFFh) not write-protected)
                      00042   CONFIG  WRT2 = OFF            ; Write Protection bit (Block 2 (004000-005FFFh) not write-protected)
                      00043   CONFIG  WRT3 = OFF            ; Write Protection bit (Block 3 (006000-007FFFh) not write-protected)
                      00044 
                      00045 ; CONFIG6H
                      00046   CONFIG  WRTC = OFF            ; Configuration Register Write Protection bit (Configuration registers (
                            300000-3000FFh) not write-protected)
                      00047   CONFIG  WRTB = OFF            ; Boot Block Write Protection bit (Boot block (000000-0007FFh) not write
                            -protected)
                      00048   CONFIG  WRTD = OFF            ; Data EEPROM Write Protection bit (Data EEPROM not write-protected)
                      00049 
                      00050 ; CONFIG7L
                      00051   CONFIG  EBTR0 = OFF           ; Table Read Protection bit (Block 0 (000800-001FFFh) not protected from
                             table reads executed in other blocks)
                      00052   CONFIG  EBTR1 = OFF           ; Table Read Protection bit (Block 1 (002000-003FFFh) not protected from
                             table reads executed in other blocks)
                      00053   CONFIG  EBTR2 = OFF           ; Table Read Protection bit (Block 2 (004000-005FFFh) not protected from
                             table reads executed in other blocks)
                      00054   CONFIG  EBTR3 = OFF           ; Table Read Protection bit (Block 3 (006000-007FFFh) not protected from
                             table reads executed in other blocks)
                      00055 
                      00056 ; CONFIG7H
                      00057   CONFIG  EBTRB = OFF           ; Boot Block Table Read Protection bit (Boot block (000000-0007FFh) not 
                            protected from table reads executed in other blocks)
                      00058 
                      00059 
                      00060 ; ;;;;;;;;;;;;;;;;;;;;;;;;;;;;;;;;;;;;;;;;;;;;;;;;;;;
                      00061 ; Setting file register address.
  00000100            00062 COUNT set 0X100     
  00000110            00063 DIVISORH set 0X110   
  00000111            00064 DIVISORL set 0X111
  00000120            00065 REMAINDERH set 0X120
  00000121            00066 REMAINDERL set 0X121
  00000130            00067 QUOTIENT set 0x0130 ; 
  00000140            00068 temp    set 0x140
                      00069 
                      00070 
                      00071 #define Button1Flag 0X160, 0 ; You can use it or not.
                      00072 #define Button2Flag 0X170, 0 ; You can use it or not.
                      00073 ; ;;;;;;;;;;;;;;;;;;;;;;;;;;;;;;;;;;;;;;;;;;;;;;;; 
                      00074 ; Teacher assistent will provide input data.
  0000000F            00075 Input1H EQU 0x0F
  0000008C            00076 Input1L EQU 0x8C 
  0000006F            00077 Input2  EQU 0x6F ; 0xF7C/0x6F = 0x23 ... 0x4F
                      00078 ; ;;;;;;;;;;;;;;;;;;;;;;;;;;;;;;;;;;;;;;;;;;;;;;;;;;;;
                      00079   
MPASM 5.81                       STU_VER.ASM   11-19-2018  22:43:27         PAGE  3


LOC  OBJECT CODE     LINE SOURCE TEXT
  VALUE

                      00080   
Warning[205]: Found directive in column 1. (ORG)
                      00081 ORG 0X00  
Warning[203]: Found opcode in column 1. (bra)
000000 D???           00082 bra Init
Warning[205]: Found directive in column 1. (ORG)
                      00083 ORG 0X08 ; setting interrupt service routine 
Warning[203]: Found opcode in column 1. (bra)
000008 D???           00084 bra isr 
                      00085         
                      00086 rrcf4time macro origf, destf ; rotate your orginal register to destination for 4 times
                      00087                              ; Clear your destination first.
                      00088         clrf    destf
                      00089         movlw   origf
                      00090         movwf   destf
                      00091         rlcf    destf
                      00092         rlcf    destf
                      00093         rlcf    destf
                      00094         rlcf    destf
                      00095         endm
                      00096         
                      00097 ; Build the delay macro 
                      00098 #define SWITCH PORTA, 4
Warning[207]: Found label after column 1. (L1)
  00000014            00099     L1      EQU 0x14
Warning[207]: Found label after column 1. (L2)
  00000015            00100     L2      EQU 0x15
                      00101             
                      00102 DELAY MACRO
                      00103    local LOOP1
                      00104    local LOOP2
                      00105    MOVLW    d'180'
                      00106    MOVWF    L2
                      00107    LOOP2:
                      00108         MOVLW d'200'
                      00109         MOVWF    L1
                      00110    LOOP1:
                      00111         NOP
                      00112         NOP
                      00113         NOP
                      00114         NOP
                      00115         DECFSZ L1
                      00116         BRA LOOP1
                      00117         DECFSZ L2
                      00118         BRA LOOP2
Warning[205]: Found directive in column 1. (endm)
                      00119 endm
00000A 8CD3           00120 Init:   bsf OSCCON, IRCF2 ; Internal Oscillator Frequency is set 4Mhz
00000C 8AD3           00121         bsf OSCCON, IRCF1 ; Don't remove 3 lines !!!
00000E 98D3           00122         bcf OSCCON, IRCF0 
                      00123                           
000010 6A81           00124     CLRF    PORTB
000012 6A8A           00125     CLRF    LATB
MPASM 5.81                       STU_VER.ASM   11-19-2018  22:43:27         PAGE  4


LOC  OBJECT CODE     LINE SOURCE TEXT
  VALUE

000014 6A93           00126     clrf     TRISB
000016 8093           00127     BSF     TRISB, 0
000018 8893           00128     BSF     TRISB, 4
00001A 0E0F           00129     MOVLW   0x0f
00001C 6EC1           00130     MOVWF   ADCON1
00001E 6A95           00131     CLRF    TRISD
000020 6A8C           00132     CLRF    LATD
000022 6A83           00133     CLRF    PORTD
                      00134     
                      00135 
000024 88F2           00136     bsf     INTCON, INT0IE
000026 86F2           00137     bsf     INTCON, RBIE
000028 92F2           00138     bcf     INTCON, INT0IF
00002A 90F2           00139     bcf     INTCON, RBIF
00002C 8EF2           00140     bsf     INTCON, GIE
00002E 9CF1           00141     bcf     INTCON2, INTEDG0
                      00142                           ; Setting button1&button2 interrupt configuration on INTx(Just pick any 2 from
                             Int0-Int2)  
                      00143                           ;
                      00144                           ;               
                      00145                           ; Setting config for lighting LED (RD3-RD0)   
000030 9160           00146     bcf Button1Flag
000032 9170           00147     bcf Button2Flag
                      00148     
                      00149     
000034 0E0F           00150     movlw   Input1H
000036 6E20           00151     movwf   REMAINDERH, A
000038 0E8C           00152     movlw   Input1L
00003A 6E21           00153     movwf   REMAINDERL, A
00003C 0E00           00154     movlw   0
00003E 6E11           00155     movwf   DIVISORL, A
000040 0E6F           00156     movlw   Input2
000042 6E10           00157     movwf   DIVISORH, A
000044 0E09           00158     movlw   d'9'
000046 6F00           00159     movwf   COUNT
000048 6B30           00160     clrf    QUOTIENT
                      00161     
                      00162     
00004A                00163 loop:
00004A 6AD8           00164     clrf    STATUS
00004C 5011           00165     movf    DIVISORL, W, A
00004E 5C21           00166     subwf   REMAINDERL, W, A
000050 6F40           00167     movwf   temp
000052 5010           00168     movf    DIVISORH, W, A
000054 5820           00169     subwfb  REMAINDERH, W, A
000056 B8D8           00170     btfsc   STATUS, N
000058 EF?? F???      00171     goto less
00005C 3730           00172     rlcf QUOTIENT
00005E 8130           00173     bsf QUOTIENT, 0
000060 6F20           00174     movwf   REMAINDERH
000062 5040           00175     movf   temp, W, A
000064 6F21           00176     movwf   REMAINDERL
000066 EF?? F???      00177     goto    next
MPASM 5.81                       STU_VER.ASM   11-19-2018  22:43:27         PAGE  5


LOC  OBJECT CODE     LINE SOURCE TEXT
  VALUE

00006A                00178 less:
00006A 3730           00179     rlcf    QUOTIENT
00006C 9030           00180     bcf QUOTIENT, 0, A
00006E                00181 next:
00006E 3311           00182     rrcf            DIVISORL
000070 9F11           00183     bcf     DIVISORL, 7
000072 B110           00184     btfsc   DIVISORH, 0
000074 8F11           00185     bsf     DIVISORL, 7
000076 3310           00186     rrcf    DIVISORH
000078 9F10           00187     bcf   DIVISORH, 7
                      00188 
00007A 2F00           00189     decfsz  COUNT
00007C EF?? F???      00190     goto loop
                      00191     
000080 0101           00192     movlb   1
000082 5021           00193     movf   REMAINDERL, W, A
000084 6F23           00194     movwf   0x23, 1
000086 6F24           00195     movwf   0x24, 1
000088 3B23           00196     swapf    0x23, F, 1
00008A 0E0F           00197     movlw   b'00001111'
00008C 1723           00198     andwf   0x23, F, 1
00008E 1724           00199     andwf   0x24, F, 1
                      00200     
000090 5030           00201     movf   QUOTIENT, W, A
000092 6F33           00202     movwf   0x33, 1
000094 6F34           00203     movwf   0x34, 1
000096 3B33           00204     swapf    0x33, F, 1
000098 0E0F           00205     movlw   b'00001111'
00009A 1733           00206     andwf   0x33, F, 1
00009C 1734           00207     andwf   0x34, F, 1
00009E                00208 forever:
00009E 0000           00209     NOP
0000A0 B060           00210     btfsc   Button1Flag, 0
0000A2 EF?? F???      00211     goto button1
0000A6 B070           00212     btfsc   Button2Flag, 0
0000A8 EF?? F???      00213     goto button2
0000AC EF?? F???      00214     goto forever
0000B0                00215 button1:
                      00216     DELAY
  0000                    M    local LOOP1
  0000                    M    local LOOP2
0000B0 0EB4               M    MOVLW    d'180'
0000B2 6E15               M    MOVWF    L2
Warning[207]: Found label after column 1. (LOOP2)
0000B4                    M    LOOP2:
0000B4 0EC8               M         MOVLW d'200'
0000B6 6E14               M         MOVWF    L1
Warning[207]: Found label after column 1. (LOOP1)
0000B8                    M    LOOP1:
0000B8 0000               M         NOP
0000BA 0000               M         NOP
0000BC 0000               M         NOP
0000BE 0000               M         NOP
MPASM 5.81                       STU_VER.ASM   11-19-2018  22:43:27         PAGE  6


LOC  OBJECT CODE     LINE SOURCE TEXT
  VALUE

0000C0 2E14               M         DECFSZ L1
0000C2 D???               M         BRA LOOP1
0000C4 2E15               M         DECFSZ L2
0000C6 D???               M         BRA LOOP2
                      00217     DELAY
  0000                    M    local LOOP1
  0000                    M    local LOOP2
0000C8 0EB4               M    MOVLW    d'180'
0000CA 6E15               M    MOVWF    L2
Warning[207]: Found label after column 1. (LOOP2)
0000CC                    M    LOOP2:
0000CC 0EC8               M         MOVLW d'200'
0000CE 6E14               M         MOVWF    L1
Warning[207]: Found label after column 1. (LOOP1)
0000D0                    M    LOOP1:
0000D0 0000               M         NOP
0000D2 0000               M         NOP
0000D4 0000               M         NOP
0000D6 0000               M         NOP
0000D8 2E14               M         DECFSZ L1
0000DA D???               M         BRA LOOP1
0000DC 2E15               M         DECFSZ L2
0000DE D???               M         BRA LOOP2
0000E0 5123           00218     movf 0x23, 0, 1
0000E2 6E8C           00219     movwf   LATD
                      00220     DELAY
  0000                    M    local LOOP1
  0000                    M    local LOOP2
0000E4 0EB4               M    MOVLW    d'180'
0000E6 6E15               M    MOVWF    L2
Warning[207]: Found label after column 1. (LOOP2)
0000E8                    M    LOOP2:
0000E8 0EC8               M         MOVLW d'200'
0000EA 6E14               M         MOVWF    L1
Warning[207]: Found label after column 1. (LOOP1)
0000EC                    M    LOOP1:
0000EC 0000               M         NOP
0000EE 0000               M         NOP
0000F0 0000               M         NOP
0000F2 0000               M         NOP
0000F4 2E14               M         DECFSZ L1
0000F6 D???               M         BRA LOOP1
0000F8 2E15               M         DECFSZ L2
0000FA D???               M         BRA LOOP2
                      00221     DELAY
  0000                    M    local LOOP1
  0000                    M    local LOOP2
0000FC 0EB4               M    MOVLW    d'180'
0000FE 6E15               M    MOVWF    L2
Warning[207]: Found label after column 1. (LOOP2)
000100                    M    LOOP2:
000100 0EC8               M         MOVLW d'200'
000102 6E14               M         MOVWF    L1
MPASM 5.81                       STU_VER.ASM   11-19-2018  22:43:27         PAGE  7


LOC  OBJECT CODE     LINE SOURCE TEXT
  VALUE

Warning[207]: Found label after column 1. (LOOP1)
000104                    M    LOOP1:
000104 0000               M         NOP
000106 0000               M         NOP
000108 0000               M         NOP
00010A 0000               M         NOP
00010C 2E14               M         DECFSZ L1
00010E D???               M         BRA LOOP1
000110 2E15               M         DECFSZ L2
000112 D???               M         BRA LOOP2
                      00222     DELAY
  0000                    M    local LOOP1
  0000                    M    local LOOP2
000114 0EB4               M    MOVLW    d'180'
000116 6E15               M    MOVWF    L2
Warning[207]: Found label after column 1. (LOOP2)
000118                    M    LOOP2:
000118 0EC8               M         MOVLW d'200'
00011A 6E14               M         MOVWF    L1
Warning[207]: Found label after column 1. (LOOP1)
00011C                    M    LOOP1:
00011C 0000               M         NOP
00011E 0000               M         NOP
000120 0000               M         NOP
000122 0000               M         NOP
000124 2E14               M         DECFSZ L1
000126 D???               M         BRA LOOP1
000128 2E15               M         DECFSZ L2
00012A D???               M         BRA LOOP2
                      00223     DELAY
  0000                    M    local LOOP1
  0000                    M    local LOOP2
00012C 0EB4               M    MOVLW    d'180'
00012E 6E15               M    MOVWF    L2
Warning[207]: Found label after column 1. (LOOP2)
000130                    M    LOOP2:
000130 0EC8               M         MOVLW d'200'
000132 6E14               M         MOVWF    L1
Warning[207]: Found label after column 1. (LOOP1)
000134                    M    LOOP1:
000134 0000               M         NOP
000136 0000               M         NOP
000138 0000               M         NOP
00013A 0000               M         NOP
00013C 2E14               M         DECFSZ L1
00013E D???               M         BRA LOOP1
000140 2E15               M         DECFSZ L2
000142 D???               M         BRA LOOP2
000144 6A8C           00224     clrf LATD
                      00225     DELAY
  0000                    M    local LOOP1
  0000                    M    local LOOP2
000146 0EB4               M    MOVLW    d'180'
MPASM 5.81                       STU_VER.ASM   11-19-2018  22:43:27         PAGE  8


LOC  OBJECT CODE     LINE SOURCE TEXT
  VALUE

000148 6E15               M    MOVWF    L2
Warning[207]: Found label after column 1. (LOOP2)
00014A                    M    LOOP2:
00014A 0EC8               M         MOVLW d'200'
00014C 6E14               M         MOVWF    L1
Warning[207]: Found label after column 1. (LOOP1)
00014E                    M    LOOP1:
00014E 0000               M         NOP
000150 0000               M         NOP
000152 0000               M         NOP
000154 0000               M         NOP
000156 2E14               M         DECFSZ L1
000158 D???               M         BRA LOOP1
00015A 2E15               M         DECFSZ L2
00015C D???               M         BRA LOOP2
                      00226     DELAY
  0000                    M    local LOOP1
  0000                    M    local LOOP2
00015E 0EB4               M    MOVLW    d'180'
000160 6E15               M    MOVWF    L2
Warning[207]: Found label after column 1. (LOOP2)
000162                    M    LOOP2:
000162 0EC8               M         MOVLW d'200'
000164 6E14               M         MOVWF    L1
Warning[207]: Found label after column 1. (LOOP1)
000166                    M    LOOP1:
000166 0000               M         NOP
000168 0000               M         NOP
00016A 0000               M         NOP
00016C 0000               M         NOP
00016E 2E14               M         DECFSZ L1
000170 D???               M         BRA LOOP1
000172 2E15               M         DECFSZ L2
000174 D???               M         BRA LOOP2
000176 5124           00227     movf 0x24, 0, 1
000178 6E8C           00228     movwf   LATD
                      00229     DELAY
  0000                    M    local LOOP1
  0000                    M    local LOOP2
00017A 0EB4               M    MOVLW    d'180'
00017C 6E15               M    MOVWF    L2
Warning[207]: Found label after column 1. (LOOP2)
00017E                    M    LOOP2:
00017E 0EC8               M         MOVLW d'200'
000180 6E14               M         MOVWF    L1
Warning[207]: Found label after column 1. (LOOP1)
000182                    M    LOOP1:
000182 0000               M         NOP
000184 0000               M         NOP
000186 0000               M         NOP
000188 0000               M         NOP
00018A 2E14               M         DECFSZ L1
00018C D???               M         BRA LOOP1
MPASM 5.81                       STU_VER.ASM   11-19-2018  22:43:27         PAGE  9


LOC  OBJECT CODE     LINE SOURCE TEXT
  VALUE

00018E 2E15               M         DECFSZ L2
000190 D???               M         BRA LOOP2
                      00230     DELAY
  0000                    M    local LOOP1
  0000                    M    local LOOP2
000192 0EB4               M    MOVLW    d'180'
000194 6E15               M    MOVWF    L2
Warning[207]: Found label after column 1. (LOOP2)
000196                    M    LOOP2:
000196 0EC8               M         MOVLW d'200'
000198 6E14               M         MOVWF    L1
Warning[207]: Found label after column 1. (LOOP1)
00019A                    M    LOOP1:
00019A 0000               M         NOP
00019C 0000               M         NOP
00019E 0000               M         NOP
0001A0 0000               M         NOP
0001A2 2E14               M         DECFSZ L1
0001A4 D???               M         BRA LOOP1
0001A6 2E15               M         DECFSZ L2
0001A8 D???               M         BRA LOOP2
                      00231     DELAY
  0000                    M    local LOOP1
  0000                    M    local LOOP2
0001AA 0EB4               M    MOVLW    d'180'
0001AC 6E15               M    MOVWF    L2
Warning[207]: Found label after column 1. (LOOP2)
0001AE                    M    LOOP2:
0001AE 0EC8               M         MOVLW d'200'
0001B0 6E14               M         MOVWF    L1
Warning[207]: Found label after column 1. (LOOP1)
0001B2                    M    LOOP1:
0001B2 0000               M         NOP
0001B4 0000               M         NOP
0001B6 0000               M         NOP
0001B8 0000               M         NOP
0001BA 2E14               M         DECFSZ L1
0001BC D???               M         BRA LOOP1
0001BE 2E15               M         DECFSZ L2
0001C0 D???               M         BRA LOOP2
                      00232     DELAY
  0000                    M    local LOOP1
  0000                    M    local LOOP2
0001C2 0EB4               M    MOVLW    d'180'
0001C4 6E15               M    MOVWF    L2
Warning[207]: Found label after column 1. (LOOP2)
0001C6                    M    LOOP2:
0001C6 0EC8               M         MOVLW d'200'
0001C8 6E14               M         MOVWF    L1
Warning[207]: Found label after column 1. (LOOP1)
0001CA                    M    LOOP1:
0001CA 0000               M         NOP
0001CC 0000               M         NOP
MPASM 5.81                       STU_VER.ASM   11-19-2018  22:43:27         PAGE 10


LOC  OBJECT CODE     LINE SOURCE TEXT
  VALUE

0001CE 0000               M         NOP
0001D0 0000               M         NOP
0001D2 2E14               M         DECFSZ L1
0001D4 D???               M         BRA LOOP1
0001D6 2E15               M         DECFSZ L2
0001D8 D???               M         BRA LOOP2
0001DA 6A8C           00233     clrf LATD
0001DC 9060           00234     bcf Button1Flag, 0
0001DE EF?? F???      00235     goto forever
0001E2                00236 button2:
                      00237     DELAY
  0000                    M    local LOOP1
  0000                    M    local LOOP2
0001E2 0EB4               M    MOVLW    d'180'
0001E4 6E15               M    MOVWF    L2
Warning[207]: Found label after column 1. (LOOP2)
0001E6                    M    LOOP2:
0001E6 0EC8               M         MOVLW d'200'
0001E8 6E14               M         MOVWF    L1
Warning[207]: Found label after column 1. (LOOP1)
0001EA                    M    LOOP1:
0001EA 0000               M         NOP
0001EC 0000               M         NOP
0001EE 0000               M         NOP
0001F0 0000               M         NOP
0001F2 2E14               M         DECFSZ L1
0001F4 D???               M         BRA LOOP1
0001F6 2E15               M         DECFSZ L2
0001F8 D???               M         BRA LOOP2
                      00238     DELAY
  0000                    M    local LOOP1
  0000                    M    local LOOP2
0001FA 0EB4               M    MOVLW    d'180'
0001FC 6E15               M    MOVWF    L2
Warning[207]: Found label after column 1. (LOOP2)
0001FE                    M    LOOP2:
0001FE 0EC8               M         MOVLW d'200'
000200 6E14               M         MOVWF    L1
Warning[207]: Found label after column 1. (LOOP1)
000202                    M    LOOP1:
000202 0000               M         NOP
000204 0000               M         NOP
000206 0000               M         NOP
000208 0000               M         NOP
00020A 2E14               M         DECFSZ L1
00020C D???               M         BRA LOOP1
00020E 2E15               M         DECFSZ L2
000210 D???               M         BRA LOOP2
000212 5133           00239     movf 0x33, 0, 1
000214 6E8C           00240     movwf   LATD
                      00241     DELAY
  0000                    M    local LOOP1
  0000                    M    local LOOP2
MPASM 5.81                       STU_VER.ASM   11-19-2018  22:43:27         PAGE 11


LOC  OBJECT CODE     LINE SOURCE TEXT
  VALUE

000216 0EB4               M    MOVLW    d'180'
000218 6E15               M    MOVWF    L2
Warning[207]: Found label after column 1. (LOOP2)
00021A                    M    LOOP2:
00021A 0EC8               M         MOVLW d'200'
00021C 6E14               M         MOVWF    L1
Warning[207]: Found label after column 1. (LOOP1)
00021E                    M    LOOP1:
00021E 0000               M         NOP
000220 0000               M         NOP
000222 0000               M         NOP
000224 0000               M         NOP
000226 2E14               M         DECFSZ L1
000228 D???               M         BRA LOOP1
00022A 2E15               M         DECFSZ L2
00022C D???               M         BRA LOOP2
                      00242     DELAY
  0000                    M    local LOOP1
  0000                    M    local LOOP2
00022E 0EB4               M    MOVLW    d'180'
000230 6E15               M    MOVWF    L2
Warning[207]: Found label after column 1. (LOOP2)
000232                    M    LOOP2:
000232 0EC8               M         MOVLW d'200'
000234 6E14               M         MOVWF    L1
Warning[207]: Found label after column 1. (LOOP1)
000236                    M    LOOP1:
000236 0000               M         NOP
000238 0000               M         NOP
00023A 0000               M         NOP
00023C 0000               M         NOP
00023E 2E14               M         DECFSZ L1
000240 D???               M         BRA LOOP1
000242 2E15               M         DECFSZ L2
000244 D???               M         BRA LOOP2
                      00243     DELAY
  0000                    M    local LOOP1
  0000                    M    local LOOP2
000246 0EB4               M    MOVLW    d'180'
000248 6E15               M    MOVWF    L2
Warning[207]: Found label after column 1. (LOOP2)
00024A                    M    LOOP2:
00024A 0EC8               M         MOVLW d'200'
00024C 6E14               M         MOVWF    L1
Warning[207]: Found label after column 1. (LOOP1)
00024E                    M    LOOP1:
00024E 0000               M         NOP
000250 0000               M         NOP
000252 0000               M         NOP
000254 0000               M         NOP
000256 2E14               M         DECFSZ L1
000258 D???               M         BRA LOOP1
00025A 2E15               M         DECFSZ L2
MPASM 5.81                       STU_VER.ASM   11-19-2018  22:43:27         PAGE 12


LOC  OBJECT CODE     LINE SOURCE TEXT
  VALUE

00025C D???               M         BRA LOOP2
                      00244     DELAY
  0000                    M    local LOOP1
  0000                    M    local LOOP2
00025E 0EB4               M    MOVLW    d'180'
000260 6E15               M    MOVWF    L2
Warning[207]: Found label after column 1. (LOOP2)
000262                    M    LOOP2:
000262 0EC8               M         MOVLW d'200'
000264 6E14               M         MOVWF    L1
Warning[207]: Found label after column 1. (LOOP1)
000266                    M    LOOP1:
000266 0000               M         NOP
000268 0000               M         NOP
00026A 0000               M         NOP
00026C 0000               M         NOP
00026E 2E14               M         DECFSZ L1
000270 D???               M         BRA LOOP1
000272 2E15               M         DECFSZ L2
000274 D???               M         BRA LOOP2
000276 6A8C           00245     clrf LATD
                      00246     DELAY
  0000                    M    local LOOP1
  0000                    M    local LOOP2
000278 0EB4               M    MOVLW    d'180'
00027A 6E15               M    MOVWF    L2
Warning[207]: Found label after column 1. (LOOP2)
00027C                    M    LOOP2:
00027C 0EC8               M         MOVLW d'200'
00027E 6E14               M         MOVWF    L1
Warning[207]: Found label after column 1. (LOOP1)
000280                    M    LOOP1:
000280 0000               M         NOP
000282 0000               M         NOP
000284 0000               M         NOP
000286 0000               M         NOP
000288 2E14               M         DECFSZ L1
00028A D???               M         BRA LOOP1
00028C 2E15               M         DECFSZ L2
00028E D???               M         BRA LOOP2
                      00247     DELAY
  0000                    M    local LOOP1
  0000                    M    local LOOP2
000290 0EB4               M    MOVLW    d'180'
000292 6E15               M    MOVWF    L2
Warning[207]: Found label after column 1. (LOOP2)
000294                    M    LOOP2:
000294 0EC8               M         MOVLW d'200'
000296 6E14               M         MOVWF    L1
Warning[207]: Found label after column 1. (LOOP1)
000298                    M    LOOP1:
000298 0000               M         NOP
00029A 0000               M         NOP
MPASM 5.81                       STU_VER.ASM   11-19-2018  22:43:27         PAGE 13


LOC  OBJECT CODE     LINE SOURCE TEXT
  VALUE

00029C 0000               M         NOP
00029E 0000               M         NOP
0002A0 2E14               M         DECFSZ L1
0002A2 D???               M         BRA LOOP1
0002A4 2E15               M         DECFSZ L2
0002A6 D???               M         BRA LOOP2
0002A8 5134           00248     movf 0x34, 0, 1
0002AA 6E8C           00249     movwf   LATD
                      00250     DELAY
  0000                    M    local LOOP1
  0000                    M    local LOOP2
0002AC 0EB4               M    MOVLW    d'180'
0002AE 6E15               M    MOVWF    L2
Warning[207]: Found label after column 1. (LOOP2)
0002B0                    M    LOOP2:
0002B0 0EC8               M         MOVLW d'200'
0002B2 6E14               M         MOVWF    L1
Warning[207]: Found label after column 1. (LOOP1)
0002B4                    M    LOOP1:
0002B4 0000               M         NOP
0002B6 0000               M         NOP
0002B8 0000               M         NOP
0002BA 0000               M         NOP
0002BC 2E14               M         DECFSZ L1
0002BE D???               M         BRA LOOP1
0002C0 2E15               M         DECFSZ L2
0002C2 D???               M         BRA LOOP2
                      00251     DELAY
  0000                    M    local LOOP1
  0000                    M    local LOOP2
0002C4 0EB4               M    MOVLW    d'180'
0002C6 6E15               M    MOVWF    L2
Warning[207]: Found label after column 1. (LOOP2)
0002C8                    M    LOOP2:
0002C8 0EC8               M         MOVLW d'200'
0002CA 6E14               M         MOVWF    L1
Warning[207]: Found label after column 1. (LOOP1)
0002CC                    M    LOOP1:
0002CC 0000               M         NOP
0002CE 0000               M         NOP
0002D0 0000               M         NOP
0002D2 0000               M         NOP
0002D4 2E14               M         DECFSZ L1
0002D6 D???               M         BRA LOOP1
0002D8 2E15               M         DECFSZ L2
0002DA D???               M         BRA LOOP2
                      00252     DELAY
  0000                    M    local LOOP1
  0000                    M    local LOOP2
0002DC 0EB4               M    MOVLW    d'180'
0002DE 6E15               M    MOVWF    L2
Warning[207]: Found label after column 1. (LOOP2)
0002E0                    M    LOOP2:
MPASM 5.81                       STU_VER.ASM   11-19-2018  22:43:27         PAGE 14


LOC  OBJECT CODE     LINE SOURCE TEXT
  VALUE

0002E0 0EC8               M         MOVLW d'200'
0002E2 6E14               M         MOVWF    L1
Warning[207]: Found label after column 1. (LOOP1)
0002E4                    M    LOOP1:
0002E4 0000               M         NOP
0002E6 0000               M         NOP
0002E8 0000               M         NOP
0002EA 0000               M         NOP
0002EC 2E14               M         DECFSZ L1
0002EE D???               M         BRA LOOP1
0002F0 2E15               M         DECFSZ L2
0002F2 D???               M         BRA LOOP2
                      00253     DELAY
  0000                    M    local LOOP1
  0000                    M    local LOOP2
0002F4 0EB4               M    MOVLW    d'180'
0002F6 6E15               M    MOVWF    L2
Warning[207]: Found label after column 1. (LOOP2)
0002F8                    M    LOOP2:
0002F8 0EC8               M         MOVLW d'200'
0002FA 6E14               M         MOVWF    L1
Warning[207]: Found label after column 1. (LOOP1)
0002FC                    M    LOOP1:
0002FC 0000               M         NOP
0002FE 0000               M         NOP
000300 0000               M         NOP
000302 0000               M         NOP
000304 2E14               M         DECFSZ L1
000306 D???               M         BRA LOOP1
000308 2E15               M         DECFSZ L2
00030A D???               M         BRA LOOP2
00030C 6A8C           00254     clrf LATD
00030E 9070           00255     bcf Button2Flag, 0
000310 EF?? F???      00256     goto forever
000314 0000           00257     nop
                      00258 
000316                00259 Divide:  ; divde 
                      00260         ; You can write macro of divide, or not.
                      00261         ; Input1 is Dividend, Input2 is Division. 
                      00262         ; For example, 0xFFC / 0x11h =  0xFF0...0xC.
                      00263         ; 0xFFC: Dividend (0xF: DividendH, 0xFC: DividendL). 
                      00264         ; 0X11: Division.  0XFF0: Quotient. 0xc: Remainder
                      00265         ; You must push result values to QUOTIENT(0X130), REMAINDERL(0x121) before you shift values.
000316                00266 Transfer:  
                      00267         ; rotate register       
                      00268         ; transfer values to specified file registers.
                      00269         ; you can design a better method you think.
                      00270         
000316 D???           00271 mainLoop: bra mainLoop
                      00272           ; You must add some codes, then make your hardware is operated successfully.
                      00273           ; about intx of button , just pick any 2 from int0-int2
                      00274           ; Writing delay macro on interrupt service routine will get zero score.
                      00275           ; hint: Button1Flag&Button2Flag are good partners!
MPASM 5.81                       STU_VER.ASM   11-19-2018  22:43:27         PAGE 15


LOC  OBJECT CODE     LINE SOURCE TEXT
  VALUE

                      00276          
000318                00277 q_blink:        ; Designing Quotient_blink for Subroutine
000318 0012           00278         return 
00031A                00279 r_blink:        ; Designing Remainder_blink for Subroutine
00031A 0012           00280         return 
                      00281         
00031C                00282 isr:    ; Don't create Delay here!
00031C B2F2           00283     btfsc   INTCON, INT0IF
00031E 8060           00284     bsf    Button1Flag, 0
000320 B0F2           00285     btfsc   INTCON, RBIF
000322 8070           00286     bsf    Button2Flag, 0
000324 92F2           00287     bcf INTCON, INT0IF
000326 90F2           00288     bcf INTCON, RBIF
000328 0010           00289     retfie
                      00290         END
MPASM 5.81                       STU_VER.ASM   11-19-2018  22:43:27         PAGE 16


SYMBOL TABLE
  LABEL                             VALUE 

A                                 00000000
ABDEN                             00000000
ABDOVF                            00000007
ACCESS                            00000000
ACKDT                             00000005
ACKEN                             00000004
ACKSTAT                           00000006
ACQT0                             00000003
ACQT1                             00000004
ACQT2                             00000005
ADCON0                            00000FC2
ADCON1                            00000FC1
ADCON2                            00000FC0
ADCS0                             00000000
ADCS1                             00000001
ADCS2                             00000002
ADDEN                             00000003
ADEN                              00000003
ADFM                              00000007
ADIE                              00000006
ADIF                              00000006
ADIP                              00000006
ADMSK1                            00000001
ADMSK2                            00000002
ADMSK3                            00000003
ADMSK4                            00000004
ADMSK5                            00000005
ADON                              00000000
ADRES                             00000FC3
ADRESH                            00000FC4
ADRESL                            00000FC3
AN0                               00000000
AN1                               00000001
AN10                              00000001
AN11                              00000004
AN12                              00000000
AN2                               00000002
AN3                               00000003
AN4                               00000005
AN5                               00000000
AN6                               00000001
AN7                               00000002
AN8                               00000002
AN9                               00000003
BANKED                            00000001
BAUDCON                           00000FB8
BAUDCTL                           00000FB8
BCLIE                             00000003
BCLIF                             00000003
BCLIP                             00000003
BF                                00000000
BGST                              00000005
BOR                               00000000
MPASM 5.81                       STU_VER.ASM   11-19-2018  22:43:27         PAGE 17


SYMBOL TABLE
  LABEL                             VALUE 

BRG16                             00000003
BRGH                              00000002
BSR                               00000FE0
Button1Flag                       0X160, 0
Button2Flag                       0X170, 0
C                                 00000000
C1INV                             00000004
C1OUT_CMCON                       00000006
C1OUT_PORTA                       00000004
C2INV                             00000005
C2OUT_CMCON                       00000007
C2OUT_PORTA                       00000005
CCP1                              00000002
CCP1CON                           00000FBD
CCP1IE                            00000002
CCP1IF                            00000002
CCP1IP                            00000002
CCP1M0                            00000000
CCP1M1                            00000001
CCP1M2                            00000002
CCP1M3                            00000003
CCP1X                             00000005
CCP1Y                             00000004
CCP2CON                           00000FBA
CCP2IE                            00000000
CCP2IF                            00000000
CCP2IP                            00000000
CCP2M0                            00000000
CCP2M1                            00000001
CCP2M2                            00000002
CCP2M3                            00000003
CCP2X                             00000005
CCP2Y                             00000004
CCP2_PORTB                        00000003
CCP2_PORTC                        00000001
CCPR1                             00000FBE
CCPR1H                            00000FBF
CCPR1L                            00000FBE
CCPR2                             00000FBB
CCPR2H                            00000FBC
CCPR2L                            00000FBB
CFGS                              00000006
CHS0                              00000002
CHS1                              00000003
CHS2                              00000004
CHS3                              00000005
CIS                               00000003
CK                                00000006
CKE                               00000006
CKP                               00000004
CLKI                              00000007
CLKO                              00000006
CM0                               00000000
MPASM 5.81                       STU_VER.ASM   11-19-2018  22:43:27         PAGE 18


SYMBOL TABLE
  LABEL                             VALUE 

CM1                               00000001
CM2                               00000002
CMCON                             00000FB4
CMIE                              00000006
CMIF                              00000006
CMIP                              00000006
COUNT                             00000100
CREN                              00000004
CS                                00000002
CSRC                              00000007
CVR0                              00000000
CVR1                              00000001
CVR2                              00000002
CVR3                              00000003
CVRCON                            00000FB5
CVREF                             00000002
CVREN                             00000007
CVROE                             00000006
CVRR                              00000005
CVRSS                             00000004
D                                 00000005
DC                                00000001
DC1B0                             00000004
DC1B1                             00000005
DC2B0                             00000004
DC2B1                             00000005
DDRA                              TRISA
DDRB                              TRISB
DDRC                              TRISC
DDRD                              TRISD
DDRE                              TRISE
DELAY                             
DIVISORH                          00000110
DIVISORL                          00000111
DONE                              00000001
D_A                               00000005
D_NOT_A                           00000005
Divide                            00000316
ECCP1AS                           00000FB6
ECCP1DEL                          00000FB7
ECCPAS                            00000FB6
ECCPAS0                           00000004
ECCPAS1                           00000005
ECCPAS2                           00000006
ECCPASE                           00000007
EEADR                             00000FA9
EECON1                            00000FA6
EECON2                            00000FA7
EEDATA                            00000FA8
EEIE                              00000004
EEIF                              00000004
EEIP                              00000004
EEPGD                             00000007
MPASM 5.81                       STU_VER.ASM   11-19-2018  22:43:27         PAGE 19


SYMBOL TABLE
  LABEL                             VALUE 

FAST                              00000001
FERR                              00000002
FLT0                              00000000
FLTS                              00000002
FREE                              00000004
FSR0                              00000000
FSR0H                             00000FEA
FSR0L                             00000FE9
FSR1                              00000001
FSR1H                             00000FE2
FSR1L                             00000FE1
FSR2                              00000002
FSR2H                             00000FDA
FSR2L                             00000FD9
GCEN                              00000007
GIE                               00000007
GIEH                              00000007
GIEL                              00000006
GIE_GIEH                          00000007
GO                                00000001
GO_DONE                           00000001
GO_NOT_DONE                       00000001
HLVDCON                           00000FD2
HLVDEN                            00000004
HLVDIE                            00000002
HLVDIF                            00000002
HLVDIN                            00000005
HLVDIP                            00000002
HLVDL0                            00000000
HLVDL1                            00000001
HLVDL2                            00000002
HLVDL3                            00000003
IBF                               00000007
IBOV                              00000005
IDLEN                             00000007
INDF0                             00000FEF
INDF1                             00000FE7
INDF2                             00000FDF
INT0                              00000000
INT0E                             00000004
INT0F                             00000001
INT0IE                            00000004
INT0IF                            00000001
INT1                              00000001
INT1E                             00000003
INT1F                             00000000
INT1IE                            00000003
INT1IF                            00000000
INT1IP                            00000006
INT1P                             00000006
INT2                              00000002
INT2E                             00000004
INT2F                             00000001
MPASM 5.81                       STU_VER.ASM   11-19-2018  22:43:27         PAGE 20


SYMBOL TABLE
  LABEL                             VALUE 

INT2IE                            00000004
INT2IF                            00000001
INT2IP                            00000007
INT2P                             00000007
INTCON                            00000FF2
INTCON2                           00000FF1
INTCON3                           00000FF0
INTEDG0                           00000006
INTEDG1                           00000005
INTEDG2                           00000004
INTSRC                            00000007
IOFS                              00000002
IPEN                              00000007
IPR1                              00000F9F
IPR2                              00000FA2
IRCF0                             00000004
IRCF1                             00000005
IRCF2                             00000006
IRVST                             00000005
IVRST                             00000005
Init                              0000000A
Input1H                           0000000F
Input1L                           0000008C
Input2                            0000006F
KBI0                              00000004
KBI1                              00000005
KBI2                              00000006
KBI3                              00000007
L1                                00000014
L2                                00000015
LATA                              00000F89
LATA0                             00000000
LATA1                             00000001
LATA2                             00000002
LATA3                             00000003
LATA4                             00000004
LATA5                             00000005
LATA6                             00000006
LATA7                             00000007
LATB                              00000F8A
LATB0                             00000000
LATB1                             00000001
LATB2                             00000002
LATB3                             00000003
LATB4                             00000004
LATB5                             00000005
LATB6                             00000006
LATB7                             00000007
LATC                              00000F8B
LATC0                             00000000
LATC1                             00000001
LATC2                             00000002
LATC3                             00000003
MPASM 5.81                       STU_VER.ASM   11-19-2018  22:43:27         PAGE 21


SYMBOL TABLE
  LABEL                             VALUE 

LATC4                             00000004
LATC5                             00000005
LATC6                             00000006
LATC7                             00000007
LATD                              00000F8C
LATD0                             00000000
LATD1                             00000001
LATD2                             00000002
LATD3                             00000003
LATD4                             00000004
LATD5                             00000005
LATD6                             00000006
LATD7                             00000007
LATE                              00000F8D
LATE0                             00000000
LATE1                             00000001
LATE2                             00000002
LVDCON                            00000FD2
LVDEN                             00000004
LVDIE                             00000002
LVDIF                             00000002
LVDIN                             00000005
LVDIP                             00000002
LVDL0                             00000000
LVDL1                             00000001
LVDL2                             00000002
LVDL3                             00000003
LVV0                              00000000
LVV1                              00000001
LVV2                              00000002
LVV3                              00000003
MCLR                              00000003
N                                 00000004
NOT_A                             00000005
NOT_ADDRESS                       00000005
NOT_BOR                           00000000
NOT_CS                            00000002
NOT_DONE                          00000001
NOT_MCLR                          00000003
NOT_PD                            00000002
NOT_POR                           00000001
NOT_RBPU                          00000007
NOT_RD                            00000000
NOT_RI                            00000004
NOT_SS                            00000005
NOT_T1SYNC                        00000002
NOT_T3SYNC                        00000002
NOT_TO                            00000003
NOT_W                             00000002
NOT_WR                            00000001
NOT_WRITE                         00000002
OBF                               00000006
OERR                              00000001
MPASM 5.81                       STU_VER.ASM   11-19-2018  22:43:27         PAGE 22


SYMBOL TABLE
  LABEL                             VALUE 

OSC1                              00000007
OSC2                              00000006
OSCCON                            00000FD3
OSCFIE                            00000007
OSCFIF                            00000007
OSCFIP                            00000007
OSCTUNE                           00000F9B
OSTS                              00000003
OV                                00000003
P                                 00000004
P1A                               00000002
P1B                               00000005
P1C                               00000006
P1D                               00000007
P1M0                              00000006
P1M1                              00000007
PC                                00000FF9
PCFG0                             00000000
PCFG1                             00000001
PCFG2                             00000002
PCFG3                             00000003
PCL                               00000FF9
PCLATH                            00000FFA
PCLATU                            00000FFB
PD                                00000002
PDC0                              00000000
PDC1                              00000001
PDC2                              00000002
PDC3                              00000003
PDC4                              00000004
PDC5                              00000005
PDC6                              00000006
PEIE                              00000006
PEIE_GIEL                         00000006
PEN                               00000002
PGC                               00000006
PGD                               00000007
PGM                               00000005
PIE1                              00000F9D
PIE2                              00000FA0
PIR1                              00000F9E
PIR2                              00000FA1
PLLEN                             00000006
PLUSW0                            00000FEB
PLUSW1                            00000FE3
PLUSW2                            00000FDB
POR                               00000001
PORTA                             00000F80
PORTB                             00000F81
PORTC                             00000F82
PORTD                             00000F83
PORTE                             00000F84
POSTDEC0                          00000FED
MPASM 5.81                       STU_VER.ASM   11-19-2018  22:43:27         PAGE 23


SYMBOL TABLE
  LABEL                             VALUE 

POSTDEC1                          00000FE5
POSTDEC2                          00000FDD
POSTINC0                          00000FEE
POSTINC1                          00000FE6
POSTINC2                          00000FDE
PR2                               00000FCB
PREINC0                           00000FEC
PREINC1                           00000FE4
PREINC2                           00000FDC
PROD                              00000FF3
PRODH                             00000FF4
PRODL                             00000FF3
PRSEN                             00000007
PSA                               00000003
PSP0                              00000000
PSP1                              00000001
PSP2                              00000002
PSP3                              00000003
PSP4                              00000004
PSP5                              00000005
PSP6                              00000006
PSP7                              00000007
PSPIE                             00000007
PSPIF                             00000007
PSPIP                             00000007
PSPMODE                           00000004
PSSAC0                            00000002
PSSAC1                            00000003
PSSBD0                            00000000
PSSBD1                            00000001
PWM1CON                           00000FB7
QUOTIENT                          00000130
R                                 00000002
RA0                               00000000
RA1                               00000001
RA2                               00000002
RA3                               00000003
RA4                               00000004
RA5                               00000005
RA6                               00000006
RA7                               00000007
RB0                               00000000
RB1                               00000001
RB2                               00000002
RB3                               00000003
RB4                               00000004
RB5                               00000005
RB6                               00000006
RB7                               00000007
RBIE                              00000003
RBIF                              00000000
RBIP                              00000000
RBPU                              00000007
MPASM 5.81                       STU_VER.ASM   11-19-2018  22:43:27         PAGE 24


SYMBOL TABLE
  LABEL                             VALUE 

RC0                               00000000
RC1                               00000001
RC2                               00000002
RC3                               00000003
RC4                               00000004
RC5                               00000005
RC6                               00000006
RC7                               00000007
RCEN                              00000003
RCIDL                             00000006
RCIE                              00000005
RCIF                              00000005
RCIP                              00000005
RCMT                              00000006
RCON                              00000FD0
RCREG                             00000FAE
RCSTA                             00000FAB
RD                                00000000
RD0                               00000000
RD1                               00000001
RD16                              00000007
RD2                               00000002
RD3                               00000003
RD4                               00000004
RD5                               00000005
RD6                               00000006
RD7                               00000007
RE0                               00000000
RE1                               00000001
RE2                               00000002
RE3                               00000003
REMAINDERH                        00000120
REMAINDERL                        00000121
RI                                00000004
RSEN                              00000001
RX                                00000007
RX9                               00000006
RX9D                              00000000
RXDTP                             00000005
R_NOT_W                           00000002
R_W                               00000002
S                                 00000003
SBOREN                            00000006
SCK                               00000003
SCKP                              00000004
SCL                               00000003
SCS0                              00000000
SCS1                              00000001
SDA                               00000004
SDI                               00000004
SDO                               00000005
SEN                               00000000
SENDB                             00000003
MPASM 5.81                       STU_VER.ASM   11-19-2018  22:43:27         PAGE 25


SYMBOL TABLE
  LABEL                             VALUE 

SMP                               00000007
SP0                               00000000
SP1                               00000001
SP2                               00000002
SP3                               00000003
SP4                               00000004
SPBRG                             00000FAF
SPBRGH                            00000FB0
SPEN                              00000007
SREN                              00000005
SS                                00000005
SSPADD                            00000FC8
SSPBUF                            00000FC9
SSPCON1                           00000FC6
SSPCON2                           00000FC5
SSPEN                             00000005
SSPIE                             00000003
SSPIF                             00000003
SSPIP                             00000003
SSPM0                             00000000
SSPM1                             00000001
SSPM2                             00000002
SSPM3                             00000003
SSPOV                             00000006
SSPSTAT                           00000FC7
STATUS                            00000FD8
STKFUL                            00000007
STKOVF                            00000007
STKPTR                            00000FFC
STKUNF                            00000006
SWDTE                             00000000
SWDTEN                            00000000
SWITCH                            PORTA, 4
SYNC                              00000004
T016BIT                           00000006
T08BIT                            00000006
T0CKI                             00000004
T0CON                             00000FD5
T0CS                              00000005
T0IE                              00000005
T0IF                              00000002
T0PS0                             00000000
T0PS1                             00000001
T0PS2                             00000002
T0PS3                             00000003
T0SE                              00000004
T13CKI                            00000000
T1CKI                             00000000
T1CKPS0                           00000004
T1CKPS1                           00000005
T1CON                             00000FCD
T1OSCEN                           00000003
T1OSI                             00000001
MPASM 5.81                       STU_VER.ASM   11-19-2018  22:43:27         PAGE 26


SYMBOL TABLE
  LABEL                             VALUE 

T1OSO                             00000000
T1RUN                             00000006
T1SYNC                            00000002
T2CKPS0                           00000000
T2CKPS1                           00000001
T2CON                             00000FCA
T2OUTPS0                          00000003
T2OUTPS1                          00000004
T2OUTPS2                          00000005
T2OUTPS3                          00000006
T3CCP1                            00000003
T3CCP2                            00000006
T3CKPS0                           00000004
T3CKPS1                           00000005
T3CON                             00000FB1
T3SYNC                            00000002
TABLAT                            00000FF5
TBLPTR                            00000FF6
TBLPTRH                           00000FF7
TBLPTRL                           00000FF6
TBLPTRU                           00000FF8
TMR0                              00000FD6
TMR0H                             00000FD7
TMR0IE                            00000005
TMR0IF                            00000002
TMR0IP                            00000002
TMR0L                             00000FD6
TMR0ON                            00000007
TMR1                              00000FCE
TMR1CS                            00000001
TMR1H                             00000FCF
TMR1IE                            00000000
TMR1IF                            00000000
TMR1IP                            00000000
TMR1L                             00000FCE
TMR1ON                            00000000
TMR2                              00000FCC
TMR2IE                            00000001
TMR2IF                            00000001
TMR2IP                            00000001
TMR2ON                            00000002
TMR3                              00000FB2
TMR3CS                            00000001
TMR3H                             00000FB3
TMR3IE                            00000001
TMR3IF                            00000001
TMR3IP                            00000001
TMR3L                             00000FB2
TMR3ON                            00000000
TO                                00000003
TOS                               00000FFD
TOSH                              00000FFE
TOSL                              00000FFD
MPASM 5.81                       STU_VER.ASM   11-19-2018  22:43:27         PAGE 27


SYMBOL TABLE
  LABEL                             VALUE 

TOSU                              00000FFF
TOUTPS0                           00000003
TOUTPS1                           00000004
TOUTPS2                           00000005
TOUTPS3                           00000006
TRISA                             00000F92
TRISA0                            00000000
TRISA1                            00000001
TRISA2                            00000002
TRISA3                            00000003
TRISA4                            00000004
TRISA5                            00000005
TRISA6                            00000006
TRISA7                            00000007
TRISB                             00000F93
TRISB0                            00000000
TRISB1                            00000001
TRISB2                            00000002
TRISB3                            00000003
TRISB4                            00000004
TRISB5                            00000005
TRISB6                            00000006
TRISB7                            00000007
TRISC                             00000F94
TRISC0                            00000000
TRISC1                            00000001
TRISC2                            00000002
TRISC3                            00000003
TRISC4                            00000004
TRISC5                            00000005
TRISC6                            00000006
TRISC7                            00000007
TRISD                             00000F95
TRISD0                            00000000
TRISD1                            00000001
TRISD2                            00000002
TRISD3                            00000003
TRISD4                            00000004
TRISD5                            00000005
TRISD6                            00000006
TRISD7                            00000007
TRISE                             00000F96
TRISE0                            00000000
TRISE1                            00000001
TRISE2                            00000002
TRMT                              00000001
TUN0                              00000000
TUN1                              00000001
TUN2                              00000002
TUN3                              00000003
TUN4                              00000004
TX                                00000006
TX9                               00000006
MPASM 5.81                       STU_VER.ASM   11-19-2018  22:43:27         PAGE 28


SYMBOL TABLE
  LABEL                             VALUE 

TX9D                              00000000
TXCKP                             00000004
TXEN                              00000005
TXIE                              00000004
TXIF                              00000004
TXIP                              00000004
TXREG                             00000FAD
TXSTA                             00000FAC
Transfer                          00000316
UA                                00000001
VCFG0                             00000004
VCFG1                             00000005
VDIRMAG                           00000007
VPP                               00000003
VREFN                             00000002
VREFP                             00000003
W                                 00000000
WCOL                              00000007
WDTCON                            00000FD1
WR                                00000001
WREG                              00000FE8
WREN                              00000002
WRERR                             00000003
WUE                               00000001
Z                                 00000002
_BOREN_NOSLP_2L                   000000FD
_BOREN_OFF_2L                     000000F9
_BOREN_ON_2L                      000000FB
_BOREN_SBORDIS_2L                 000000FF
_BORV_0_2L                        000000E7
_BORV_1_2L                        000000EF
_BORV_2_2L                        000000F7
_BORV_3_2L                        000000FF
_CCP2MX_PORTBE_3H                 000000FE
_CCP2MX_PORTC_3H                  000000FF
_CONFIG1H                         00300001
_CONFIG2H                         00300003
_CONFIG2L                         00300002
_CONFIG3H                         00300005
_CONFIG4L                         00300006
_CONFIG5H                         00300009
_CONFIG5L                         00300008
_CONFIG6H                         0030000B
_CONFIG6L                         0030000A
_CONFIG7H                         0030000D
_CONFIG7L                         0030000C
_CP0_OFF_5L                       000000FF
_CP0_ON_5L                        000000FE
_CP1_OFF_5L                       000000FF
_CP1_ON_5L                        000000FD
_CP2_OFF_5L                       000000FF
_CP2_ON_5L                        000000FB
_CP3_OFF_5L                       000000FF
MPASM 5.81                       STU_VER.ASM   11-19-2018  22:43:27         PAGE 29


SYMBOL TABLE
  LABEL                             VALUE 

_CP3_ON_5L                        000000F7
_CPB_OFF_5H                       000000FF
_CPB_ON_5H                        000000BF
_CPD_OFF_5H                       000000FF
_CPD_ON_5H                        0000007F
_DEBUG_OFF_4L                     000000FF
_DEBUG_ON_4L                      0000007F
_DEVID1                           003FFFFE
_DEVID2                           003FFFFF
_EBTR0_OFF_7L                     000000FF
_EBTR0_ON_7L                      000000FE
_EBTR1_OFF_7L                     000000FF
_EBTR1_ON_7L                      000000FD
_EBTR2_OFF_7L                     000000FF
_EBTR2_ON_7L                      000000FB
_EBTR3_OFF_7L                     000000FF
_EBTR3_ON_7L                      000000F7
_EBTRB_OFF_7H                     000000FF
_EBTRB_ON_7H                      000000BF
_FCMEN_OFF_1H                     000000BF
_FCMEN_ON_1H                      000000FF
_IDLOC0                           00200000
_IDLOC1                           00200001
_IDLOC2                           00200002
_IDLOC3                           00200003
_IDLOC4                           00200004
_IDLOC5                           00200005
_IDLOC6                           00200006
_IDLOC7                           00200007
_IESO_OFF_1H                      0000007F
_IESO_ON_1H                       000000FF
_LPT1OSC_OFF_3H                   000000FB
_LPT1OSC_ON_3H                    000000FF
_LVP_OFF_4L                       000000FB
_LVP_ON_4L                        000000FF
_MCLRE_OFF_3H                     0000007F
_MCLRE_ON_3H                      000000FF
_OSC_ECIO6_1H                     000000F5
_OSC_EC_1H                        000000F4
_OSC_HSPLL_1H                     000000F6
_OSC_HS_1H                        000000F2
_OSC_INTIO67_1H                   000000F8
_OSC_INTIO7_1H                    000000F9
_OSC_LP_1H                        000000F0
_OSC_RCIO6_1H                     000000F7
_OSC_RC_1H                        000000F3
_OSC_XT_1H                        000000F1
_PBADEN_OFF_3H                    000000FD
_PBADEN_ON_3H                     000000FF
_PWRT_OFF_2L                      000000FF
_PWRT_ON_2L                       000000FE
_STVREN_OFF_4L                    000000FE
_STVREN_ON_4L                     000000FF
MPASM 5.81                       STU_VER.ASM   11-19-2018  22:43:27         PAGE 30


SYMBOL TABLE
  LABEL                             VALUE 

_WDTPS_1024_2H                    000000F5
_WDTPS_128_2H                     000000EF
_WDTPS_16384_2H                   000000FD
_WDTPS_16_2H                      000000E9
_WDTPS_1_2H                       000000E1
_WDTPS_2048_2H                    000000F7
_WDTPS_256_2H                     000000F1
_WDTPS_2_2H                       000000E3
_WDTPS_32768_2H                   000000FF
_WDTPS_32_2H                      000000EB
_WDTPS_4096_2H                    000000F9
_WDTPS_4_2H                       000000E5
_WDTPS_512_2H                     000000F3
_WDTPS_64_2H                      000000ED
_WDTPS_8192_2H                    000000FB
_WDTPS_8_2H                       000000E7
_WDT_OFF_2H                       000000FE
_WDT_ON_2H                        000000FF
_WRT0_OFF_6L                      000000FF
_WRT0_ON_6L                       000000FE
_WRT1_OFF_6L                      000000FF
_WRT1_ON_6L                       000000FD
_WRT2_OFF_6L                      000000FF
_WRT2_ON_6L                       000000FB
_WRT3_OFF_6L                      000000FF
_WRT3_ON_6L                       000000F7
_WRTB_OFF_6H                      000000FF
_WRTB_ON_6H                       000000BF
_WRTC_OFF_6H                      000000FF
_WRTC_ON_6H                       000000DF
_WRTD_OFF_6H                      000000FF
_WRTD_ON_6H                       0000007F
_XINST_OFF_4L                     000000BF
_XINST_ON_4L                      000000FF
__18F4520                         00000001
__DEBUG                           
button1                           000000B0
button2                           000001E2
forever                           0000009E
isr                               0000031C
less                              0000006A
loop                              0000004A
mainLoop                          00000316
next                              0000006E
q_blink                           00000318
r_blink                           0000031A
rrcf4time                         
temp                              00000140

Errors   :     0
Warnings :    56 reported,     0 suppressed
Messages :     0 reported,     0 suppressed

