

Microchip Technology PIC18 LITE Macro Assembler V2.00 build -1524193055 
                                                                                               Mon Dec 03 19:13:46 2018

Microchip Technology Omniscient Code Generator v2.00 (Free mode) build 20180527130849
     1  0000                     
     2                           ; Version 2.00
     3                           ; Generated 27/05/2018 GMT
     4                           
     5                           ; 
     6                           ; Copyright © 2018, Microchip Technology Inc. and its subsidiaries ("Microchip")
     7                           ; All rights reserved.
     8                           ; 
     9                           ; This software is developed by Microchip Technology Inc. and its subsidiaries ("Microch
                                 ip").
    10                           ; 
    11                           ; Redistribution and use in source and binary forms, with or without modification, are
    12                           ; permitted provided that the following conditions are met:
    13                           ; 
    14                           ;     1. Redistributions of source code must retain the above copyright notice, this lis
                                 t of
    15                           ;        conditions and the following disclaimer.
    16                           ; 
    17                           ;     2. Redistributions in binary form must reproduce the above copyright notice, this 
                                 list
    18                           ;        of conditions and the following disclaimer in the documentation and/or other
    19                           ;        materials provided with the distribution.
    20                           ; 
    21                           ;     3. Microchip's name may not be used to endorse or promote products derived from th
                                 is
    22                           ;        software without specific prior written permission.
    23                           ; 
    24                           ; THIS SOFTWARE IS PROVIDED BY MICROCHIP "AS IS" AND ANY EXPRESS OR IMPLIED WARRANTIES,

    25                           ; INCLUDING, BUT NOT LIMITED TO, THE IMPLIED WARRANTIES OF MERCHANTABILITY AND FITNESS F
                                 OR
    26                           ; PURPOSE ARE DISCLAIMED.  IN NO EVENT SHALL MICROCHIP BE LIABLE FOR ANY DIRECT, INDIREC
                                 T,
    27                           ; INCIDENTAL, SPECIAL, EXEMPLARY, OR CONSEQUENTIAL DAMAGES (INCLUDING BUT NOT LIMITED TO
                                 
    28                           ; PROCUREMENT OF SUBSTITUTE GOODS OR SERVICES; LOSS OF USE, DATA OR PROFITS; OR BUSINESS
                                 
    29                           ; INTERRUPTION) HOWSOEVER CAUSED AND ON ANY THEORY OF LIABILITY, WHETHER IN CONTRACT, ST
                                 RICT
    30                           ; LIABILITY, OR TORT (INCLUDING NEGLIGENCE OR OTHERWISE) ARISING IN ANY WAY OUT OF THE U
                                 SE OF
    31                           ; THIS SOFTWARE, EVEN IF ADVISED OF THE POSSIBILITY OF SUCH DAMAGE.
    32                           ; 
    33                           
    34                           
    35                           ; 
    36                           ; Code-generator required, PIC18F4520 Definitions
    37                           ; 
    38  0000                     fsr0 equ 0FE9h
    39  0000                     fsr0h equ 0FEAh
    40  0000                     fsr0l equ 0FE9h
    41  0000                     fsr1 equ 0FE1h
    42  0000                     fsr1h equ 0FE2h
    43  0000                     fsr1l equ 0FE1h
    44  0000                     fsr2 equ 0FD9h
    45  0000                     fsr2h equ 0FDAh
    46  0000                     fsr2l equ 0FD9h
    47  0000                     indf0 equ 0FEFh
    48  0000                     indf1 equ 0FE7h
    49  0000                     indf2 equ 0FDFh
    50  0000                     intcon equ 0FF2h
    51  0000                     nvmcon equ 00h
    52  0000                     pcl equ 0FF9h
    53  0000                     pclath equ 0FFAh
    54  0000                     pclatu equ 0FFBh
    55  0000                     plusw0 equ 0FEBh
    56  0000                     plusw1 equ 0FE3h
    57  0000                     plusw2 equ 0FDBh
    58  0000                     postdec0 equ 0FEDh
    59  0000                     postdec1 equ 0FE5h
    60  0000                     postdec2 equ 0FDDh
    61  0000                     postinc0 equ 0FEEh
    62  0000                     postinc1 equ 0FE6h
    63  0000                     postinc2 equ 0FDEh
    64  0000                     preinc0 equ 0FECh
    65  0000                     preinc1 equ 0FE4h
    66  0000                     preinc2 equ 0FDCh
    67  0000                     prod equ 0FF3h
    68  0000                     prodh equ 0FF4h
    69  0000                     prodl equ 0FF3h
    70  0000                     status equ 0FD8h
    71  0000                     tablat equ 0FF5h
    72  0000                     tblptr equ 0FF6h
    73  0000                     tblptrh equ 0FF7h
    74  0000                     tblptrl equ 0FF6h
    75  0000                     tblptru equ 0FF8h
    76  0000                     tosl equ 0FFDh
    77  0000                     wreg equ 0FE8h
    78  0000                     
     2                           opt pagewidth 120
     3  0000                     byte0	macro	val
     4                           	(getbyte(val,0))
     5                           endm
     6  0000                     byte1	macro	val
     7                           	(getbyte(val,1))
     8                           endm
     9  0000                     byte2	macro	val
    10                           	(getbyte(val,2))
    11                           endm
    12  0000                     byte3	macro	val
    13                           	(getbyte(val,3))
    14                           endm
    15  0000                     byte4	macro	val
    16                           	(getbyte(val,4))
    17                           endm
    18  0000                     byte5	macro	val
    19                           	(getbyte(val,5))
    20                           endm
    21  0000                     byte6	macro	val
    22                           	(getbyte(val,6))
    23                           endm
    24  0000                     byte7	macro	val
    25                           	(getbyte(val,7))
    26                           endm
    27  0000                     getword	macro	val,pos
    28                           	(((val) >> (8 * pos)) and 0xffff)
    29                           endm
    30  0000                     word0	macro	val
    31                           	(getword(val,0))
    32                           endm
    33  0000                     word1	macro	val
    34                           	(getword(val,2))
    35                           endm
    36  0000                     word2	macro	val
    37                           	(getword(val,4))
    38                           endm
    39  0000                     word3	macro	val
    40                           	(getword(val,6))
    41                           endm
    42  0000                     gettword	macro	val,pos
    43                           	(((val) >> (8 * pos)) and 0xffffff)
    44                           endm
    45  0000                     tword0	macro	val
    46                           	(gettword(val,0))
    47                           endm
    48  0000                     tword1	macro	val
    49                           	(gettword(val,3))
    50                           endm
    51  0000                     tword2	macro	val
    52                           	(gettword(val,6))
    53                           endm
    54  0000                     getdword	macro	val,pos
    55                           	(((val) >> (8 * pos)) and 0xffffffff)
    56                           endm
    57  0000                     dword0	macro	val
    58                           	(getdword(val,0))
    59                           endm
    60  0000                     dword1	macro	val
    61                           	(getdword(val,4))
    62                           endm
    63  0000                     clrc   macro
    64                           	bcf	status,0
    65                           endm
    66  0000                     setc   macro
    67                           	bsf	status,0
    68                           endm
    69  0000                     clrz   macro
    70                           	bcf	status,2
    71                           endm
    72  0000                     setz   macro
    73                           	bsf	status,2
    74                           endm
    75  0000                     skipnz macro
    76                           	btfsc	status,2
    77                           endm
    78  0000                     skipz  macro
    79                           	btfss	status,2
    80                           endm
    81  0000                     skipnc macro
    82                           	btfsc	status,0
    83                           endm
    84  0000                     skipc  macro
    85                           	btfss	status,0
    86                           endm
    87  0000                     pushw macro
    88                           	movwf postinc1
    89                           endm
    90  0000                     pushf macro arg1
    91                           	movff arg1, postinc1
    92                           endm
    93  0000                     popw macro
    94                           	movf postdec1,f
    95                           	movf indf1,w
    96                           endm
    97  0000                     popf macro arg1
    98                           	movf postdec1,f
    99                           	movff indf1,arg1
   100                           endm
   101  0000                     popfc macro arg1
   102                           	movff plusw1,arg1
   103                           	decfsz fsr1,f
   104                           endm
   105  0000                     	global	__ramtop
   106                           	global	__accesstop
   107                           # 54 "C:\Program Files (x86)\Microchip\xc8\v2.00\pic\include\pic18f4520.h"
   108                           PORTA equ 0F80h ;# 
   109  0000                     # 273 "C:\Program Files (x86)\Microchip\xc8\v2.00\pic\include\pic18f4520.h"
   110                           PORTB equ 0F81h ;# 
   111  0000                     # 452 "C:\Program Files (x86)\Microchip\xc8\v2.00\pic\include\pic18f4520.h"
   112                           PORTC equ 0F82h ;# 
   113  0000                     # 634 "C:\Program Files (x86)\Microchip\xc8\v2.00\pic\include\pic18f4520.h"
   114                           PORTD equ 0F83h ;# 
   115  0000                     # 776 "C:\Program Files (x86)\Microchip\xc8\v2.00\pic\include\pic18f4520.h"
   116                           PORTE equ 0F84h ;# 
   117  0000                     # 979 "C:\Program Files (x86)\Microchip\xc8\v2.00\pic\include\pic18f4520.h"
   118                           LATA equ 0F89h ;# 
   119  0000                     # 1091 "C:\Program Files (x86)\Microchip\xc8\v2.00\pic\include\pic18f4520.h"
   120                           LATB equ 0F8Ah ;# 
   121  0000                     # 1203 "C:\Program Files (x86)\Microchip\xc8\v2.00\pic\include\pic18f4520.h"
   122                           LATC equ 0F8Bh ;# 
   123  0000                     # 1315 "C:\Program Files (x86)\Microchip\xc8\v2.00\pic\include\pic18f4520.h"
   124                           LATD equ 0F8Ch ;# 
   125  0000                     # 1427 "C:\Program Files (x86)\Microchip\xc8\v2.00\pic\include\pic18f4520.h"
   126                           LATE equ 0F8Dh ;# 
   127  0000                     # 1479 "C:\Program Files (x86)\Microchip\xc8\v2.00\pic\include\pic18f4520.h"
   128                           TRISA equ 0F92h ;# 
   129  0000                     # 1484 "C:\Program Files (x86)\Microchip\xc8\v2.00\pic\include\pic18f4520.h"
   130                           DDRA equ 0F92h ;# 
   131  0000                     # 1701 "C:\Program Files (x86)\Microchip\xc8\v2.00\pic\include\pic18f4520.h"
   132                           TRISB equ 0F93h ;# 
   133  0000                     # 1706 "C:\Program Files (x86)\Microchip\xc8\v2.00\pic\include\pic18f4520.h"
   134                           DDRB equ 0F93h ;# 
   135  0000                     # 1923 "C:\Program Files (x86)\Microchip\xc8\v2.00\pic\include\pic18f4520.h"
   136                           TRISC equ 0F94h ;# 
   137  0000                     # 1928 "C:\Program Files (x86)\Microchip\xc8\v2.00\pic\include\pic18f4520.h"
   138                           DDRC equ 0F94h ;# 
   139  0000                     # 2145 "C:\Program Files (x86)\Microchip\xc8\v2.00\pic\include\pic18f4520.h"
   140                           TRISD equ 0F95h ;# 
   141  0000                     # 2150 "C:\Program Files (x86)\Microchip\xc8\v2.00\pic\include\pic18f4520.h"
   142                           DDRD equ 0F95h ;# 
   143  0000                     # 2367 "C:\Program Files (x86)\Microchip\xc8\v2.00\pic\include\pic18f4520.h"
   144                           TRISE equ 0F96h ;# 
   145  0000                     # 2372 "C:\Program Files (x86)\Microchip\xc8\v2.00\pic\include\pic18f4520.h"
   146                           DDRE equ 0F96h ;# 
   147  0000                     # 2531 "C:\Program Files (x86)\Microchip\xc8\v2.00\pic\include\pic18f4520.h"
   148                           OSCTUNE equ 0F9Bh ;# 
   149  0000                     # 2596 "C:\Program Files (x86)\Microchip\xc8\v2.00\pic\include\pic18f4520.h"
   150                           PIE1 equ 0F9Dh ;# 
   151  0000                     # 2673 "C:\Program Files (x86)\Microchip\xc8\v2.00\pic\include\pic18f4520.h"
   152                           PIR1 equ 0F9Eh ;# 
   153  0000                     # 2750 "C:\Program Files (x86)\Microchip\xc8\v2.00\pic\include\pic18f4520.h"
   154                           IPR1 equ 0F9Fh ;# 
   155  0000                     # 2827 "C:\Program Files (x86)\Microchip\xc8\v2.00\pic\include\pic18f4520.h"
   156                           PIE2 equ 0FA0h ;# 
   157  0000                     # 2893 "C:\Program Files (x86)\Microchip\xc8\v2.00\pic\include\pic18f4520.h"
   158                           PIR2 equ 0FA1h ;# 
   159  0000                     # 2959 "C:\Program Files (x86)\Microchip\xc8\v2.00\pic\include\pic18f4520.h"
   160                           IPR2 equ 0FA2h ;# 
   161  0000                     # 3025 "C:\Program Files (x86)\Microchip\xc8\v2.00\pic\include\pic18f4520.h"
   162                           EECON1 equ 0FA6h ;# 
   163  0000                     # 3091 "C:\Program Files (x86)\Microchip\xc8\v2.00\pic\include\pic18f4520.h"
   164                           EECON2 equ 0FA7h ;# 
   165  0000                     # 3098 "C:\Program Files (x86)\Microchip\xc8\v2.00\pic\include\pic18f4520.h"
   166                           EEDATA equ 0FA8h ;# 
   167  0000                     # 3105 "C:\Program Files (x86)\Microchip\xc8\v2.00\pic\include\pic18f4520.h"
   168                           EEADR equ 0FA9h ;# 
   169  0000                     # 3112 "C:\Program Files (x86)\Microchip\xc8\v2.00\pic\include\pic18f4520.h"
   170                           RCSTA equ 0FABh ;# 
   171  0000                     # 3117 "C:\Program Files (x86)\Microchip\xc8\v2.00\pic\include\pic18f4520.h"
   172                           RCSTA1 equ 0FABh ;# 
   173  0000                     # 3322 "C:\Program Files (x86)\Microchip\xc8\v2.00\pic\include\pic18f4520.h"
   174                           TXSTA equ 0FACh ;# 
   175  0000                     # 3327 "C:\Program Files (x86)\Microchip\xc8\v2.00\pic\include\pic18f4520.h"
   176                           TXSTA1 equ 0FACh ;# 
   177  0000                     # 3578 "C:\Program Files (x86)\Microchip\xc8\v2.00\pic\include\pic18f4520.h"
   178                           TXREG equ 0FADh ;# 
   179  0000                     # 3583 "C:\Program Files (x86)\Microchip\xc8\v2.00\pic\include\pic18f4520.h"
   180                           TXREG1 equ 0FADh ;# 
   181  0000                     # 3590 "C:\Program Files (x86)\Microchip\xc8\v2.00\pic\include\pic18f4520.h"
   182                           RCREG equ 0FAEh ;# 
   183  0000                     # 3595 "C:\Program Files (x86)\Microchip\xc8\v2.00\pic\include\pic18f4520.h"
   184                           RCREG1 equ 0FAEh ;# 
   185  0000                     # 3602 "C:\Program Files (x86)\Microchip\xc8\v2.00\pic\include\pic18f4520.h"
   186                           SPBRG equ 0FAFh ;# 
   187  0000                     # 3607 "C:\Program Files (x86)\Microchip\xc8\v2.00\pic\include\pic18f4520.h"
   188                           SPBRG1 equ 0FAFh ;# 
   189  0000                     # 3614 "C:\Program Files (x86)\Microchip\xc8\v2.00\pic\include\pic18f4520.h"
   190                           SPBRGH equ 0FB0h ;# 
   191  0000                     # 3621 "C:\Program Files (x86)\Microchip\xc8\v2.00\pic\include\pic18f4520.h"
   192                           T3CON equ 0FB1h ;# 
   193  0000                     # 3733 "C:\Program Files (x86)\Microchip\xc8\v2.00\pic\include\pic18f4520.h"
   194                           TMR3 equ 0FB2h ;# 
   195  0000                     # 3740 "C:\Program Files (x86)\Microchip\xc8\v2.00\pic\include\pic18f4520.h"
   196                           TMR3L equ 0FB2h ;# 
   197  0000                     # 3747 "C:\Program Files (x86)\Microchip\xc8\v2.00\pic\include\pic18f4520.h"
   198                           TMR3H equ 0FB3h ;# 
   199  0000                     # 3754 "C:\Program Files (x86)\Microchip\xc8\v2.00\pic\include\pic18f4520.h"
   200                           CMCON equ 0FB4h ;# 
   201  0000                     # 3844 "C:\Program Files (x86)\Microchip\xc8\v2.00\pic\include\pic18f4520.h"
   202                           CVRCON equ 0FB5h ;# 
   203  0000                     # 3923 "C:\Program Files (x86)\Microchip\xc8\v2.00\pic\include\pic18f4520.h"
   204                           ECCP1AS equ 0FB6h ;# 
   205  0000                     # 3928 "C:\Program Files (x86)\Microchip\xc8\v2.00\pic\include\pic18f4520.h"
   206                           ECCPAS equ 0FB6h ;# 
   207  0000                     # 4085 "C:\Program Files (x86)\Microchip\xc8\v2.00\pic\include\pic18f4520.h"
   208                           PWM1CON equ 0FB7h ;# 
   209  0000                     # 4090 "C:\Program Files (x86)\Microchip\xc8\v2.00\pic\include\pic18f4520.h"
   210                           ECCP1DEL equ 0FB7h ;# 
   211  0000                     # 4223 "C:\Program Files (x86)\Microchip\xc8\v2.00\pic\include\pic18f4520.h"
   212                           BAUDCON equ 0FB8h ;# 
   213  0000                     # 4228 "C:\Program Files (x86)\Microchip\xc8\v2.00\pic\include\pic18f4520.h"
   214                           BAUDCTL equ 0FB8h ;# 
   215  0000                     # 4403 "C:\Program Files (x86)\Microchip\xc8\v2.00\pic\include\pic18f4520.h"
   216                           CCP2CON equ 0FBAh ;# 
   217  0000                     # 4482 "C:\Program Files (x86)\Microchip\xc8\v2.00\pic\include\pic18f4520.h"
   218                           CCPR2 equ 0FBBh ;# 
   219  0000                     # 4489 "C:\Program Files (x86)\Microchip\xc8\v2.00\pic\include\pic18f4520.h"
   220                           CCPR2L equ 0FBBh ;# 
   221  0000                     # 4496 "C:\Program Files (x86)\Microchip\xc8\v2.00\pic\include\pic18f4520.h"
   222                           CCPR2H equ 0FBCh ;# 
   223  0000                     # 4503 "C:\Program Files (x86)\Microchip\xc8\v2.00\pic\include\pic18f4520.h"
   224                           CCP1CON equ 0FBDh ;# 
   225  0000                     # 4600 "C:\Program Files (x86)\Microchip\xc8\v2.00\pic\include\pic18f4520.h"
   226                           CCPR1 equ 0FBEh ;# 
   227  0000                     # 4607 "C:\Program Files (x86)\Microchip\xc8\v2.00\pic\include\pic18f4520.h"
   228                           CCPR1L equ 0FBEh ;# 
   229  0000                     # 4614 "C:\Program Files (x86)\Microchip\xc8\v2.00\pic\include\pic18f4520.h"
   230                           CCPR1H equ 0FBFh ;# 
   231  0000                     # 4621 "C:\Program Files (x86)\Microchip\xc8\v2.00\pic\include\pic18f4520.h"
   232                           ADCON2 equ 0FC0h ;# 
   233  0000                     # 4692 "C:\Program Files (x86)\Microchip\xc8\v2.00\pic\include\pic18f4520.h"
   234                           ADCON1 equ 0FC1h ;# 
   235  0000                     # 4777 "C:\Program Files (x86)\Microchip\xc8\v2.00\pic\include\pic18f4520.h"
   236                           ADCON0 equ 0FC2h ;# 
   237  0000                     # 4896 "C:\Program Files (x86)\Microchip\xc8\v2.00\pic\include\pic18f4520.h"
   238                           ADRES equ 0FC3h ;# 
   239  0000                     # 4903 "C:\Program Files (x86)\Microchip\xc8\v2.00\pic\include\pic18f4520.h"
   240                           ADRESL equ 0FC3h ;# 
   241  0000                     # 4910 "C:\Program Files (x86)\Microchip\xc8\v2.00\pic\include\pic18f4520.h"
   242                           ADRESH equ 0FC4h ;# 
   243  0000                     # 4917 "C:\Program Files (x86)\Microchip\xc8\v2.00\pic\include\pic18f4520.h"
   244                           SSPCON2 equ 0FC5h ;# 
   245  0000                     # 5012 "C:\Program Files (x86)\Microchip\xc8\v2.00\pic\include\pic18f4520.h"
   246                           SSPCON1 equ 0FC6h ;# 
   247  0000                     # 5082 "C:\Program Files (x86)\Microchip\xc8\v2.00\pic\include\pic18f4520.h"
   248                           SSPSTAT equ 0FC7h ;# 
   249  0000                     # 5303 "C:\Program Files (x86)\Microchip\xc8\v2.00\pic\include\pic18f4520.h"
   250                           SSPADD equ 0FC8h ;# 
   251  0000                     # 5310 "C:\Program Files (x86)\Microchip\xc8\v2.00\pic\include\pic18f4520.h"
   252                           SSPBUF equ 0FC9h ;# 
   253  0000                     # 5317 "C:\Program Files (x86)\Microchip\xc8\v2.00\pic\include\pic18f4520.h"
   254                           T2CON equ 0FCAh ;# 
   255  0000                     # 5415 "C:\Program Files (x86)\Microchip\xc8\v2.00\pic\include\pic18f4520.h"
   256                           PR2 equ 0FCBh ;# 
   257  0000                     # 5420 "C:\Program Files (x86)\Microchip\xc8\v2.00\pic\include\pic18f4520.h"
   258                           MEMCON equ 0FCBh ;# 
   259  0000                     # 5525 "C:\Program Files (x86)\Microchip\xc8\v2.00\pic\include\pic18f4520.h"
   260                           TMR2 equ 0FCCh ;# 
   261  0000                     # 5532 "C:\Program Files (x86)\Microchip\xc8\v2.00\pic\include\pic18f4520.h"
   262                           T1CON equ 0FCDh ;# 
   263  0000                     # 5635 "C:\Program Files (x86)\Microchip\xc8\v2.00\pic\include\pic18f4520.h"
   264                           TMR1 equ 0FCEh ;# 
   265  0000                     # 5642 "C:\Program Files (x86)\Microchip\xc8\v2.00\pic\include\pic18f4520.h"
   266                           TMR1L equ 0FCEh ;# 
   267  0000                     # 5649 "C:\Program Files (x86)\Microchip\xc8\v2.00\pic\include\pic18f4520.h"
   268                           TMR1H equ 0FCFh ;# 
   269  0000                     # 5656 "C:\Program Files (x86)\Microchip\xc8\v2.00\pic\include\pic18f4520.h"
   270                           RCON equ 0FD0h ;# 
   271  0000                     # 5789 "C:\Program Files (x86)\Microchip\xc8\v2.00\pic\include\pic18f4520.h"
   272                           WDTCON equ 0FD1h ;# 
   273  0000                     # 5817 "C:\Program Files (x86)\Microchip\xc8\v2.00\pic\include\pic18f4520.h"
   274                           HLVDCON equ 0FD2h ;# 
   275  0000                     # 5822 "C:\Program Files (x86)\Microchip\xc8\v2.00\pic\include\pic18f4520.h"
   276                           LVDCON equ 0FD2h ;# 
   277  0000                     # 6087 "C:\Program Files (x86)\Microchip\xc8\v2.00\pic\include\pic18f4520.h"
   278                           OSCCON equ 0FD3h ;# 
   279  0000                     # 6170 "C:\Program Files (x86)\Microchip\xc8\v2.00\pic\include\pic18f4520.h"
   280                           T0CON equ 0FD5h ;# 
   281  0000                     # 6253 "C:\Program Files (x86)\Microchip\xc8\v2.00\pic\include\pic18f4520.h"
   282                           TMR0 equ 0FD6h ;# 
   283  0000                     # 6260 "C:\Program Files (x86)\Microchip\xc8\v2.00\pic\include\pic18f4520.h"
   284                           TMR0L equ 0FD6h ;# 
   285  0000                     # 6267 "C:\Program Files (x86)\Microchip\xc8\v2.00\pic\include\pic18f4520.h"
   286                           TMR0H equ 0FD7h ;# 
   287  0000                     # 6274 "C:\Program Files (x86)\Microchip\xc8\v2.00\pic\include\pic18f4520.h"
   288                           STATUS equ 0FD8h ;# 
   289  0000                     # 6345 "C:\Program Files (x86)\Microchip\xc8\v2.00\pic\include\pic18f4520.h"
   290                           FSR2 equ 0FD9h ;# 
   291  0000                     # 6352 "C:\Program Files (x86)\Microchip\xc8\v2.00\pic\include\pic18f4520.h"
   292                           FSR2L equ 0FD9h ;# 
   293  0000                     # 6359 "C:\Program Files (x86)\Microchip\xc8\v2.00\pic\include\pic18f4520.h"
   294                           FSR2H equ 0FDAh ;# 
   295  0000                     # 6366 "C:\Program Files (x86)\Microchip\xc8\v2.00\pic\include\pic18f4520.h"
   296                           PLUSW2 equ 0FDBh ;# 
   297  0000                     # 6373 "C:\Program Files (x86)\Microchip\xc8\v2.00\pic\include\pic18f4520.h"
   298                           PREINC2 equ 0FDCh ;# 
   299  0000                     # 6380 "C:\Program Files (x86)\Microchip\xc8\v2.00\pic\include\pic18f4520.h"
   300                           POSTDEC2 equ 0FDDh ;# 
   301  0000                     # 6387 "C:\Program Files (x86)\Microchip\xc8\v2.00\pic\include\pic18f4520.h"
   302                           POSTINC2 equ 0FDEh ;# 
   303  0000                     # 6394 "C:\Program Files (x86)\Microchip\xc8\v2.00\pic\include\pic18f4520.h"
   304                           INDF2 equ 0FDFh ;# 
   305  0000                     # 6401 "C:\Program Files (x86)\Microchip\xc8\v2.00\pic\include\pic18f4520.h"
   306                           BSR equ 0FE0h ;# 
   307  0000                     # 6408 "C:\Program Files (x86)\Microchip\xc8\v2.00\pic\include\pic18f4520.h"
   308                           FSR1 equ 0FE1h ;# 
   309  0000                     # 6415 "C:\Program Files (x86)\Microchip\xc8\v2.00\pic\include\pic18f4520.h"
   310                           FSR1L equ 0FE1h ;# 
   311  0000                     # 6422 "C:\Program Files (x86)\Microchip\xc8\v2.00\pic\include\pic18f4520.h"
   312                           FSR1H equ 0FE2h ;# 
   313  0000                     # 6429 "C:\Program Files (x86)\Microchip\xc8\v2.00\pic\include\pic18f4520.h"
   314                           PLUSW1 equ 0FE3h ;# 
   315  0000                     # 6436 "C:\Program Files (x86)\Microchip\xc8\v2.00\pic\include\pic18f4520.h"
   316                           PREINC1 equ 0FE4h ;# 
   317  0000                     # 6443 "C:\Program Files (x86)\Microchip\xc8\v2.00\pic\include\pic18f4520.h"
   318                           POSTDEC1 equ 0FE5h ;# 
   319  0000                     # 6450 "C:\Program Files (x86)\Microchip\xc8\v2.00\pic\include\pic18f4520.h"
   320                           POSTINC1 equ 0FE6h ;# 
   321  0000                     # 6457 "C:\Program Files (x86)\Microchip\xc8\v2.00\pic\include\pic18f4520.h"
   322                           INDF1 equ 0FE7h ;# 
   323  0000                     # 6464 "C:\Program Files (x86)\Microchip\xc8\v2.00\pic\include\pic18f4520.h"
   324                           WREG equ 0FE8h ;# 
   325  0000                     # 6476 "C:\Program Files (x86)\Microchip\xc8\v2.00\pic\include\pic18f4520.h"
   326                           FSR0 equ 0FE9h ;# 
   327  0000                     # 6483 "C:\Program Files (x86)\Microchip\xc8\v2.00\pic\include\pic18f4520.h"
   328                           FSR0L equ 0FE9h ;# 
   329  0000                     # 6490 "C:\Program Files (x86)\Microchip\xc8\v2.00\pic\include\pic18f4520.h"
   330                           FSR0H equ 0FEAh ;# 
   331  0000                     # 6497 "C:\Program Files (x86)\Microchip\xc8\v2.00\pic\include\pic18f4520.h"
   332                           PLUSW0 equ 0FEBh ;# 
   333  0000                     # 6504 "C:\Program Files (x86)\Microchip\xc8\v2.00\pic\include\pic18f4520.h"
   334                           PREINC0 equ 0FECh ;# 
   335  0000                     # 6511 "C:\Program Files (x86)\Microchip\xc8\v2.00\pic\include\pic18f4520.h"
   336                           POSTDEC0 equ 0FEDh ;# 
   337  0000                     # 6518 "C:\Program Files (x86)\Microchip\xc8\v2.00\pic\include\pic18f4520.h"
   338                           POSTINC0 equ 0FEEh ;# 
   339  0000                     # 6525 "C:\Program Files (x86)\Microchip\xc8\v2.00\pic\include\pic18f4520.h"
   340                           INDF0 equ 0FEFh ;# 
   341  0000                     # 6532 "C:\Program Files (x86)\Microchip\xc8\v2.00\pic\include\pic18f4520.h"
   342                           INTCON3 equ 0FF0h ;# 
   343  0000                     # 6624 "C:\Program Files (x86)\Microchip\xc8\v2.00\pic\include\pic18f4520.h"
   344                           INTCON2 equ 0FF1h ;# 
   345  0000                     # 6694 "C:\Program Files (x86)\Microchip\xc8\v2.00\pic\include\pic18f4520.h"
   346                           INTCON equ 0FF2h ;# 
   347  0000                     # 6811 "C:\Program Files (x86)\Microchip\xc8\v2.00\pic\include\pic18f4520.h"
   348                           PROD equ 0FF3h ;# 
   349  0000                     # 6818 "C:\Program Files (x86)\Microchip\xc8\v2.00\pic\include\pic18f4520.h"
   350                           PRODL equ 0FF3h ;# 
   351  0000                     # 6825 "C:\Program Files (x86)\Microchip\xc8\v2.00\pic\include\pic18f4520.h"
   352                           PRODH equ 0FF4h ;# 
   353  0000                     # 6832 "C:\Program Files (x86)\Microchip\xc8\v2.00\pic\include\pic18f4520.h"
   354                           TABLAT equ 0FF5h ;# 
   355  0000                     # 6841 "C:\Program Files (x86)\Microchip\xc8\v2.00\pic\include\pic18f4520.h"
   356                           TBLPTR equ 0FF6h ;# 
   357  0000                     # 6848 "C:\Program Files (x86)\Microchip\xc8\v2.00\pic\include\pic18f4520.h"
   358                           TBLPTRL equ 0FF6h ;# 
   359  0000                     # 6855 "C:\Program Files (x86)\Microchip\xc8\v2.00\pic\include\pic18f4520.h"
   360                           TBLPTRH equ 0FF7h ;# 
   361  0000                     # 6862 "C:\Program Files (x86)\Microchip\xc8\v2.00\pic\include\pic18f4520.h"
   362                           TBLPTRU equ 0FF8h ;# 
   363  0000                     # 6871 "C:\Program Files (x86)\Microchip\xc8\v2.00\pic\include\pic18f4520.h"
   364                           PCLAT equ 0FF9h ;# 
   365  0000                     # 6878 "C:\Program Files (x86)\Microchip\xc8\v2.00\pic\include\pic18f4520.h"
   366                           PC equ 0FF9h ;# 
   367  0000                     # 6885 "C:\Program Files (x86)\Microchip\xc8\v2.00\pic\include\pic18f4520.h"
   368                           PCL equ 0FF9h ;# 
   369  0000                     # 6892 "C:\Program Files (x86)\Microchip\xc8\v2.00\pic\include\pic18f4520.h"
   370                           PCLATH equ 0FFAh ;# 
   371  0000                     # 6899 "C:\Program Files (x86)\Microchip\xc8\v2.00\pic\include\pic18f4520.h"
   372                           PCLATU equ 0FFBh ;# 
   373  0000                     # 6906 "C:\Program Files (x86)\Microchip\xc8\v2.00\pic\include\pic18f4520.h"
   374                           STKPTR equ 0FFCh ;# 
   375  0000                     # 6980 "C:\Program Files (x86)\Microchip\xc8\v2.00\pic\include\pic18f4520.h"
   376                           TOS equ 0FFDh ;# 
   377  0000                     # 6987 "C:\Program Files (x86)\Microchip\xc8\v2.00\pic\include\pic18f4520.h"
   378                           TOSL equ 0FFDh ;# 
   379  0000                     # 6994 "C:\Program Files (x86)\Microchip\xc8\v2.00\pic\include\pic18f4520.h"
   380                           TOSH equ 0FFEh ;# 
   381  0000                     # 7001 "C:\Program Files (x86)\Microchip\xc8\v2.00\pic\include\pic18f4520.h"
   382                           TOSU equ 0FFFh ;# 
   383  0000                     	FNCALL	_main,___awdiv
   384                           	FNROOT	_main
   385                           	global	_init
   386                           psect	nvCOMRAM,class=COMRAM,space=1,noexec
   387                           global __pnvCOMRAM
   388                           __pnvCOMRAM:
   389  00000A                     	global	_init
   390                           _init:
   391  00000A                            ds      2
   392  00000A                     	global	_PORTBbits
   393                           _PORTBbits	set	0xF81
   394  0000                     	global	_T2CONbits
   395                           _T2CONbits	set	0xFCA
   396  0000                     	global	_PR2
   397                           _PR2	set	0xFCB
   398  0000                     	global	_CCPR1L
   399                           _CCPR1L	set	0xFBE
   400  0000                     	global	_CCP1CONbits
   401                           _CCP1CONbits	set	0xFBD
   402  0000                     	global	_LATC
   403                           _LATC	set	0xF8B
   404  0000                     	global	_TRISC
   405                           _TRISC	set	0xF94
   406  0000                     	global	_TRISBbits
   407                           _TRISBbits	set	0xF93
   408  0000                     	global	_OSCCONbits
   409                           _OSCCONbits	set	0xFD3
   410  0000                     ; #config settings
   411                           global __CFG_OSC$INTIO67
   412                           __CFG_OSC$INTIO67 equ 0x0
   413  0000                     global __CFG_WDT$OFF
   414                           __CFG_WDT$OFF equ 0x0
   415  0000                     global __CFG_PBADEN$OFF
   416                           __CFG_PBADEN$OFF equ 0x0
   417  0000                     global __CFG_LVP$OFF
   418                           __CFG_LVP$OFF equ 0x0
   419  0000                     	file	"C:\Users\user\AppData\Local\Temp\s5ks."
   420                           	line	#
   421                           psect	cinit,class=CODE,delta=1,reloc=2
   422                           global __pcinit
   423                           __pcinit:
   424  007E84                     global start_initialization
   425                           start_initialization:
   426  007E84                     
   427                           global __initialization
   428                           __initialization:
   429  007E84                     psect cinit,class=CODE,delta=1
   430                           global end_of_initialization,__end_of__initialization
   431                           
   432                           ;End of C runtime variable initialization code
   433                           
   434                           end_of_initialization:
   435  007E84                     __end_of__initialization:
   436  007E84                     movlb 0
   437  007E84  0100               goto _main	;jump to C main() function
   438  007E86  EF45  F03F         psect	cstackCOMRAM,class=COMRAM,space=1,noexec
   439                           global __pcstackCOMRAM
   440                           __pcstackCOMRAM:
   441  000001                     ?_main:	; 1 bytes @ 0x0
   442  000001                     	global	?___awdiv
   443                           ?___awdiv:	; 2 bytes @ 0x0
   444  000001                     	global	___awdiv@dividend
   445                           ___awdiv@dividend:	; 2 bytes @ 0x0
   446  000001                     	ds   2
   447  000001                     	global	___awdiv@divisor
   448                           ___awdiv@divisor:	; 2 bytes @ 0x2
   449  000003                     	ds   2
   450  000003                     ??___awdiv:	; 1 bytes @ 0x4
   451  000005                     	global	___awdiv@counter
   452                           ___awdiv@counter:	; 1 bytes @ 0x4
   453  000005                     	ds   1
   454  000005                     	global	___awdiv@sign
   455                           ___awdiv@sign:	; 1 bytes @ 0x5
   456  000006                     	ds   1
   457  000006                     	global	___awdiv@quotient
   458                           ___awdiv@quotient:	; 2 bytes @ 0x6
   459  000007                     	ds   2
   460  000007                     ??_main:	; 1 bytes @ 0x8
   461  000009                     	ds   1
   462  000009                     ;!
   463                           ;!Data Sizes:
   464                           ;!    Strings     0
   465                           ;!    Constant    0
   466                           ;!    Data        0
   467                           ;!    BSS         0
   468                           ;!    Persistent  2
   469                           ;!    Stack       0
   470                           ;!
   471                           ;!Auto Spaces:
   472                           ;!    Space          Size  Autos    Used
   473                           ;!    COMRAM          127      9      11
   474                           ;!    BANK0           128      0       0
   475                           ;!    BANK1           256      0       0
   476                           ;!    BANK2           256      0       0
   477                           ;!    BANK3           256      0       0
   478                           ;!    BANK4           256      0       0
   479                           ;!    BANK5           256      0       0
   480                           
   481                           ;!
   482                           ;!Pointer List with Targets:
   483                           ;!
   484                           ;!    None.
   485                           
   486                           
   487                           ;!
   488                           ;!Critical Paths under _main in COMRAM
   489                           ;!
   490                           ;!    _main->___awdiv
   491                           ;!
   492                           ;!Critical Paths under _main in BANK0
   493                           ;!
   494                           ;!    None.
   495                           ;!
   496                           ;!Critical Paths under _main in BANK1
   497                           ;!
   498                           ;!    None.
   499                           ;!
   500                           ;!Critical Paths under _main in BANK2
   501                           ;!
   502                           ;!    None.
   503                           ;!
   504                           ;!Critical Paths under _main in BANK3
   505                           ;!
   506                           ;!    None.
   507                           ;!
   508                           ;!Critical Paths under _main in BANK4
   509                           ;!
   510                           ;!    None.
   511                           ;!
   512                           ;!Critical Paths under _main in BANK5
   513                           ;!
   514                           ;!    None.
   515                           
   516 ;;
   517 ;;Main: autosize = 0, tempsize = 1, incstack = 0, save=0
   518 ;;
   519                           
   520                           ;!
   521                           ;!Call Graph Tables:
   522                           ;!
   523                           ;! ---------------------------------------------------------------------------------
   524                           ;! (Depth) Function   	        Calls       Base Space   Used Autos Params    Refs
   525                           ;! ---------------------------------------------------------------------------------
   526                           ;! (0) _main                                                 1     1      0     452
   527                           ;!                                              8 COMRAM     1     1      0
   528                           ;!                            ___awdiv
   529                           ;! ---------------------------------------------------------------------------------
   530                           ;! (1) ___awdiv                                              8     4      4     452
   531                           ;!                                              0 COMRAM     8     4      4
   532                           ;! ---------------------------------------------------------------------------------
   533                           ;! Estimated maximum stack depth 1
   534                           ;! ---------------------------------------------------------------------------------
   535                           ;!
   536                           ;! Call Graph Graphs:
   537                           ;!
   538                           ;! _main (ROOT)
   539                           ;!   ___awdiv
   540                           ;!
   541                           
   542                           ;! Address spaces:
   543                           
   544                           ;!Name               Size   Autos  Total    Cost      Usage
   545                           ;!BITCOMRAM           7F      0       0       0        0.0%
   546                           ;!EEDATA             100      0       0       0        0.0%
   547                           ;!NULL                 0      0       0       0        0.0%
   548                           ;!CODE                 0      0       0       0        0.0%
   549                           ;!COMRAM              7F      9       B       1        8.7%
   550                           ;!STACK                0      0       0       2        0.0%
   551                           ;!DATA                 0      0       B       3        0.0%
   552                           ;!BITBANK0            80      0       0       4        0.0%
   553                           ;!BANK0               80      0       0       5        0.0%
   554                           ;!BITBANK1           100      0       0       6        0.0%
   555                           ;!BANK1              100      0       0       7        0.0%
   556                           ;!BITBANK2           100      0       0       8        0.0%
   557                           ;!BANK2              100      0       0       9        0.0%
   558                           ;!BITBANK3           100      0       0      10        0.0%
   559                           ;!BANK3              100      0       0      11        0.0%
   560                           ;!BITBANK4           100      0       0      12        0.0%
   561                           ;!BANK4              100      0       0      13        0.0%
   562                           ;!BANK5              100      0       0      14        0.0%
   563                           ;!ABS                  0      0       B      15        0.0%
   564                           ;!BITBANK5           100      0       0      16        0.0%
   565                           ;!BIGRAM             5FF      0       0      17        0.0%
   566                           ;!BITSFR               0      0       0     200        0.0%
   567                           ;!SFR                  0      0       0     200        0.0%
   568                           
   569                           	global	_main
   570                           
   571 ;; *************** function _main *****************
   572 ;; Defined at:
   573 ;;		line 19 in file "newmain.c"
   574 ;; Parameters:    Size  Location     Type
   575 ;;		None
   576 ;; Auto vars:     Size  Location     Type
   577 ;;		None
   578 ;; Return value:  Size  Location     Type
   579 ;;                  1    wreg      void 
   580 ;; Registers used:
   581 ;;		wreg, status,2, status,0, cstack
   582 ;; Tracked objects:
   583 ;;		On entry : 0/0
   584 ;;		On exit  : 0/0
   585 ;;		Unchanged: 0/0
   586 ;; Data sizes:     COMRAM   BANK0   BANK1   BANK2   BANK3   BANK4   BANK5
   587 ;;      Params:         0       0       0       0       0       0       0
   588 ;;      Locals:         0       0       0       0       0       0       0
   589 ;;      Temps:          1       0       0       0       0       0       0
   590 ;;      Totals:         1       0       0       0       0       0       0
   591 ;;Total ram usage:        1 bytes
   592 ;; Hardware stack levels required when called:    1
   593 ;; This function calls:
   594 ;;		___awdiv
   595 ;; This function is called by:
   596 ;;		Startup code after reset
   597 ;; This function uses a non-reentrant model
   598 ;;
   599                           psect	text0,class=CODE,space=0,reloc=2,group=0
   600                           	file	"newmain.c"
   601                           	line	19
   602                           global __ptext0
   603                           __ptext0:
   604  007E8A                     psect	text0
   605                           	file	"newmain.c"
   606                           	line	19
   607                           	global	__size_of_main
   608                           	__size_of_main	equ	__end_of_main-_main
   609  0000                     	
   610                           _main:
   611  007E8A                     ;incstack = 0
   612                           	opt	stack 30
   613                           	line	20
   614                           	
   615                           l807:
   616  007E8A                     ;newmain.c: 20:     OSCCONbits.IRCF2 = 0;
   617                           	bcf	((c:4051)),c,6	;volatile
   618  007E8A  9CD3               	line	21
   619                           ;newmain.c: 21:     OSCCONbits.IRCF1 = 1;
   620                           	bsf	((c:4051)),c,5	;volatile
   621  007E8C  8AD3               	line	22
   622                           ;newmain.c: 22:     OSCCONbits.IRCF0 = 1;
   623                           	bsf	((c:4051)),c,4	;volatile
   624  007E8E  88D3               	line	24
   625                           ;newmain.c: 24:     TRISBbits.RB0 = 1;
   626                           	bsf	((c:3987)),c,0	;volatile
   627  007E90  8093               	line	25
   628                           	
   629                           l809:
   630  007E92                     ;newmain.c: 25:     TRISC = 0;
   631                           	movlw	low(0)
   632  007E92  0E00               	movwf	((c:3988)),c	;volatile
   633  007E94  6E94               	line	26
   634                           ;newmain.c: 26:     LATC = 0;
   635                           	movlw	low(0)
   636  007E96  0E00               	movwf	((c:3979)),c	;volatile
   637  007E98  6E8B               	line	36
   638                           ;newmain.c: 36:     CCP1CONbits.DC1B = 3;
   639                           	movlw	(03h & ((1<<2)-1))<<4
   640  007E9A  0E30               	iorwf	((c:4029)),c	;volatile
   641  007E9C  12BD               	line	37
   642                           ;newmain.c: 37:     CCP1CONbits.CCP1M = 0xc;
   643                           	movf	((c:4029)),c,w	;volatile
   644  007E9E  50BD               	andlw	not (((1<<4)-1)<<0)
   645  007EA0  0BF0               	iorlw	(0Ch & ((1<<4)-1))<<0
   646  007EA2  090C               	movwf	((c:4029)),c	;volatile
   647  007EA4  6EBD               	line	39
   648                           ;newmain.c: 39:     CCPR1L = 18;
   649                           	movlw	low(012h)
   650  007EA6  0E12               	movwf	((c:4030)),c	;volatile
   651  007EA8  6EBE               	line	40
   652                           ;newmain.c: 40:     PR2 = 155;
   653                           	movlw	low(09Bh)
   654  007EAA  0E9B               	movwf	((c:4043)),c	;volatile
   655  007EAC  6ECB               	line	41
   656                           ;newmain.c: 41:     init = 75;
   657                           	movlw	high(04Bh)
   658  007EAE  0E00               	movwf	((c:_init+1)),c	;volatile
   659  007EB0  6E0B               	movlw	low(04Bh)
   660  007EB2  0E4B               	movwf	((c:_init)),c	;volatile
   661  007EB4  6E0A               	line	42
   662                           ;newmain.c: 42:     T2CONbits.T2CKPS = 1;
   663                           	movf	((c:4042)),c,w	;volatile
   664  007EB6  50CA               	andlw	not (((1<<2)-1)<<0)
   665  007EB8  0BFC               	iorlw	(01h & ((1<<2)-1))<<0
   666  007EBA  0901               	movwf	((c:4042)),c	;volatile
   667  007EBC  6ECA               	line	43
   668                           	
   669                           l811:
   670  007EBE                     ;newmain.c: 43:     T2CONbits.TMR2ON = 1;
   671                           	bsf	((c:4042)),c,2	;volatile
   672  007EBE  84CA               	goto	l813
   673  007EC0  EF62  F03F         	line	46
   674                           ;newmain.c: 46:     while(1){
   675                           	
   676                           l25:
   677  007EC4                     	line	47
   678                           	
   679                           l813:
   680  007EC4                     ;newmain.c: 47:         if(PORTBbits.RB0 == 0){
   681                           	btfsc	((c:3969)),c,0	;volatile
   682  007EC4  B081               	goto	u141
   683  007EC6  EF67  F03F         	goto	u140
   684  007ECA  EF69  F03F         u141:
   685  007ECE                     	goto	l813
   686  007ECE  EF62  F03F         u140:
   687  007ED2                     	line	48
   688                           	
   689                           l815:
   690  007ED2                     ;newmain.c: 48:             --init;
   691                           	decf	((c:_init)),c	;volatile
   692  007ED2  060A               	btfss	status,0
   693  007ED4  A0D8               	decf	((c:_init+1)),c	;volatile
   694  007ED6  060B               	line	49
   695                           	
   696                           l817:
   697  007ED8                     ;newmain.c: 49:             CCPR1L = init / 4;
   698                           	movff	(c:_init),(c:___awdiv@dividend)	;volatile
   699  007ED8  C00A  F001         	movff	(c:_init+1),(c:___awdiv@dividend+1)	;volatile
   700  007EDC  C00B  F002         	movlw	high(04h)
   701  007EE0  0E00               	movwf	((c:___awdiv@divisor+1)),c
   702  007EE2  6E04               	movlw	low(04h)
   703  007EE4  0E04               	movwf	((c:___awdiv@divisor)),c
   704  007EE6  6E03               	call	___awdiv	;wreg free
   705  007EE8  EC8A  F03F         	movf	(0+?___awdiv),c,w
   706  007EEC  5001               	movwf	((c:4030)),c	;volatile
   707  007EEE  6EBE               	line	50
   708                           	
   709                           l819:
   710  007EF0                     ;newmain.c: 50:             CCP1CONbits.DC1B = init % 4;
   711                           	movff	(c:_init),??_main+0+0	;volatile
   712  007EF0  C00A  F009         	movlw	03h
   713  007EF4  0E03               	andwf	(??_main+0+0),c
   714  007EF6  1609               	swapf	(??_main+0+0),c
   715  007EF8  3A09               	movf	((c:4029)),c,w	;volatile
   716  007EFA  50BD               	xorwf	(??_main+0+0),c,w
   717  007EFC  1809               	andlw	not (((1<<2)-1)<<4)
   718  007EFE  0BCF               	xorwf	(??_main+0+0),c,w
   719  007F00  1809               	movwf	((c:4029)),c	;volatile
   720  007F02  6EBD               	goto	l813
   721  007F04  EF62  F03F         	line	51
   722                           ;newmain.c: 51:         }
   723                           	
   724                           l26:
   725  007F08                     	goto	l813
   726  007F08  EF62  F03F         	line	53
   727                           ;newmain.c: 53:     }
   728                           	
   729                           l27:
   730  007F0C                     	goto	l813
   731  007F0C  EF62  F03F         	
   732                           l28:
   733  007F10                     	line	55
   734                           ;newmain.c: 54:     return;
   735                           	
   736                           l29:
   737  007F10                     	global	start
   738                           	goto	start
   739  007F10  EF00  F000         	opt stack 0
   740                           GLOBAL	__end_of_main
   741                           	__end_of_main:
   742  007F14                     	signat	_main,89
   743                           	global	___awdiv
   744                           
   745 ;; *************** function ___awdiv *****************
   746 ;; Defined at:
   747 ;;		line 7 in file "C:\Program Files (x86)\Microchip\xc8\v2.00\pic\sources\c99\common\awdiv.c"
   748 ;; Parameters:    Size  Location     Type
   749 ;;  dividend        2    0[COMRAM] int 
   750 ;;  divisor         2    2[COMRAM] int 
   751 ;; Auto vars:     Size  Location     Type
   752 ;;  quotient        2    6[COMRAM] int 
   753 ;;  sign            1    5[COMRAM] unsigned char 
   754 ;;  counter         1    4[COMRAM] unsigned char 
   755 ;; Return value:  Size  Location     Type
   756 ;;                  2    0[COMRAM] int 
   757 ;; Registers used:
   758 ;;		wreg, status,2, status,0
   759 ;; Tracked objects:
   760 ;;		On entry : 0/0
   761 ;;		On exit  : 0/0
   762 ;;		Unchanged: 0/0
   763 ;; Data sizes:     COMRAM   BANK0   BANK1   BANK2   BANK3   BANK4   BANK5
   764 ;;      Params:         4       0       0       0       0       0       0
   765 ;;      Locals:         4       0       0       0       0       0       0
   766 ;;      Temps:          0       0       0       0       0       0       0
   767 ;;      Totals:         8       0       0       0       0       0       0
   768 ;;Total ram usage:        8 bytes
   769 ;; Hardware stack levels used:    1
   770 ;; This function calls:
   771 ;;		Nothing
   772 ;; This function is called by:
   773 ;;		_main
   774 ;; This function uses a non-reentrant model
   775 ;;
   776                           psect	text1,class=CODE,space=0,reloc=2,group=1
   777                           	file	"C:\Program Files (x86)\Microchip\xc8\v2.00\pic\sources\c99\common\awdiv.c"
   778                           	line	7
   779                           global __ptext1
   780                           __ptext1:
   781  007F14                     psect	text1
   782                           	file	"C:\Program Files (x86)\Microchip\xc8\v2.00\pic\sources\c99\common\awdiv.c"
   783                           	line	7
   784                           	global	__size_of___awdiv
   785                           	__size_of___awdiv	equ	__end_of___awdiv-___awdiv
   786  0000                     	
   787                           ___awdiv:
   788  007F14                     ;incstack = 0
   789                           	opt	stack 30
   790                           	line	13
   791                           	
   792                           l763:
   793  007F14                     	movlw	low(0)
   794  007F14  0E00               	movwf	((c:___awdiv@sign)),c
   795  007F16  6E06               	line	14
   796                           	
   797                           l765:
   798  007F18                     	btfsc	((c:___awdiv@divisor+1)),c,7
   799  007F18  BE04               	goto	u80
   800  007F1A  EF93  F03F         	goto	u81
   801  007F1E  EF91  F03F         
   802                           u81:
   803  007F22                     	goto	l771
   804  007F22  EF9B  F03F         u80:
   805  007F26                     	line	15
   806                           	
   807                           l767:
   808  007F26                     	negf	((c:___awdiv@divisor)),c
   809  007F26  6C03               	comf	((c:___awdiv@divisor+1)),c
   810  007F28  1E04               	btfsc	status,0
   811  007F2A  B0D8               	incf	((c:___awdiv@divisor+1)),c
   812  007F2C  2A04               	line	16
   813                           	
   814                           l769:
   815  007F2E                     	movlw	low(01h)
   816  007F2E  0E01               	movwf	((c:___awdiv@sign)),c
   817  007F30  6E06               	goto	l771
   818  007F32  EF9B  F03F         	line	17
   819                           	
   820                           l253:
   821  007F36                     	line	18
   822                           	
   823                           l771:
   824  007F36                     	btfsc	((c:___awdiv@dividend+1)),c,7
   825  007F36  BE02               	goto	u90
   826  007F38  EFA2  F03F         	goto	u91
   827  007F3C  EFA0  F03F         
   828                           u91:
   829  007F40                     	goto	l777
   830  007F40  EFAA  F03F         u90:
   831  007F44                     	line	19
   832                           	
   833                           l773:
   834  007F44                     	negf	((c:___awdiv@dividend)),c
   835  007F44  6C01               	comf	((c:___awdiv@dividend+1)),c
   836  007F46  1E02               	btfsc	status,0
   837  007F48  B0D8               	incf	((c:___awdiv@dividend+1)),c
   838  007F4A  2A02               	line	20
   839                           	
   840                           l775:
   841  007F4C                     	movlw	(01h)&0ffh
   842  007F4C  0E01               	xorwf	((c:___awdiv@sign)),c
   843  007F4E  1A06               	goto	l777
   844  007F50  EFAA  F03F         	line	21
   845                           	
   846                           l254:
   847  007F54                     	line	22
   848                           	
   849                           l777:
   850  007F54                     	movlw	high(0)
   851  007F54  0E00               	movwf	((c:___awdiv@quotient+1)),c
   852  007F56  6E08               	movlw	low(0)
   853  007F58  0E00               	movwf	((c:___awdiv@quotient)),c
   854  007F5A  6E07               	line	23
   855                           	
   856                           l779:
   857  007F5C                     	movf	((c:___awdiv@divisor)),c,w
   858  007F5C  5003               iorwf	((c:___awdiv@divisor+1)),c,w
   859  007F5E  1004               	btfsc	status,2
   860  007F60  B4D8               	goto	u101
   861  007F62  EFB5  F03F         	goto	u100
   862  007F66  EFB7  F03F         
   863                           u101:
   864  007F6A                     	goto	l799
   865  007F6A  EFEB  F03F         u100:
   866  007F6E                     	line	24
   867                           	
   868                           l781:
   869  007F6E                     	movlw	low(01h)
   870  007F6E  0E01               	movwf	((c:___awdiv@counter)),c
   871  007F70  6E05               	line	25
   872                           	goto	l785
   873  007F72  EFC1  F03F         	
   874                           l257:
   875  007F76                     	line	26
   876                           	
   877                           l783:
   878  007F76                     	bcf	status,0
   879  007F76  90D8               	rlcf	((c:___awdiv@divisor)),c
   880  007F78  3603               	rlcf	((c:___awdiv@divisor+1)),c
   881  007F7A  3604               	line	27
   882                           	incf	((c:___awdiv@counter)),c
   883  007F7C  2A05               	goto	l785
   884  007F7E  EFC1  F03F         	line	28
   885                           	
   886                           l256:
   887  007F82                     	line	25
   888                           	
   889                           l785:
   890  007F82                     	
   891                           	btfss	((c:___awdiv@divisor+1)),c,(15)&7
   892  007F82  AE04               	goto	u111
   893  007F84  EFC6  F03F         	goto	u110
   894  007F88  EFC8  F03F         u111:
   895  007F8C                     	goto	l783
   896  007F8C  EFBB  F03F         u110:
   897  007F90                     	goto	l787
   898  007F90  EFCC  F03F         	
   899                           l258:
   900  007F94                     	goto	l787
   901  007F94  EFCC  F03F         	line	29
   902                           	
   903                           l259:
   904  007F98                     	line	30
   905                           	
   906                           l787:
   907  007F98                     	bcf	status,0
   908  007F98  90D8               	rlcf	((c:___awdiv@quotient)),c
   909  007F9A  3607               	rlcf	((c:___awdiv@quotient+1)),c
   910  007F9C  3608               	line	31
   911                           	
   912                           l789:
   913  007F9E                     		movf	((c:___awdiv@divisor)),c,w
   914  007F9E  5003               	subwf	((c:___awdiv@dividend)),c,w
   915  007FA0  5C01               	movf	((c:___awdiv@divisor+1)),c,w
   916  007FA2  5004               	subwfb	((c:___awdiv@dividend+1)),c,w
   917  007FA4  5802               	btfss	status,0
   918  007FA6  A0D8               	goto	u121
   919  007FA8  EFD8  F03F         	goto	u120
   920  007FAC  EFDA  F03F         
   921                           u121:
   922  007FB0                     	goto	l795
   923  007FB0  EFE1  F03F         u120:
   924  007FB4                     	line	32
   925                           	
   926                           l791:
   927  007FB4                     	movf	((c:___awdiv@divisor)),c,w
   928  007FB4  5003               	subwf	((c:___awdiv@dividend)),c
   929  007FB6  5E01               	movf	((c:___awdiv@divisor+1)),c,w
   930  007FB8  5004               	subwfb	((c:___awdiv@dividend+1)),c
   931  007FBA  5A02               
   932                           	line	33
   933                           	
   934                           l793:
   935  007FBC                     	bsf	(0+(0/8)+(c:___awdiv@quotient)),c,(0)&7
   936  007FBC  8007               	goto	l795
   937  007FBE  EFE1  F03F         	line	34
   938                           	
   939                           l260:
   940  007FC2                     	line	35
   941                           	
   942                           l795:
   943  007FC2                     	bcf	status,0
   944  007FC2  90D8               	rrcf	((c:___awdiv@divisor+1)),c
   945  007FC4  3204               	rrcf	((c:___awdiv@divisor)),c
   946  007FC6  3203               	line	36
   947                           	
   948                           l797:
   949  007FC8                     	decfsz	((c:___awdiv@counter)),c
   950  007FC8  2E05               	
   951                           	goto	l787
   952  007FCA  EFCC  F03F         	goto	l799
   953  007FCE  EFEB  F03F         	
   954                           l261:
   955  007FD2                     	goto	l799
   956  007FD2  EFEB  F03F         	line	37
   957                           	
   958                           l255:
   959  007FD6                     	line	38
   960                           	
   961                           l799:
   962  007FD6                     	movf	((c:___awdiv@sign)),c,w
   963  007FD6  5006               	btfsc	status,2
   964  007FD8  B4D8               	goto	u131
   965  007FDA  EFF1  F03F         	goto	u130
   966  007FDE  EFF3  F03F         u131:
   967  007FE2                     	goto	l803
   968  007FE2  EFF9  F03F         u130:
   969  007FE6                     	line	39
   970                           	
   971                           l801:
   972  007FE6                     	negf	((c:___awdiv@quotient)),c
   973  007FE6  6C07               	comf	((c:___awdiv@quotient+1)),c
   974  007FE8  1E08               	btfsc	status,0
   975  007FEA  B0D8               	incf	((c:___awdiv@quotient+1)),c
   976  007FEC  2A08               	goto	l803
   977  007FEE  EFF9  F03F         	
   978                           l262:
   979  007FF2                     	line	40
   980                           	
   981                           l803:
   982  007FF2                     	movff	(c:___awdiv@quotient),(c:?___awdiv)
   983  007FF2  C007  F001         	movff	(c:___awdiv@quotient+1),(c:?___awdiv+1)
   984  007FF6  C008  F002         	goto	l263
   985  007FFA  EFFF  F03F         	
   986                           l805:
   987  007FFE                     	line	41
   988                           	
   989                           l263:
   990  007FFE                     	return	;funcret
   991  007FFE  0012               	opt stack 0
   992                           GLOBAL	__end_of___awdiv
   993                           	__end_of___awdiv:
   994  008000                     	signat	___awdiv,8314
   995                           	GLOBAL	__activetblptr
   996                           __activetblptr	EQU	0
   997  0000                     	psect	intsave_regs,class=BIGRAM,space=1,noexec
   998                           	PSECT	rparam,class=COMRAM,space=1,noexec
   999                           	GLOBAL	__Lrparam
  1000                           	FNCONF	rparam,??,?
  1001                           	GLOBAL	___rparam_used
  1002                           	___rparam_used EQU 1
  1003  0000                     	GLOBAL	___param_bank
  1004                           	___param_bank EQU 0
  1005  0000                     GLOBAL	__Lparam, __Hparam
  1006                           GLOBAL	__Lrparam, __Hrparam
  1007                           __Lparam	EQU	__Lrparam
  1008  0000                     __Hparam	EQU	__Hrparam
  1009  0000                     	end


Data Sizes:
    Strings     0
    Constant    0
    Data        0
    BSS         0
    Persistent  2
    Stack       0

Auto Spaces:
    Space          Size  Autos    Used
    COMRAM          127      9      11
    BANK0           128      0       0
    BANK1           256      0       0
    BANK2           256      0       0
    BANK3           256      0       0
    BANK4           256      0       0
    BANK5           256      0       0

Pointer List with Targets:

    None.

Critical Paths under _main in COMRAM

    _main->___awdiv

Critical Paths under _main in BANK0

    None.

Critical Paths under _main in BANK1

    None.

Critical Paths under _main in BANK2

    None.

Critical Paths under _main in BANK3

    None.

Critical Paths under _main in BANK4

    None.

Critical Paths under _main in BANK5

    None.

Call Graph Tables:

 ---------------------------------------------------------------------------------
 (Depth) Function   	        Calls       Base Space   Used Autos Params    Refs
 ---------------------------------------------------------------------------------
 (0) _main                                                 1     1      0     452
                                              8 COMRAM     1     1      0
                            ___awdiv
 ---------------------------------------------------------------------------------
 (1) ___awdiv                                              8     4      4     452
                                              0 COMRAM     8     4      4
 ---------------------------------------------------------------------------------
 Estimated maximum stack depth 1
 ---------------------------------------------------------------------------------

 Call Graph Graphs:

 _main (ROOT)
   ___awdiv

 Address spaces:
Name               Size   Autos  Total    Cost      Usage
BITCOMRAM           7F      0       0       0        0.0%
EEDATA             100      0       0       0        0.0%
NULL                 0      0       0       0        0.0%
CODE                 0      0       0       0        0.0%
COMRAM              7F      9       B       1        8.7%
STACK                0      0       0       2        0.0%
DATA                 0      0       B       3        0.0%
BITBANK0            80      0       0       4        0.0%
BANK0               80      0       0       5        0.0%
BITBANK1           100      0       0       6        0.0%
BANK1              100      0       0       7        0.0%
BITBANK2           100      0       0       8        0.0%
BANK2              100      0       0       9        0.0%
BITBANK3           100      0       0      10        0.0%
BANK3              100      0       0      11        0.0%
BITBANK4           100      0       0      12        0.0%
BANK4              100      0       0      13        0.0%
BANK5              100      0       0      14        0.0%
ABS                  0      0       B      15        0.0%
BITBANK5           100      0       0      16        0.0%
BIGRAM             5FF      0       0      17        0.0%
BITSFR               0      0       0     200        0.0%
SFR                  0      0       0     200        0.0%


Microchip Technology PIC18 Macro Assembler V2.00 build -1524193055 
Symbol Table                                                                                   Mon Dec 03 19:13:46 2018

                     l25 7EC4                       l26 7F08                       l27 7F0C  
                     l28 7F10                       l29 7F10                       u80 7F26  
                     u81 7F22                       u90 7F44                       u91 7F40  
           ___awdiv@sign 0006                      l260 7FC2                      l261 7FD2  
                    l253 7F36                      l262 7FF2                      l254 7F54  
                    l263 7FFE                      l255 7FD6                      l256 7F82  
                    l257 7F76                      l258 7F94                      l259 7F98  
                    l801 7FE6                      l803 7FF2                      l811 7EBE  
                    l805 7FFE                      l813 7EC4                      l815 7ED2  
                    l807 7E8A                      l817 7ED8                      l809 7E92  
                    l771 7F36                      l763 7F14                      l819 7EF0  
                    l781 7F6E                      l773 7F44                      l765 7F18  
                    l791 7FB4                      l783 7F76                      l775 7F4C  
                    l767 7F26                      l793 7FBC                      l785 7F82  
                    l777 7F54                      l769 7F2E                      l795 7FC2  
                    l787 7F98                      l779 7F5C                      l797 7FC8  
                    l789 7F9E                      l799 7FD6                      u100 7F6E  
                    u101 7F6A                      u110 7F90                      u111 7F8C  
                    u120 7FB4                      u121 7FB0                      u130 7FE6  
                    u131 7FE2                      u140 7ED2                      u141 7ECE  
                    _PR2 000FCB             __CFG_LVP$OFF 000000             __CFG_WDT$OFF 000000  
                   _LATC 000F8B                     _main 7E8A                     _init 000A  
                   start 0000             ___param_bank 000000                    ?_main 0001  
        __end_of___awdiv 8000          ___awdiv@divisor 0003          ___awdiv@counter 0005  
                  _TRISC 000F94                    status 000FD8          __initialization 7E84  
           __end_of_main 7F14                   ??_main 0009            __activetblptr 000000  
                 _CCPR1L 000FBE         ___awdiv@dividend 0001                ??___awdiv 0005  
       ___awdiv@quotient 0007               __accesstop 0080  __end_of__initialization 7E84  
        __CFG_PBADEN$OFF 000000            ___rparam_used 000001           __pcstackCOMRAM 0001  
             __pnvCOMRAM 000A                  __Hparam 0000                  __Lparam 0000  
                ___awdiv 7F14                  __pcinit 7E84                  __ramtop 0600  
                __ptext0 7E8A                  __ptext1 7F14                _T2CONbits 000FCA  
   end_of_initialization 7E84                _PORTBbits 000F81                _TRISBbits 000F93  
            _CCP1CONbits 000FBD      start_initialization 7E84         __CFG_OSC$INTIO67 000000  
               ?___awdiv 0001                 __Hrparam 0000                 __Lrparam 0000  
       __size_of___awdiv 00EC            __size_of_main 008A               _OSCCONbits 000FD3  
